2024-03-15 16:08:29 Arduino IDE 2.3.2
2024-03-15 16:08:29 Checking for frontend application configuration customizations. Module path: /home/nrv/Arduino/arduino-IDE/resources/app/lib/backend/electron-main.js, destination 'package.json': /home/nrv/Arduino/arduino-IDE/resources/app/package.json
2024-03-15 16:08:29 Setting 'theia.frontend.config.appVersion' application configuration value to: "2.3.2" (type of string)
2024-03-15 16:08:29 Setting 'theia.frontend.config.cliVersion' application configuration value to: "0.35.3" (type of string)
2024-03-15 16:08:29 Setting 'theia.frontend.config.buildDate' application configuration value to: "2024-02-20T09:54:08.669Z" (type of string)
2024-03-15 16:08:29 Frontend application configuration after modifications: {"applicationName":"Arduino IDE","defaultTheme":{"light":"arduino-theme","dark":"arduino-theme-dark"},"defaultIconTheme":"none","electron":{"windowOptions":{}},"defaultLocale":"","validatePreferencesSchema":false,"preferences":{"window.title":"${rootName}${activeEditorShort}${appName}","files.autoSave":"afterDelay","editor.minimap.enabled":false,"editor.tabSize":2,"editor.scrollBeyondLastLine":false,"editor.quickSuggestions":{"other":false,"comments":false,"strings":false},"editor.maxTokenizationLineLength":500,"editor.bracketPairColorization.enabled":false,"breadcrumbs.enabled":false,"workbench.tree.renderIndentGuides":"none","explorer.compactFolders":false},"appVersion":"2.3.2","cliVersion":"0.35.3","buildDate":"2024-02-20T09:54:08.669Z"}
2024-03-15 16:08:29 Starting backend process. PID: 33570
2024-03-15 16:08:29 Using browser-only version of superagent in non-browser environment
2024-03-15 16:08:29 Configuration directory URI: 'file:///home/nrv/.arduinoIDE'
2024-03-15 16:08:30 Configuring to accept webviews on '^.+\.webview\..+$' hostname.
2024-03-15 16:08:30 2024-03-15T22:08:30.045Z root INFO Backend Object.initialize: 4.1 ms [Finished 0.549 s after backend start]
2024-03-15 16:08:30 2024-03-15T22:08:30.045Z root INFO Backend Object.configure: 3.2 ms [Finished 0.549 s after backend start]
2024-03-15 16:08:30 2024-03-15T22:08:30.045Z root INFO Backend s.onStart: 1.7 ms [Finished 0.549 s after backend start]
2024-03-15 16:08:30 2024-03-15T22:08:30.046Z root INFO Backend s.configure: 0.4 ms [Finished 0.575 s after backend start]
2024-03-15 16:08:30 2024-03-15T22:08:30.046Z root INFO Backend d.onStart: 0.3 ms [Finished 0.575 s after backend start]
2024-03-15 16:08:30 2024-03-15T22:08:30.047Z root INFO Backend d.configure: 0.1 ms [Finished 0.575 s after backend start]
2024-03-15 16:08:30 2024-03-15T22:08:30.048Z root INFO Backend d.initialize: 25.6 ms [Finished 0.575 s after backend start]
2024-03-15 16:08:30 2024-03-15T22:08:30.048Z root INFO Backend c.onStart: 0.3 ms [Finished 0.575 s after backend start]
2024-03-15 16:08:30 2024-03-15T22:08:30.048Z root INFO Backend a.configure: 0.5 ms [Finished 0.576 s after backend start]
2024-03-15 16:08:30 2024-03-15T22:08:30.049Z config INFO >>> Initializing CLI configuration...
2024-03-15 16:08:30 2024-03-15T22:08:30.049Z root INFO Backend c.initialize: 0.6 ms [Finished 0.576 s after backend start]
2024-03-15 16:08:30 2024-03-15T22:08:30.050Z root INFO Backend R.onStart: 0.7 ms [Finished 0.577 s after backend start]
2024-03-15 16:08:30 2024-03-15T22:08:30.050Z config INFO Loading CLI configuration from /home/nrv/.arduinoIDE/arduino-cli.yaml...
2024-03-15 16:08:30 2024-03-15T22:08:30.051Z daemon INFO Starting daemon from /home/nrv/Arduino/arduino-IDE/resources/app/lib/backend/resources/arduino-cli...
2024-03-15 16:08:30 2024-03-15T22:08:30.051Z root INFO Backend a.initialize: 0.4 ms [Finished 0.577 s after backend start]
2024-03-15 16:08:30 2024-03-15T22:08:30.051Z root INFO Backend w.onStart: 0.8 ms [Finished 0.578 s after backend start]
2024-03-15 16:08:30 2024-03-15T22:08:30.051Z root INFO Backend r.configure: 1.4 ms [Finished 0.578 s after backend start]
2024-03-15 16:08:30 2024-03-15T22:08:30.051Z discovery-log INFO start
2024-03-15 16:08:30 2024-03-15T22:08:30.051Z discovery-log INFO start new deferred
2024-03-15 16:08:30 2024-03-15T22:08:30.051Z root INFO Backend d.initialize: 0.3 ms [Finished 0.578 s after backend start]
2024-03-15 16:08:30 2024-03-15T22:08:30.051Z root INFO Backend y.onStart: 1.6 ms [Finished 0.580 s after backend start]
2024-03-15 16:08:30 2024-03-15T22:08:30.051Z root INFO Backend r.configure: 1.4 ms [Finished 0.580 s after backend start]
2024-03-15 16:08:30 2024-03-15T22:08:30.051Z root INFO Backend a.onStart: 0.4 ms [Finished 0.581 s after backend start]
2024-03-15 16:08:30 2024-03-15T22:08:30.051Z root INFO Backend h.configure: 0.4 ms [Finished 0.581 s after backend start]
2024-03-15 16:08:30 2024-03-15T22:08:30.051Z root INFO Backend s.configure: 0.1 ms [Finished 0.581 s after backend start]
2024-03-15 16:08:30 2024-03-15T22:08:30.051Z root INFO Backend l.configure: 0.1 ms [Finished 0.581 s after backend start]
2024-03-15 16:08:30 2024-03-15T22:08:30.053Z root INFO Theia app listening on http://127.0.0.1:42401.
2024-03-15 16:08:30 2024-03-15T22:08:30.053Z root INFO Finished starting backend application: 2.0 ms [Finished 0.583 s after backend start]
2024-03-15 16:08:30 2024-03-15T22:08:30.053Z root WARN The local plugin referenced by local-dir:/home/nrv/.arduinoIDE/plugins does not exist.
2024-03-15 16:08:30 2024-03-15T22:08:30.053Z root WARN The local plugin referenced by local-dir:/home/nrv/.arduinoIDE/extensions does not exist.
2024-03-15 16:08:30 2024-03-15T22:08:30.060Z config INFO Loaded CLI configuration: {"board_manager":{"additional_urls":[]},"build_cache":{"compilations_before_purge":10,"ttl":"720h0m0s"},"daemon":{"port":"50051"},"directories":{"data":"/home/nrv/.arduino15","downloads":"/home/nrv/.arduino15/staging","user":"/home/nrv/Arduino"},"library":{"enable_unsafe_install":false},"logging":{"file":"","format":"text","level":"info"},"metrics":{"addr":":9090","enabled":true},"output":{"no_color":false},"sketch":{"always_export_binaries":false},"updater":{"enable_notification":true}}
2024-03-15 16:08:30 2024-03-15T22:08:30.060Z config INFO 'directories.data' and 'directories.user' are set in the CLI configuration model.
2024-03-15 16:08:30 2024-03-15T22:08:30.060Z config INFO Loaded the CLI configuration.
2024-03-15 16:08:30 Restoring workspace roots: /home/nrv/Arduino/HelloWorldLCD
2024-03-15 16:08:30 isTempSketch: false. Input was /home/nrv/Arduino/HelloWorldLCD/HelloWorldLCD.ino
2024-03-15 16:08:30 2024-03-15T22:08:30.081Z config INFO Mapped the CLI configuration: {"dataDirUri":"file:///home/nrv/.arduino15","sketchDirUri":"file:///home/nrv/Arduino","additionalUrls":[],"network":"none","locale":"en"}
2024-03-15 16:08:30 2024-03-15T22:08:30.081Z config INFO Validating the CLI configuration...
2024-03-15 16:08:30 2024-03-15T22:08:30.082Z config INFO The CLI config is valid.
2024-03-15 16:08:30 2024-03-15T22:08:30.082Z config INFO <<< Initialized the CLI configuration.
2024-03-15 16:08:30 2024-03-15T22:08:30.097Z daemon INFO time="2024-03-15T16:08:30-06:00" level=info msg="Using config file: /home/nrv/.arduinoIDE/arduino-cli.yaml"
time="2024-03-15T16:08:30-06:00" level=info msg="arduino-cli version 0.35.3"
time="2024-03-15T16:08:30-06:00" level=info msg="Executing `arduino-cli daemon`"
Daemon is now listening on 127.0.0.1:41727
{"IP":"127.0.0.1","Port":"41727"}
2024-03-15 16:08:30 2024-03-15T22:08:30.097Z daemon INFO Daemon is running.
2024-03-15 16:08:30 2024-03-15T22:08:30.118Z root INFO Resolve plugins list: 68.3 ms [Finished 0.648 s after backend start]
2024-03-15 16:08:30 2024-03-15T22:08:30.129Z daemon INFO time="2024-03-15T16:08:30-06:00" level=info msg="Checking signature" index=/home/nrv/.arduino15/package_index.json signatureFile=/home/nrv/.arduino15/package_index.json.sig trusted=true
2024-03-15 16:08:30 2024-03-15T22:08:30.131Z daemon INFO time="2024-03-15T16:08:30-06:00" level=info msg="Loading hardware from: /home/nrv/.arduino15/packages"
2024-03-15 16:08:30 2024-03-15T22:08:30.132Z daemon INFO time="2024-03-15T16:08:30-06:00" level=info msg="Loading package arduino from: /home/nrv/.arduino15/packages/arduino/hardware"
2024-03-15 16:08:30 2024-03-15T22:08:30.137Z daemon INFO time="2024-03-15T16:08:30-06:00" level=info msg="Missing signature file" index=/home/nrv/.arduino15/packages/arduino/hardware/avr/1.8.6/installed.json
2024-03-15 16:08:30 2024-03-15T22:08:30.143Z daemon INFO time="2024-03-15T16:08:30-06:00" level=info msg="Adding monitor tool" protocol=serial tool="builtin:serial-monitor"
time="2024-03-15T16:08:30-06:00" level=info msg="Loaded platform" platform="arduino:avr@1.8.6"
2024-03-15 16:08:30 2024-03-15T22:08:30.143Z daemon INFO time="2024-03-15T16:08:30-06:00" level=info msg="Checking existence of 'tools' path: /home/nrv/.arduino15/packages/arduino/tools"
time="2024-03-15T16:08:30-06:00" level=info msg="Loading tools from dir: /home/nrv/.arduino15/packages/arduino/tools"
2024-03-15 16:08:30 2024-03-15T22:08:30.144Z daemon INFO time="2024-03-15T16:08:30-06:00" level=info msg="Loaded tool" tool="arduino:arduinoOTA@1.3.0"
2024-03-15 16:08:30 2024-03-15T22:08:30.144Z daemon INFO time="2024-03-15T16:08:30-06:00" level=info msg="Loaded tool" tool="arduino:avr-gcc@7.3.0-atmel3.6.1-arduino7"
time="2024-03-15T16:08:30-06:00" level=info msg="Loaded tool" tool="arduino:avrdude@6.3.0-arduino17"
2024-03-15 16:08:30 2024-03-15T22:08:30.144Z daemon INFO time="2024-03-15T16:08:30-06:00" level=info msg="Loading package builtin from: /home/nrv/.arduino15/packages/builtin"
time="2024-03-15T16:08:30-06:00" level=info msg="Checking existence of 'tools' path: /home/nrv/.arduino15/packages/builtin/tools"
time="2024-03-15T16:08:30-06:00" level=info msg="Loading tools from dir: /home/nrv/.arduino15/packages/builtin/tools"
2024-03-15 16:08:30 2024-03-15T22:08:30.144Z daemon INFO time="2024-03-15T16:08:30-06:00" level=info msg="Loaded tool" tool="builtin:ctags@5.8-arduino11"
time="2024-03-15T16:08:30-06:00" level=info msg="Loaded tool" tool="builtin:dfu-discovery@0.1.2"
2024-03-15 16:08:30 2024-03-15T22:08:30.144Z daemon INFO time="2024-03-15T16:08:30-06:00" level=info msg="Loaded tool" tool="builtin:mdns-discovery@1.0.9"
2024-03-15 16:08:30 2024-03-15T22:08:30.144Z daemon INFO time="2024-03-15T16:08:30-06:00" level=info msg="Loaded tool" tool="builtin:serial-discovery@1.4.0"
2024-03-15 16:08:30 2024-03-15T22:08:30.145Z daemon INFO time="2024-03-15T16:08:30-06:00" level=info msg="Loaded tool" tool="builtin:serial-monitor@0.13.0"
time="2024-03-15T16:08:30-06:00" level=info msg="Loaded tool" tool="builtin:serial-monitor@0.14.1"
2024-03-15 16:08:30 2024-03-15T22:08:30.146Z daemon INFO time="2024-03-15T16:08:30-06:00" level=info msg="Adding libraries dir" dir=/home/nrv/.arduino15/packages/arduino/hardware/avr/1.8.6/libraries location=platform
time="2024-03-15T16:08:30-06:00" level=info msg="Loading libraries index file" index=/home/nrv/.arduino15/library_index.json
2024-03-15 16:08:30 2024-03-15T22:08:30.454Z daemon INFO time="2024-03-15T16:08:30-06:00" level=info msg="Adding libraries dir" dir=/home/nrv/.arduino15/libraries location=ide
time="2024-03-15T16:08:30-06:00" level=info msg="Adding libraries dir" dir=/home/nrv/Arduino/libraries location=user
2024-03-15 16:08:30 2024-03-15T22:08:30.519Z discovery-log INFO start resolved watching
2024-03-15 16:08:30 2024-03-15T22:08:30.524Z daemon INFO time="2024-03-15T16:08:30-06:00" level=info msg="starting discovery builtin:mdns-discovery process"
time="2024-03-15T16:08:30-06:00" level=info msg="starting discovery builtin:serial-discovery process"
time="2024-03-15T16:08:30-06:00" level=info msg="started discovery builtin:mdns-discovery process"
time="2024-03-15T16:08:30-06:00" level=info msg="sending command HELLO 1 \"arduino-cli 0.35.3\" to discovery builtin:mdns-discovery"
time="2024-03-15T16:08:30-06:00" level=info msg="started discovery builtin:serial-discovery process"
time="2024-03-15T16:08:30-06:00" level=info msg="sending command HELLO 1 \"arduino-cli 0.35.3\" to discovery builtin:serial-discovery"
2024-03-15 16:08:30 2024-03-15T22:08:30.526Z daemon INFO time="2024-03-15T16:08:30-06:00" level=info msg="from discovery builtin:serial-discovery received message type: hello, message: OK, protocol version: 1"
time="2024-03-15T16:08:30-06:00" level=info msg="sending command START_SYNC to discovery builtin:serial-discovery"
2024-03-15 16:08:30 2024-03-15T22:08:30.528Z daemon INFO time="2024-03-15T16:08:30-06:00" level=info msg="from discovery builtin:mdns-discovery received message type: hello, message: OK, protocol version: 1"
time="2024-03-15T16:08:30-06:00" level=info msg="sending command START_SYNC to discovery builtin:mdns-discovery"
2024-03-15 16:08:30 2024-03-15T22:08:30.537Z daemon INFO time="2024-03-15T16:08:30-06:00" level=info msg="from discovery builtin:serial-discovery received message type: start_sync, message: OK"
time="2024-03-15T16:08:30-06:00" level=info msg="from discovery builtin:mdns-discovery received message type: start_sync, message: OK"
time="2024-03-15T16:08:30-06:00" level=info msg="from discovery builtin:serial-discovery received message type: add, port: /dev/ttyACM0"
2024-03-15 16:08:30 2024-03-15T22:08:30.539Z discovery-log INFO {"eventType":"add","port":{"matchingBoardsList":[{"name":"Arduino Uno","fqbn":"arduino:avr:uno","isHidden":false}],"port":{"address":"/dev/ttyACM0","label":"/dev/ttyACM0","protocol":"serial","protocolLabel":"Serial Port (USB)","propertiesMap":[["pid","0x0043"],["serialNumber","9573632383235150F192"],["vid","0x2341"]],"hardwareId":"9573632383235150F192"}},"error":""}
2024-03-15 16:08:31 2024-03-15T22:08:31.112Z root INFO Deploy plugins list: 68.3 ms [Finished 1.642 s after backend start]
2024-03-15 16:08:31 Opening channel for service path '/services/electron-window'.
2024-03-15 16:08:31 Opening channel for service path '/services/ide-updater'.
2024-03-15 16:08:31 2024-03-15T22:08:31.898Z root WARN Frontend a.configure took longer than the expected maximum 100 milliseconds: 242.6 ms [Finished 1.747 s after frontend start]
2024-03-15 16:08:31 2024-03-15T22:08:31.904Z root WARN A command editor.action.toggleStickyScroll is already registered.
2024-03-15 16:08:31 2024-03-15T22:08:31.913Z sketches-service WARN Warning! The request sketch path was different than the response sketch path from the CLI. This could be a potential bug. Request: </home/nrv/Arduino/HelloWorldLCD/HelloWorldLCD.ino>, response: </home/nrv/Arduino/HelloWorldLCD>.
2024-03-15 16:08:32 2024-03-15T22:08:32.088Z root INFO Start frontend contributions: 504.6 ms [Finished 1.939 s after frontend start]
2024-03-15 16:08:32 2024-03-15T22:08:32.088Z root INFO Changed application state from 'init' to 'started_contributions'.
2024-03-15 16:08:32 2024-03-15T22:08:32.109Z root INFO Changed application state from 'started_contributions' to 'attached_shell'.
2024-03-15 16:08:32 2024-03-15T22:08:32.110Z root INFO >>> Restoring the layout state...
2024-03-15 16:08:32 2024-03-15T22:08:32.110Z root INFO ------- SERIALIZED LAYOUT DATA -------
2024-03-15 16:08:32 2024-03-15T22:08:32.111Z root INFO {"version":5,"mainPanel":{"main":{"type":"tab-area","widgets":[{"constructionOptions":{"factoryId":"code-editor-opener","options":{"counter":0,"kind":"navigatable","uri":"file:///home/nrv/Arduino/HelloWorldLCD/HelloWorldLCD.ino"}},"innerWidgetState":"{\"cursorState\":[{\"inSelectionMode\":false,\"selectionStart\":{\"lineNumber\":53,\"column\":21},\"position\":{\"lineNumber\":53,\"column\":21}}],\"viewState\":{\"scrollLeft\":0,\"firstPosition\":{\"lineNumber\":41,\"column\":1},\"firstPositionDeltaTop\":-8},\"contributionsState\":{\"editor.contrib.folding\":{\"lineCount\":68,\"provider\":\"indent\",\"foldedImports\":false},\"editor.contrib.wordHighlighter\":false}}"}],"currentIndex":0}},"mainPanelPinned":[false],"bottomPanel":{"config":{"main":{"type":"tab-area","widgets":[{"constructionOptions":{"factoryId":"outputView"},"innerWidgetState":"{\"locked\":false}"}],"currentIndex":0}},"pinned":[false],"size":333,"expanded":true},"leftPanel":{"type":"sidepanel","items":[{"widget":{"constructionOptions":{"factoryId":"arduino-sketchbook-widget"}},"rank":1,"expanded":true,"pinned":false},{"widget":{"constructionOptions":{"factoryId":"boards-list-widget"}},"rank":2,"expanded":false,"pinned":false},{"widget":{"constructionOptions":{"factoryId":"library-list-widget"}},"rank":3,"expanded":false,"pinned":false},{"widget":{"constructionOptions":{"factoryId":"debug"},"innerWidgetState":"{\"parts\":[{\"partId\":\"debug:threads:-1\",\"collapsed\":false,\"hidden\":false,\"originalContainerId\":\"debug:view-container:-1\",\"originalContainerTitle\":{\"label\":\"debug\",\"iconClass\":\"codicon codicon-debug-alt\",\"closeable\":true},\"widget\":{\"constructionOptions\":{\"factoryId\":\"debug:threads\"},\"innerWidgetState\":\"{}\"}},{\"partId\":\"debug:frames:-1\",\"collapsed\":false,\"hidden\":false,\"originalContainerId\":\"debug:view-container:-1\",\"originalContainerTitle\":{\"label\":\"debug\",\"iconClass\":\"codicon codicon-debug-alt\",\"closeable\":true},\"widget\":{\"constructionOptions\":{\"factoryId\":\"debug:frames\"},\"innerWidgetState\":\"{}\"}},{\"partId\":\"debug:variables:-1\",\"collapsed\":false,\"hidden\":false,\"originalContainerId\":\"debug:view-container:-1\",\"originalContainerTitle\":{\"label\":\"debug\",\"iconClass\":\"codicon codicon-debug-alt\",\"closeable\":true},\"widget\":{\"constructionOptions\":{\"factoryId\":\"debug:variables\"},\"innerWidgetState\":\"{}\"}},{\"partId\":\"debug:watch:-1\",\"collapsed\":false,\"hidden\":false,\"originalContainerId\":\"debug:view-container:-1\",\"originalContainerTitle\":{\"label\":\"debug\",\"iconClass\":\"codicon codicon-debug-alt\",\"closeable\":true},\"widget\":{\"constructionOptions\":{\"factoryId\":\"debug:watch\"},\"innerWidgetState\":\"{}\"}},{\"partId\":\"debug:breakpoints:-1\",\"collapsed\":false,\"hidden\":false,\"originalContainerId\":\"debug:view-container:-1\",\"originalContainerTitle\":{\"label\":\"debug\",\"iconClass\":\"codicon codicon-debug-alt\",\"closeable\":true},\"widget\":{\"constructionOptions\":{\"factoryId\":\"debug:breakpoints\"},\"innerWidgetState\":\"{}\"}},{\"partId\":\"plugin-view:cortex-debug.peripherals\",\"collapsed\":true,\"hidden\":true,\"originalContainerId\":\"debug:view-container:-1\",\"originalContainerTitle\":{\"label\":\"debug\",\"iconClass\":\"codicon codicon-debug-alt\",\"closeable\":true},\"widget\":{\"constructionOptions\":{\"factoryId\":\"plugin-view\",\"options\":{\"id\":\"plugin-view:cortex-debug.peripherals\",\"viewId\":\"cortex-debug.peripherals\"}},\"innerWidgetState\":\"{\\\"label\\\":\\\"Cortex Peripherals\\\",\\\"widgets\\\":[],\\\"suppressUpdateViewVisibility\\\":false,\\\"currentViewContainerId\\\":\\\"debug\\\"}\"}},{\"partId\":\"plugin-view:cortex-debug.registers\",\"collapsed\":true,\"hidden\":true,\"originalContainerId\":\"debug:view-container:-1\",\"originalContainerTitle\":{\"label\":\"debug\",\"iconClass\":\"codicon codicon-debug-alt\",\"closeable\":true},\"widget\":{\"constructionOptions\":{\"factoryId\":\"plugin-view\",\"options\":{\"id\":\"plugin-view:cortex-debug.registers\",\"viewId\":\"cortex-debug.registers\"}},\"innerWidgetState\":\"{\\\"label\\\":\\\"Cortex Registers\\\",\\\"widgets\\\":[],\\\"suppressUpdateViewVisibility\\\":false,\\\"currentViewContainerId\\\":\\\"debug\\\"}\"}}],\"title\":{\"label\":\"debug\",\"iconClass\":\"codicon codicon-debug-alt\",\"closeable\":true}}"},"rank":4,"expanded":false,"pinned":false},{"widget":{"constructionOptions":{"factoryId":"search-view-container"},"innerWidgetState":"{\"parts\":[{\"partId\":\"search-in-workspace\",\"collapsed\":false,\"hidden\":false,\"originalContainerId\":\"search-view-container\",\"originalContainerTitle\":{\"label\":\"Search\",\"iconClass\":\"codicon codicon-search\",\"closeable\":true},\"widget\":{\"constructionOptions\":{\"factoryId\":\"search-in-workspace\"},\"innerWidgetState\":\"{\\\"matchCaseState\\\":{\\\"className\\\":\\\"codicon codicon-case-sensitive\\\",\\\"enabled\\\":false,\\\"title\\\":\\\"Match Case\\\"},\\\"wholeWordState\\\":{\\\"className\\\":\\\"codicon codicon-whole-word\\\",\\\"enabled\\\":false,\\\"title\\\":\\\"Match Whole Word\\\"},\\\"regExpState\\\":{\\\"className\\\":\\\"codicon codicon-regex\\\",\\\"enabled\\\":false,\\\"title\\\":\\\"Use Regular Expression\\\"},\\\"includeIgnoredState\\\":{\\\"className\\\":\\\"codicon codicon-eye\\\",\\\"enabled\\\":false,\\\"title\\\":\\\"Include Ignored Files\\\"},\\\"showSearchDetails\\\":false,\\\"searchInWorkspaceOptions\\\":{\\\"matchCase\\\":false,\\\"matchWholeWord\\\":false,\\\"useRegExp\\\":false,\\\"includeIgnored\\\":false,\\\"include\\\":[],\\\"exclude\\\":[],\\\"maxResults\\\":2000},\\\"searchTerm\\\":\\\"\\\",\\\"replaceTerm\\\":\\\"\\\",\\\"showReplaceField\\\":false,\\\"searchHistoryState\\\":{\\\"history\\\":[],\\\"index\\\":0},\\\"replaceHistoryState\\\":{\\\"history\\\":[],\\\"index\\\":0},\\\"includeHistoryState\\\":{\\\"history\\\":[],\\\"index\\\":0},\\\"excludeHistoryState\\\":{\\\"history\\\":[],\\\"index\\\":0}}\"}}],\"title\":{\"label\":\"Search\",\"iconClass\":\"fa fa-arduino-search\",\"closeable\":true}}"},"rank":5,"expanded":false,"pinned":false}],"size":268},"rightPanel":{"type":"sidepanel","items":[]},"activeWidgetId":"arduino-sketchbook-widget"}
2024-03-15 16:08:32 2024-03-15T22:08:32.111Z root INFO ------- END SERIALIZED LAYOUT DATA -------
2024-03-15 16:08:32 2024-03-15T22:08:32.145Z root INFO [32b25885-8ef2-4dea-8409-1075960f0078] Waiting for backend deployment: 85.7 ms [Finished 2.019 s after frontend start]
2024-03-15 16:08:32 2024-03-15T22:08:32.824Z root INFO [hosted-plugin: 33656] PLUGIN_HOST(33656) starting instance
2024-03-15 16:08:33 2024-03-15T22:08:33.328Z root INFO [32b25885-8ef2-4dea-8409-1075960f0078] Sync of 23 plugins: 1186.4 ms [Finished 3.205 s after frontend start]
2024-03-15 16:08:33 2024-03-15T22:08:33.619Z root INFO <<< The layout has been successfully restored.
2024-03-15 16:08:33 2024-03-15T22:08:33.690Z root INFO Initialize the workbench layout: 1523.8 ms [Finished 3.497 s after frontend start]
2024-03-15 16:08:33 2024-03-15T22:08:33.692Z root INFO Changed application state from 'attached_shell' to 'initialized_layout'.
2024-03-15 16:08:33 2024-03-15T22:08:33.692Z root INFO [32b25885-8ef2-4dea-8409-1075960f0078] Loading plugin contributions
2024-03-15 16:08:33 2024-03-15T22:08:33.692Z root INFO [32b25885-8ef2-4dea-8409-1075960f0078] Load contributions of 23 plugins: 67.6 ms [Finished 3.566 s after frontend start]
2024-03-15 16:08:33 2024-03-15T22:08:33.724Z root WARN 'cpp' language is remapped from 'source.cpp.embedded.macro' to 'source.cpp' scope
2024-03-15 16:08:33 2024-03-15T22:08:33.724Z root WARN a registered grammar configuration for 'cpp' language is overridden
2024-03-15 16:08:34 2024-03-15T22:08:34.176Z root ERROR [hosted-plugin: 33656] Conflict in settings file Default: Ignoring cortex-debug.armToolchainPath.linux as cortex-debug.armToolchainPath is null
2024-03-15 16:08:34 2024-03-15T22:08:34.176Z root ERROR [hosted-plugin: 33656] Conflict in settings file Default: Ignoring cortex-debug.armToolchainPath.osx as cortex-debug.armToolchainPath is null
Conflict in settings file Default: Ignoring cortex-debug.armToolchainPath.windows as cortex-debug.armToolchainPath is null
Conflict in settings file Default: Ignoring cortex-debug.JLinkGDBServerPath.linux as cortex-debug.JLinkGDBServerPath is null
2024-03-15 16:08:34 2024-03-15T22:08:34.176Z root ERROR [hosted-plugin: 33656] Conflict in settings file Default: Ignoring cortex-debug.JLinkGDBServerPath.osx as cortex-debug.JLinkGDBServerPath is null
Conflict in settings file Default: Ignoring cortex-debug.JLinkGDBServerPath.windows as cortex-debug.JLinkGDBServerPath is null
Conflict in settings file Default: Ignoring cortex-debug.openocdPath.linux as cortex-debug.openocdPath is null
2024-03-15 16:08:34 2024-03-15T22:08:34.176Z root ERROR [hosted-plugin: 33656] Conflict in settings file Default: Ignoring cortex-debug.openocdPath.osx as cortex-debug.openocdPath is null
2024-03-15 16:08:34 2024-03-15T22:08:34.176Z root ERROR [hosted-plugin: 33656] Conflict in settings file Default: Ignoring cortex-debug.openocdPath.windows as cortex-debug.openocdPath is null
2024-03-15 16:08:34 2024-03-15T22:08:34.176Z root ERROR [hosted-plugin: 33656] Conflict in settings file Default: Ignoring cortex-debug.pyocdPath.linux as cortex-debug.pyocdPath is null
Conflict in settings file Default: Ignoring cortex-debug.pyocdPath.osx as cortex-debug.pyocdPath is null
2024-03-15 16:08:34 2024-03-15T22:08:34.176Z root ERROR [hosted-plugin: 33656] Conflict in settings file Default: Ignoring cortex-debug.pyocdPath.windows as cortex-debug.pyocdPath is null
Conflict in settings file Default: Ignoring cortex-debug.PEGDBServerPath.linux as cortex-debug.PEGDBServerPath is null
2024-03-15 16:08:34 2024-03-15T22:08:34.176Z root ERROR [hosted-plugin: 33656] Conflict in settings file Default: Ignoring cortex-debug.PEGDBServerPath.osx as cortex-debug.PEGDBServerPath is null
Conflict in settings file Default: Ignoring cortex-debug.PEGDBServerPath.windows as cortex-debug.PEGDBServerPath is null
Conflict in settings file Default: Ignoring cortex-debug.stutilPath.linux as cortex-debug.stutilPath is null
2024-03-15 16:08:34 2024-03-15T22:08:34.177Z root ERROR [hosted-plugin: 33656] Conflict in settings file Default: Ignoring cortex-debug.stutilPath.osx as cortex-debug.stutilPath is null
Conflict in settings file Default: Ignoring cortex-debug.stutilPath.windows as cortex-debug.stutilPath is null
2024-03-15 16:08:34 2024-03-15T22:08:34.177Z root ERROR [hosted-plugin: 33656] Conflict in settings file Default: Ignoring cortex-debug.stlinkPath.linux as cortex-debug.stlinkPath is null
Conflict in settings file Default: Ignoring cortex-debug.stlinkPath.osx as cortex-debug.stlinkPath is null
Conflict in settings file Default: Ignoring cortex-debug.stlinkPath.windows as cortex-debug.stlinkPath is null
2024-03-15 16:08:34 2024-03-15T22:08:34.177Z root ERROR [hosted-plugin: 33656] Conflict in settings file Default: Ignoring cortex-debug.stm32cubeprogrammer.linux as cortex-debug.stm32cubeprogrammer is null
Conflict in settings file Default: Ignoring cortex-debug.stm32cubeprogrammer.osx as cortex-debug.stm32cubeprogrammer is null
Conflict in settings file Default: Ignoring cortex-debug.stm32cubeprogrammer.windows as cortex-debug.stm32cubeprogrammer is null
2024-03-15 16:08:34 2024-03-15T22:08:34.192Z root INFO [hosted-plugin: 33656] PLUGIN_HOST(33656): PluginManagerExtImpl/init()
2024-03-15 16:08:34 2024-03-15T22:08:34.194Z root INFO [hosted-plugin: 33656] PLUGIN_HOST(33656): initializing(vscode-arduino-api@0.1.2 with /home/nrv/Arduino/arduino-IDE/resources/app/lib/backend/plugin-vscode-init)
2024-03-15 16:08:34 2024-03-15T22:08:34.260Z root INFO [hosted-plugin: 33656] PLUGIN_HOST(33656): initializing(cortex-debug@1.5.1 with /home/nrv/Arduino/arduino-IDE/resources/app/lib/backend/plugin-vscode-init)
2024-03-15 16:08:34 2024-03-15T22:08:34.260Z root INFO [hosted-plugin: 33656] Debugger contribution has been registered: cortex-debug
2024-03-15 16:08:34 2024-03-15T22:08:34.261Z root INFO [hosted-plugin: 33656] PLUGIN_HOST(33656): initializing(vscode-arduino-tools@0.1.3 with /home/nrv/Arduino/arduino-IDE/resources/app/lib/backend/plugin-vscode-init)
2024-03-15 16:08:34 2024-03-15T22:08:34.262Z root INFO [hosted-plugin: 33656] PLUGIN_HOST(33656): initializing(cpp@1.52.1 with /home/nrv/Arduino/arduino-IDE/resources/app/lib/backend/plugin-vscode-init)
2024-03-15 16:08:34 2024-03-15T22:08:34.263Z root INFO [hosted-plugin: 33656] PLUGIN_HOST(33656): initializing(json@1.46.1 with /home/nrv/Arduino/arduino-IDE/resources/app/lib/backend/plugin-vscode-init)
2024-03-15 16:08:34 2024-03-15T22:08:34.264Z root INFO [hosted-plugin: 33656] PLUGIN_HOST(33656): initializing(json-language-features@1.46.1 with /home/nrv/Arduino/arduino-IDE/resources/app/lib/backend/plugin-vscode-init)
2024-03-15 16:08:34 2024-03-15T22:08:34.265Z root INFO [hosted-plugin: 33656] PLUGIN_HOST(33656): initializing(vscode-language-pack-bg@1.48.3 with /home/nrv/Arduino/arduino-IDE/resources/app/lib/backend/plugin-vscode-init)
2024-03-15 16:08:34 2024-03-15T22:08:34.266Z root INFO [hosted-plugin: 33656] PLUGIN_HOST(33656): initializing(vscode-language-pack-cs@1.80.0 with /home/nrv/Arduino/arduino-IDE/resources/app/lib/backend/plugin-vscode-init)
2024-03-15 16:08:34 2024-03-15T22:08:34.267Z root INFO [hosted-plugin: 33656] PLUGIN_HOST(33656): initializing(vscode-language-pack-de@1.80.0 with /home/nrv/Arduino/arduino-IDE/resources/app/lib/backend/plugin-vscode-init)
2024-03-15 16:08:34 2024-03-15T22:08:34.268Z root INFO [hosted-plugin: 33656] PLUGIN_HOST(33656): initializing(vscode-language-pack-es@1.80.0 with /home/nrv/Arduino/arduino-IDE/resources/app/lib/backend/plugin-vscode-init)
2024-03-15 16:08:34 2024-03-15T22:08:34.269Z root INFO [hosted-plugin: 33656] PLUGIN_HOST(33656): initializing(vscode-language-pack-fr@1.80.0 with /home/nrv/Arduino/arduino-IDE/resources/app/lib/backend/plugin-vscode-init)
2024-03-15 16:08:34 2024-03-15T22:08:34.269Z root INFO [hosted-plugin: 33656] PLUGIN_HOST(33656): initializing(vscode-language-pack-hu@1.48.3 with /home/nrv/Arduino/arduino-IDE/resources/app/lib/backend/plugin-vscode-init)
2024-03-15 16:08:34 2024-03-15T22:08:34.270Z root INFO [hosted-plugin: 33656] PLUGIN_HOST(33656): initializing(vscode-language-pack-it@1.80.0 with /home/nrv/Arduino/arduino-IDE/resources/app/lib/backend/plugin-vscode-init)
2024-03-15 16:08:34 2024-03-15T22:08:34.270Z root INFO [hosted-plugin: 33656] PLUGIN_HOST(33656): initializing(vscode-language-pack-ja@1.80.0 with /home/nrv/Arduino/arduino-IDE/resources/app/lib/backend/plugin-vscode-init)
2024-03-15 16:08:34 2024-03-15T22:08:34.270Z root INFO [hosted-plugin: 33656] PLUGIN_HOST(33656): initializing(vscode-language-pack-ko@1.80.0 with /home/nrv/Arduino/arduino-IDE/resources/app/lib/backend/plugin-vscode-init)
2024-03-15 16:08:34 2024-03-15T22:08:34.271Z root INFO [hosted-plugin: 33656] PLUGIN_HOST(33656): initializing(vscode-language-pack-nl@1.48.3 with /home/nrv/Arduino/arduino-IDE/resources/app/lib/backend/plugin-vscode-init)
2024-03-15 16:08:34 2024-03-15T22:08:34.272Z root INFO [hosted-plugin: 33656] PLUGIN_HOST(33656): initializing(vscode-language-pack-pl@1.80.0 with /home/nrv/Arduino/arduino-IDE/resources/app/lib/backend/plugin-vscode-init)
2024-03-15 16:08:34 2024-03-15T22:08:34.272Z root INFO [hosted-plugin: 33656] PLUGIN_HOST(33656): initializing(vscode-language-pack-pt-BR@1.80.0 with /home/nrv/Arduino/arduino-IDE/resources/app/lib/backend/plugin-vscode-init)
2024-03-15 16:08:34 2024-03-15T22:08:34.273Z root INFO [hosted-plugin: 33656] PLUGIN_HOST(33656): initializing(vscode-language-pack-ru@1.80.0 with /home/nrv/Arduino/arduino-IDE/resources/app/lib/backend/plugin-vscode-init)
2024-03-15 16:08:34 2024-03-15T22:08:34.273Z root INFO [hosted-plugin: 33656] PLUGIN_HOST(33656): initializing(vscode-language-pack-tr@1.80.0 with /home/nrv/Arduino/arduino-IDE/resources/app/lib/backend/plugin-vscode-init)
2024-03-15 16:08:34 2024-03-15T22:08:34.274Z root INFO [hosted-plugin: 33656] PLUGIN_HOST(33656): initializing(vscode-language-pack-uk@1.48.3 with /home/nrv/Arduino/arduino-IDE/resources/app/lib/backend/plugin-vscode-init)
2024-03-15 16:08:34 2024-03-15T22:08:34.274Z root INFO [hosted-plugin: 33656] PLUGIN_HOST(33656): initializing(vscode-language-pack-zh-hans@1.80.0 with /home/nrv/Arduino/arduino-IDE/resources/app/lib/backend/plugin-vscode-init)
2024-03-15 16:08:34 2024-03-15T22:08:34.275Z root INFO [hosted-plugin: 33656] PLUGIN_HOST(33656): initializing(vscode-language-pack-zh-hant@1.80.0 with /home/nrv/Arduino/arduino-IDE/resources/app/lib/backend/plugin-vscode-init)
2024-03-15 16:08:34 2024-03-15T22:08:34.280Z root INFO [hosted-plugin: 33656] PLUGIN_HOST(33656): PluginManagerExtImpl/loadPlugin(/home/nrv/Arduino/arduino-IDE/resources/app/plugins/vscode-arduino-api/extension/dist/extension.js)
2024-03-15 16:08:34 2024-03-15T22:08:34.284Z root INFO [hosted-plugin: 33656] calling activation function on Arduino IDE API for VS Code extensions
2024-03-15 16:08:34 2024-03-15T22:08:34.286Z root INFO [hosted-plugin: 33656] PLUGIN_HOST(33656): PluginManagerExtImpl/loadPlugin(/home/nrv/Arduino/arduino-IDE/resources/app/plugins/vscode-builtin-json-language-features/extension/client/dist/jsonMain)
2024-03-15 16:08:34 2024-03-15T22:08:34.318Z root INFO [hosted-plugin: 33656] calling activation function on JSON Language Features (built-in)
2024-03-15 16:08:34 2024-03-15T22:08:34.324Z root INFO [hosted-plugin: 33656] PLUGIN_HOST(33656): PluginManagerExtImpl/loadPlugin(/home/nrv/Arduino/arduino-IDE/resources/app/plugins/vscode-arduino-tools/extension/dist/extension.js)
2024-03-15 16:08:34 2024-03-15T22:08:34.355Z root INFO [hosted-plugin: 33656] calling activation function on VS Code Arduino Tools
2024-03-15 16:08:34 2024-03-15T22:08:34.368Z root INFO [32b25885-8ef2-4dea-8409-1075960f0078] Starting plugins.
2024-03-15 16:08:34 2024-03-15T22:08:34.380Z root INFO [hosted-plugin: 33656] PLUGIN_HOST(33656): PluginManagerExtImpl/loadPlugin(/home/nrv/Arduino/arduino-IDE/resources/app/plugins/cortex-debug/extension/dist/extension.js)
2024-03-15 16:08:34 2024-03-15T22:08:34.415Z root INFO [hosted-plugin: 33656] Debug configuration provider has been registered: cortex-debug, trigger: 1
2024-03-15 16:08:34 2024-03-15T22:08:34.416Z root INFO [hosted-plugin: 33656] calling activation function on Cortex-Debug
2024-03-15 16:08:34 2024-03-15T22:08:34.442Z root INFO [hosted-plugin: 33656] GDB server console created
2024-03-15 16:08:34 2024-03-15T22:08:34.448Z root INFO [32b25885-8ef2-4dea-8409-1075960f0078] Start of 23 plugins: 752.9 ms [Finished 4.325 s after frontend start]
2024-03-15 16:08:34 Checking for update
2024-03-15 16:08:34 2024-03-15T22:08:34.791Z root INFO Replace loading indicator with ready workbench UI (animation): 860.5 ms [Finished 4.429 s after frontend start]
2024-03-15 16:08:34 2024-03-15T22:08:34.791Z root INFO Changed application state from 'initialized_layout' to 'ready'.
2024-03-15 16:08:34 2024-03-15T22:08:34.791Z root WARN Linked preference "workbench.colorCustomizations" not found.
2024-03-15 16:08:34 2024-03-15T22:08:34.792Z root INFO Frontend application start: 2884.2 ms [Finished 5.277 s after backend start]
2024-03-15 16:08:35 2024-03-15T22:08:35.044Z daemon INFO time="2024-03-15T16:08:35-06:00" level=info msg="Updating libraries index"
time="2024-03-15T16:08:35-06:00" level=info msg="Updating index" url="https://downloads.arduino.cc/packages/package_index.tar.bz2"
time="2024-03-15T16:08:35-06:00" level=info msg="Starting download" url="https://downloads.arduino.cc/libraries/library_index.tar.bz2"
time="2024-03-15T16:08:35-06:00" level=info msg="Starting download" url="https://downloads.arduino.cc/packages/package_index.tar.bz2"
2024-03-15 16:08:35 2024-03-15T22:08:35.048Z root INFO core-client-provider [library-index] Downloading index: library_index.tar.bz2

2024-03-15 16:08:35 2024-03-15T22:08:35.049Z root INFO core-client-provider [platform-index] Downloading index: package_index.tar.bz2

2024-03-15 16:08:35 Update for version 2.3.2 is not available (latest version: 2.3.2, downgrade is allowed).
2024-03-15 16:08:35 2024-03-15T22:08:35.333Z root ERROR Failed to get debug config: arduino:avr:uno, undefined Error: Debugging is not supported.
    at Object.callback (/home/nrv/Arduino/arduino-IDE/resources/app/lib/backend/main.js:2:81196)
    at Object.onReceiveStatus (/home/nrv/Arduino/arduino-IDE/resources/app/lib/backend/main.js:2:788562)
    at Object.onReceiveStatus (/home/nrv/Arduino/arduino-IDE/resources/app/lib/backend/main.js:2:784513)
    at Object.onReceiveStatus (/home/nrv/Arduino/arduino-IDE/resources/app/lib/backend/main.js:2:783958)
    at /home/nrv/Arduino/arduino-IDE/resources/app/lib/backend/main.js:2:870080
    at process.processTicksAndRejections (node:internal/process/task_queues:77:11)
2024-03-15 16:08:35 2024-03-15T22:08:35.333Z root ERROR Request checkDebugEnabled failed with error: Debugging is not supported. Error: Debugging is not supported.
    at Object.callback (/home/nrv/Arduino/arduino-IDE/resources/app/lib/backend/main.js:2:81196)
    at Object.onReceiveStatus (/home/nrv/Arduino/arduino-IDE/resources/app/lib/backend/main.js:2:788562)
    at Object.onReceiveStatus (/home/nrv/Arduino/arduino-IDE/resources/app/lib/backend/main.js:2:784513)
    at Object.onReceiveStatus (/home/nrv/Arduino/arduino-IDE/resources/app/lib/backend/main.js:2:783958)
    at /home/nrv/Arduino/arduino-IDE/resources/app/lib/backend/main.js:2:870080
    at process.processTicksAndRejections (node:internal/process/task_queues:77:11)
2024-03-15 16:08:35 2024-03-15T22:08:35.342Z daemon INFO time="2024-03-15T16:08:35-06:00" level=info msg="Tool required for debug" tool="arduino:arduinoOTA@1.3.0"
time="2024-03-15T16:08:35-06:00" level=info msg="Tool required for debug" tool="arduino:avr-gcc@7.3.0-atmel3.6.1-arduino7"
time="2024-03-15T16:08:35-06:00" level=info msg="Tool required for debug" tool="arduino:avrdude@6.3.0-arduino17"
time="2024-03-15T16:08:35-06:00" level=info msg="Tool required for debug" tool="builtin:ctags@5.8-arduino11"
time="2024-03-15T16:08:35-06:00" level=info msg="Tool required for debug" tool="builtin:serial-discovery@1.4.0"
time="2024-03-15T16:08:35-06:00" level=info msg="Tool required for debug" tool="builtin:mdns-discovery@1.0.9"
time="2024-03-15T16:08:35-06:00" level=info msg="Tool required for debug" tool="builtin:serial-monitor@0.14.1"
time="2024-03-15T16:08:35-06:00" level=info msg="Tool required for debug" tool="builtin:dfu-discovery@0.1.2"
2024-03-15 16:08:35 2024-03-15T22:08:35.343Z root INFO Starting language server: arduino:avr:uno
2024-03-15 16:08:35 2024-03-15T22:08:35.551Z daemon INFO time="2024-03-15T16:08:35-06:00" level=info msg="Adding libraries dir" dir=/home/nrv/.arduino15/libraries location=ide
time="2024-03-15T16:08:35-06:00" level=info msg="Adding libraries dir" dir=/home/nrv/.arduino15/packages/arduino/hardware/avr/1.8.6/libraries location=platform
time="2024-03-15T16:08:35-06:00" level=info msg="Adding libraries dir" dir=/home/nrv/Arduino/libraries location=user
time="2024-03-15T16:08:35-06:00" level=info msg="Resolving include LiquidCrystal.h for arch avr"
time="2024-03-15T16:08:35-06:00" level=info msg="  found better lib" lib=LiquidCrystal prio=6A4
time="2024-03-15T16:08:35-06:00" level=info msg="  found better lib" lib=LiquidCrystal prio=6A7
2024-03-15 16:08:35 2024-03-15T22:08:35.848Z root ERROR Request updatableBoards failed with error: Unexpected end of JSON input SyntaxError: Unexpected end of JSON input
    at JSON.parse (<anonymous>)
    at d.list (/home/nrv/Arduino/arduino-IDE/resources/app/lib/backend/main.js:2:45993)
    at process.processTicksAndRejections (node:internal/process/task_queues:95:5)
    at async d.updatableBoards (/home/nrv/Arduino/arduino-IDE/resources/app/lib/backend/main.js:2:46112)
    at async u.onRequest (/home/nrv/Arduino/arduino-IDE/resources/app/lib/backend/main.js:2:1106889)
    at async c.handleRequest (/home/nrv/Arduino/arduino-IDE/resources/app/lib/backend/main.js:2:1097784)
2024-03-15 16:08:35 2024-03-15T22:08:35.869Z daemon INFO time="2024-03-15T16:08:35-06:00" level=info msg="Adding libraries dir" dir=/home/nrv/.arduino15/libraries location=ide
time="2024-03-15T16:08:35-06:00" level=info msg="Adding libraries dir" dir=/home/nrv/.arduino15/packages/arduino/hardware/avr/1.8.6/libraries location=platform
time="2024-03-15T16:08:35-06:00" level=info msg="Adding libraries dir" dir=/home/nrv/Arduino/libraries location=user
2024-03-15 16:08:36 2024-03-15T22:08:36.363Z root ERROR ---- !!!SLOW!!! DURATION: search took 1568.649 ms. Args: [{"type":"Updatable"}] ----
2024-03-15 16:08:37 2024-03-15T22:08:37.042Z daemon INFO time="2024-03-15T16:08:37-06:00" level=info msg="Checking signature" index=/home/nrv/.arduino15/package_index.json signatureFile=/home/nrv/.arduino15/package_index.json.sig trusted=true
2024-03-15 16:08:37 2024-03-15T22:08:37.042Z daemon INFO time="2024-03-15T16:08:37-06:00" level=info msg="Loading hardware from: /home/nrv/.arduino15/packages"
2024-03-15 16:08:37 2024-03-15T22:08:37.043Z daemon INFO time="2024-03-15T16:08:37-06:00" level=info msg="Loading package arduino from: /home/nrv/.arduino15/packages/arduino/hardware"
2024-03-15 16:08:37 2024-03-15T22:08:37.043Z daemon INFO time="2024-03-15T16:08:37-06:00" level=info msg="Missing signature file" index=/home/nrv/.arduino15/packages/arduino/hardware/avr/1.8.6/installed.json
2024-03-15 16:08:37 2024-03-15T22:08:37.045Z daemon INFO time="2024-03-15T16:08:37-06:00" level=info msg="Adding monitor tool" protocol=serial tool="builtin:serial-monitor"
time="2024-03-15T16:08:37-06:00" level=info msg="Loaded platform" platform="arduino:avr@1.8.6"
2024-03-15 16:08:37 2024-03-15T22:08:37.045Z daemon INFO time="2024-03-15T16:08:37-06:00" level=info msg="Checking existence of 'tools' path: /home/nrv/.arduino15/packages/arduino/tools"
time="2024-03-15T16:08:37-06:00" level=info msg="Loading tools from dir: /home/nrv/.arduino15/packages/arduino/tools"
2024-03-15 16:08:37 2024-03-15T22:08:37.045Z daemon INFO time="2024-03-15T16:08:37-06:00" level=info msg="Loaded tool" tool="arduino:arduinoOTA@1.3.0"
2024-03-15 16:08:37 2024-03-15T22:08:37.045Z daemon INFO time="2024-03-15T16:08:37-06:00" level=info msg="Loaded tool" tool="arduino:avr-gcc@7.3.0-atmel3.6.1-arduino7"
2024-03-15 16:08:37 2024-03-15T22:08:37.045Z daemon INFO time="2024-03-15T16:08:37-06:00" level=info msg="Loaded tool" tool="arduino:avrdude@6.3.0-arduino17"
time="2024-03-15T16:08:37-06:00" level=info msg="Loading package builtin from: /home/nrv/.arduino15/packages/builtin"
2024-03-15 16:08:37 2024-03-15T22:08:37.045Z daemon INFO time="2024-03-15T16:08:37-06:00" level=info msg="Checking existence of 'tools' path: /home/nrv/.arduino15/packages/builtin/tools"
time="2024-03-15T16:08:37-06:00" level=info msg="Loading tools from dir: /home/nrv/.arduino15/packages/builtin/tools"
2024-03-15 16:08:37 2024-03-15T22:08:37.045Z daemon INFO time="2024-03-15T16:08:37-06:00" level=info msg="Loaded tool" tool="builtin:ctags@5.8-arduino11"
2024-03-15 16:08:37 2024-03-15T22:08:37.045Z daemon INFO time="2024-03-15T16:08:37-06:00" level=info msg="Loaded tool" tool="builtin:dfu-discovery@0.1.2"
2024-03-15 16:08:37 2024-03-15T22:08:37.045Z daemon INFO time="2024-03-15T16:08:37-06:00" level=info msg="Loaded tool" tool="builtin:mdns-discovery@1.0.9"
2024-03-15 16:08:37 2024-03-15T22:08:37.045Z daemon INFO time="2024-03-15T16:08:37-06:00" level=info msg="Loaded tool" tool="builtin:serial-discovery@1.4.0"
2024-03-15 16:08:37 2024-03-15T22:08:37.045Z daemon INFO time="2024-03-15T16:08:37-06:00" level=info msg="Loaded tool" tool="builtin:serial-monitor@0.13.0"
2024-03-15 16:08:37 2024-03-15T22:08:37.045Z daemon INFO time="2024-03-15T16:08:37-06:00" level=info msg="Loaded tool" tool="builtin:serial-monitor@0.14.1"
2024-03-15 16:08:37 2024-03-15T22:08:37.045Z daemon INFO time="2024-03-15T16:08:37-06:00" level=info msg="sending command QUIT to discovery builtin:serial-discovery"
2024-03-15 16:08:37 2024-03-15T22:08:37.045Z daemon INFO time="2024-03-15T16:08:37-06:00" level=info msg="from discovery builtin:serial-discovery received message type: quit, message: OK"
time="2024-03-15T16:08:37-06:00" level=info msg="killing discovery builtin:serial-discovery process"
2024-03-15 16:08:37 2024-03-15T22:08:37.045Z daemon INFO time="2024-03-15T16:08:37-06:00" level=info msg="Discovery event channel closed builtin:serial-discovery. Exiting goroutine."
2024-03-15 16:08:37 2024-03-15T22:08:37.046Z discovery-log INFO {"eventType":"remove","port":{"matchingBoardsList":[],"port":{"address":"/dev/ttyACM0","label":"/dev/ttyACM0","protocol":"serial","protocolLabel":"Serial Port (USB)","propertiesMap":[],"hardwareId":""}},"error":""}
2024-03-15 16:08:37 2024-03-15T22:08:37.046Z daemon INFO time="2024-03-15T16:08:37-06:00" level=info msg="killed discovery builtin:serial-discovery process"
time="2024-03-15T16:08:37-06:00" level=info msg="Closed and removed discovery builtin:serial-discovery"
time="2024-03-15T16:08:37-06:00" level=info msg="sending command QUIT to discovery builtin:mdns-discovery"
time="2024-03-15T16:08:37-06:00" level=info msg="from discovery builtin:mdns-discovery received message type: quit, message: OK"
time="2024-03-15T16:08:37-06:00" level=info msg="killing discovery builtin:mdns-discovery process"
time="2024-03-15T16:08:37-06:00" level=info msg="Discovery event channel closed builtin:mdns-discovery. Exiting goroutine."
2024-03-15 16:08:37 2024-03-15T22:08:37.046Z daemon INFO time="2024-03-15T16:08:37-06:00" level=info msg="killed discovery builtin:mdns-discovery process"
time="2024-03-15T16:08:37-06:00" level=info msg="Closed and removed discovery builtin:mdns-discovery"
2024-03-15 16:08:37 2024-03-15T22:08:37.046Z daemon INFO time="2024-03-15T16:08:37-06:00" level=info msg="starting discovery builtin:serial-discovery process"
2024-03-15 16:08:37 2024-03-15T22:08:37.046Z daemon INFO time="2024-03-15T16:08:37-06:00" level=info msg="started discovery builtin:serial-discovery process"
time="2024-03-15T16:08:37-06:00" level=info msg="sending command HELLO 1 \"arduino-cli 0.35.3\" to discovery builtin:serial-discovery"
2024-03-15 16:08:37 2024-03-15T22:08:37.048Z daemon INFO time="2024-03-15T16:08:37-06:00" level=info msg="from discovery builtin:serial-discovery received message type: hello, message: OK, protocol version: 1"
time="2024-03-15T16:08:37-06:00" level=info msg="sending command START_SYNC to discovery builtin:serial-discovery"
2024-03-15 16:08:37 2024-03-15T22:08:37.050Z daemon INFO time="2024-03-15T16:08:37-06:00" level=info msg="from discovery builtin:serial-discovery received message type: start_sync, message: OK"
2024-03-15 16:08:37 2024-03-15T22:08:37.050Z daemon INFO time="2024-03-15T16:08:37-06:00" level=info msg="starting discovery builtin:mdns-discovery process"
2024-03-15 16:08:37 2024-03-15T22:08:37.050Z daemon INFO time="2024-03-15T16:08:37-06:00" level=info msg="from discovery builtin:serial-discovery received message type: add, port: /dev/ttyACM0"
2024-03-15 16:08:37 2024-03-15T22:08:37.050Z discovery-log INFO {"eventType":"add","port":{"matchingBoardsList":[{"name":"Arduino Uno","fqbn":"arduino:avr:uno","isHidden":false}],"port":{"address":"/dev/ttyACM0","label":"/dev/ttyACM0","protocol":"serial","protocolLabel":"Serial Port (USB)","propertiesMap":[["pid","0x0043"],["serialNumber","9573632383235150F192"],["vid","0x2341"]],"hardwareId":"9573632383235150F192"}},"error":""}
2024-03-15 16:08:37 2024-03-15T22:08:37.051Z daemon INFO time="2024-03-15T16:08:37-06:00" level=info msg="started discovery builtin:mdns-discovery process"
time="2024-03-15T16:08:37-06:00" level=info msg="sending command HELLO 1 \"arduino-cli 0.35.3\" to discovery builtin:mdns-discovery"
2024-03-15 16:08:37 2024-03-15T22:08:37.052Z daemon INFO time="2024-03-15T16:08:37-06:00" level=info msg="from discovery builtin:mdns-discovery received message type: hello, message: OK, protocol version: 1"
time="2024-03-15T16:08:37-06:00" level=info msg="sending command START_SYNC to discovery builtin:mdns-discovery"
2024-03-15 16:08:37 2024-03-15T22:08:37.052Z daemon INFO time="2024-03-15T16:08:37-06:00" level=info msg="from discovery builtin:mdns-discovery received message type: start_sync, message: OK"
2024-03-15 16:08:37 2024-03-15T22:08:37.052Z daemon INFO time="2024-03-15T16:08:37-06:00" level=info msg="Adding libraries dir" dir=/home/nrv/.arduino15/packages/arduino/hardware/avr/1.8.6/libraries location=platform
time="2024-03-15T16:08:37-06:00" level=info msg="Loading libraries index file" index=/home/nrv/.arduino15/library_index.json
2024-03-15 16:08:37 2024-03-15T22:08:37.246Z daemon INFO time="2024-03-15T16:08:37-06:00" level=info msg="Adding libraries dir" dir=/home/nrv/.arduino15/libraries location=ide
time="2024-03-15T16:08:37-06:00" level=info msg="Adding libraries dir" dir=/home/nrv/Arduino/libraries location=user
2024-03-15 16:25:17 2024-03-15T22:25:17.350Z daemon INFO time="2024-03-15T16:25:17-06:00" level=info msg="from discovery builtin:serial-discovery received message type: remove, port: /dev/ttyACM0"
2024-03-15 16:25:17 2024-03-15T22:25:17.352Z discovery-log INFO {"eventType":"remove","port":{"matchingBoardsList":[],"port":{"address":"/dev/ttyACM0","label":"","protocol":"serial","protocolLabel":"","propertiesMap":[],"hardwareId":""}},"error":""}
2024-03-15 16:37:59 2024-03-15T22:37:59.614Z daemon INFO time="2024-03-15T16:37:59-06:00" level=info msg="from discovery builtin:serial-discovery received message type: add, port: /dev/ttyACM0"
2024-03-15 16:37:59 2024-03-15T22:37:59.617Z discovery-log INFO {"eventType":"add","port":{"matchingBoardsList":[{"name":"Arduino Uno","fqbn":"arduino:avr:uno","isHidden":false}],"port":{"address":"/dev/ttyACM0","label":"/dev/ttyACM0","protocol":"serial","protocolLabel":"Serial Port (USB)","propertiesMap":[["pid","0x0043"],["serialNumber","9573632383235150F192"],["vid","0x2341"]],"hardwareId":"9573632383235150F192"}},"error":""}
2024-03-15 17:05:14 2024-03-15T23:05:14.309Z daemon INFO time="2024-03-15T17:05:14-06:00" level=info msg="from discovery builtin:serial-discovery received message type: remove, port: /dev/ttyACM0"
2024-03-15 17:05:14 2024-03-15T23:05:14.309Z discovery-log INFO {"eventType":"remove","port":{"matchingBoardsList":[],"port":{"address":"/dev/ttyACM0","label":"","protocol":"serial","protocolLabel":"","propertiesMap":[],"hardwareId":""}},"error":""}
2024-03-15 17:05:14 2024-03-15T23:05:14.813Z daemon INFO time="2024-03-15T17:05:14-06:00" level=info msg="from discovery builtin:serial-discovery received message type: add, port: /dev/ttyACM0"
2024-03-15 17:05:14 2024-03-15T23:05:14.813Z discovery-log INFO {"eventType":"add","port":{"matchingBoardsList":[{"name":"Arduino Uno","fqbn":"arduino:avr:uno","isHidden":false}],"port":{"address":"/dev/ttyACM0","label":"/dev/ttyACM0","protocol":"serial","protocolLabel":"Serial Port (USB)","propertiesMap":[["pid","0x0043"],["serialNumber","9573632383235150F192"],["vid","0x2341"]],"hardwareId":"9573632383235150F192"}},"error":""}
2024-03-15 17:23:44 2024-03-15T23:23:44.129Z daemon INFO time="2024-03-15T17:23:44-06:00" level=info msg="Adding libraries dir" dir=/home/nrv/.arduino15/libraries location=ide
time="2024-03-15T17:23:44-06:00" level=info msg="Adding libraries dir" dir=/home/nrv/.arduino15/packages/arduino/hardware/avr/1.8.6/libraries location=platform
time="2024-03-15T17:23:44-06:00" level=info msg="Adding libraries dir" dir=/home/nrv/Arduino/libraries location=user
2024-03-15 17:23:45 2024-03-15T23:23:45.335Z daemon INFO time="2024-03-15T17:23:45-06:00" level=info msg="Adding libraries dir" dir=/home/nrv/.arduino15/libraries location=ide
2024-03-15 17:23:45 2024-03-15T23:23:45.335Z daemon INFO time="2024-03-15T17:23:45-06:00" level=info msg="Adding libraries dir" dir=/home/nrv/.arduino15/packages/arduino/hardware/avr/1.8.6/libraries location=platform
time="2024-03-15T17:23:45-06:00" level=info msg="Adding libraries dir" dir=/home/nrv/Arduino/libraries location=user
2024-03-15 17:23:47 2024-03-15T23:23:47.436Z daemon INFO time="2024-03-15T17:23:47-06:00" level=info msg="Adding libraries dir" dir=/home/nrv/.arduino15/libraries location=ide
time="2024-03-15T17:23:47-06:00" level=info msg="Adding libraries dir" dir=/home/nrv/.arduino15/packages/arduino/hardware/avr/1.8.6/libraries location=platform
2024-03-15 17:23:47 2024-03-15T23:23:47.437Z daemon INFO time="2024-03-15T17:23:47-06:00" level=info msg="Adding libraries dir" dir=/home/nrv/Arduino/libraries location=user
2024-03-15 17:23:47 2024-03-15T23:23:47.524Z daemon INFO time="2024-03-15T17:23:47-06:00" level=info msg="Adding libraries dir" dir=/home/nrv/.arduino15/libraries location=ide
time="2024-03-15T17:23:47-06:00" level=info msg="Adding libraries dir" dir=/home/nrv/.arduino15/packages/arduino/hardware/avr/1.8.6/libraries location=platform
time="2024-03-15T17:23:47-06:00" level=info msg="Adding libraries dir" dir=/home/nrv/Arduino/libraries location=user
2024-03-15 17:23:47 2024-03-15T23:23:47.567Z daemon INFO time="2024-03-15T17:23:47-06:00" level=info msg="Resolving include LiquidCrystal.h for arch avr"
2024-03-15 17:23:47 2024-03-15T23:23:47.567Z daemon INFO time="2024-03-15T17:23:47-06:00" level=info msg="  found better lib" lib=LiquidCrystal prio=6A4
time="2024-03-15T17:23:47-06:00" level=info msg="  found better lib" lib=LiquidCrystal prio=6A7
2024-03-15 17:23:47 2024-03-15T23:23:47.788Z root INFO Executing 'arduino.languageserver.notifyBuildDidComplete' with "file:///tmp/arduino/sketches/DB51CFFC9284E54D4EDDCA450EE59534"
2024-03-15 17:23:47 2024-03-15T23:23:47.836Z root INFO compiler-errors Current error changed to d;16
2024-03-15 17:23:47 2024-03-15T23:23:47.853Z root INFO compiler-errors Handling selection change in editor file:///home/nrv/Arduino/HelloWorldLCD/HelloWorldLCD.ino. New (monaco) selection: [53,8 -> 53,8]
2024-03-15 17:23:47 2024-03-15T23:23:47.876Z daemon INFO time="2024-03-15T17:23:47-06:00" level=info msg="Tool required for debug" tool="arduino:arduinoOTA@1.3.0"
time="2024-03-15T17:23:47-06:00" level=info msg="Tool required for debug" tool="arduino:avr-gcc@7.3.0-atmel3.6.1-arduino7"
time="2024-03-15T17:23:47-06:00" level=info msg="Tool required for debug" tool="arduino:avrdude@6.3.0-arduino17"
time="2024-03-15T17:23:47-06:00" level=info msg="Tool required for debug" tool="builtin:serial-monitor@0.14.1"
2024-03-15 17:23:47 2024-03-15T23:23:47.876Z daemon INFO time="2024-03-15T17:23:47-06:00" level=info msg="Tool required for debug" tool="builtin:dfu-discovery@0.1.2"
time="2024-03-15T17:23:47-06:00" level=info msg="Tool required for debug" tool="builtin:ctags@5.8-arduino11"
time="2024-03-15T17:23:47-06:00" level=info msg="Tool required for debug" tool="builtin:serial-discovery@1.4.0"
time="2024-03-15T17:23:47-06:00" level=info msg="Tool required for debug" tool="builtin:mdns-discovery@1.0.9"
2024-03-15 17:23:47 2024-03-15T23:23:47.877Z root ERROR Failed to get debug config: arduino:avr:uno, undefined Error: Debugging is not supported.
    at Object.callback (/home/nrv/Arduino/arduino-IDE/resources/app/lib/backend/main.js:2:81196)
    at Object.onReceiveStatus (/home/nrv/Arduino/arduino-IDE/resources/app/lib/backend/main.js:2:788562)
    at Object.onReceiveStatus (/home/nrv/Arduino/arduino-IDE/resources/app/lib/backend/main.js:2:784513)
    at Object.onReceiveStatus (/home/nrv/Arduino/arduino-IDE/resources/app/lib/backend/main.js:2:783958)
    at /home/nrv/Arduino/arduino-IDE/resources/app/lib/backend/main.js:2:870080
    at process.processTicksAndRejections (node:internal/process/task_queues:77:11)
2024-03-15 17:23:47 2024-03-15T23:23:47.877Z root ERROR Request checkDebugEnabled failed with error: Debugging is not supported. Error: Debugging is not supported.
    at Object.callback (/home/nrv/Arduino/arduino-IDE/resources/app/lib/backend/main.js:2:81196)
    at Object.onReceiveStatus (/home/nrv/Arduino/arduino-IDE/resources/app/lib/backend/main.js:2:788562)
    at Object.onReceiveStatus (/home/nrv/Arduino/arduino-IDE/resources/app/lib/backend/main.js:2:784513)
    at Object.onReceiveStatus (/home/nrv/Arduino/arduino-IDE/resources/app/lib/backend/main.js:2:783958)
    at /home/nrv/Arduino/arduino-IDE/resources/app/lib/backend/main.js:2:870080
    at process.processTicksAndRejections (node:internal/process/task_queues:77:11)
2024-03-15 17:23:48 2024-03-15T23:23:48.849Z daemon INFO time="2024-03-15T17:23:48-06:00" level=info msg="Adding libraries dir" dir=/home/nrv/.arduino15/libraries location=ide
2024-03-15 17:23:48 2024-03-15T23:23:48.849Z daemon INFO time="2024-03-15T17:23:48-06:00" level=info msg="Adding libraries dir" dir=/home/nrv/.arduino15/packages/arduino/hardware/avr/1.8.6/libraries location=platform
time="2024-03-15T17:23:48-06:00" level=info msg="Adding libraries dir" dir=/home/nrv/Arduino/libraries location=user
2024-03-15 17:23:51 2024-03-15T23:23:51.132Z root INFO compiler-errors Handling selection change in editor file:///home/nrv/Arduino/HelloWorldLCD/HelloWorldLCD.ino. New (monaco) selection: [53,19 -> 53,19]
2024-03-15 17:23:55 2024-03-15T23:23:55.556Z root INFO compiler-errors decoration range: [53,8 -> 53,8], change range: [53,18 -> 53,19], affects: true
2024-03-15 17:23:55 2024-03-15T23:23:55.557Z root INFO compiler-errors Handling selection change in editor file:///home/nrv/Arduino/HelloWorldLCD/HelloWorldLCD.ino. New (monaco) selection: [53,18 -> 53,18]
2024-03-15 17:23:55 2024-03-15T23:23:55.557Z root INFO compiler-errors New (monaco) selection [53,18 -> 53,18] does not intersect any error locations. Skipping.
2024-03-15 17:23:56 2024-03-15T23:23:56.571Z daemon INFO time="2024-03-15T17:23:56-06:00" level=info msg="Adding libraries dir" dir=/home/nrv/.arduino15/libraries location=ide
time="2024-03-15T17:23:56-06:00" level=info msg="Adding libraries dir" dir=/home/nrv/.arduino15/packages/arduino/hardware/avr/1.8.6/libraries location=platform
time="2024-03-15T17:23:56-06:00" level=info msg="Adding libraries dir" dir=/home/nrv/Arduino/libraries location=user
2024-03-15 17:23:57 2024-03-15T23:23:57.093Z daemon INFO time="2024-03-15T17:23:57-06:00" level=info msg="Adding libraries dir" dir=/home/nrv/.arduino15/libraries location=ide
2024-03-15 17:23:57 2024-03-15T23:23:57.093Z daemon INFO time="2024-03-15T17:23:57-06:00" level=info msg="Adding libraries dir" dir=/home/nrv/.arduino15/packages/arduino/hardware/avr/1.8.6/libraries location=platform
time="2024-03-15T17:23:57-06:00" level=info msg="Adding libraries dir" dir=/home/nrv/Arduino/libraries location=user
2024-03-15 17:23:57 2024-03-15T23:23:57.133Z daemon INFO time="2024-03-15T17:23:57-06:00" level=info msg="Resolving include LiquidCrystal.h for arch avr"
time="2024-03-15T17:23:57-06:00" level=info msg="  found better lib" lib=LiquidCrystal prio=6A4
time="2024-03-15T17:23:57-06:00" level=info msg="  found better lib" lib=LiquidCrystal prio=6A7
2024-03-15 17:23:57 2024-03-15T23:23:57.695Z root INFO Executing 'arduino.languageserver.notifyBuildDidComplete' with "file:///tmp/arduino/sketches/DB51CFFC9284E54D4EDDCA450EE59534"
2024-03-15 17:23:57 2024-03-15T23:23:57.739Z daemon INFO time="2024-03-15T17:23:57-06:00" level=info msg="Tool required for debug" tool="arduino:arduinoOTA@1.3.0"
time="2024-03-15T17:23:57-06:00" level=info msg="Tool required for debug" tool="arduino:avr-gcc@7.3.0-atmel3.6.1-arduino7"
time="2024-03-15T17:23:57-06:00" level=info msg="Tool required for debug" tool="arduino:avrdude@6.3.0-arduino17"
time="2024-03-15T17:23:57-06:00" level=info msg="Tool required for debug" tool="builtin:dfu-discovery@0.1.2"
time="2024-03-15T17:23:57-06:00" level=info msg="Tool required for debug" tool="builtin:ctags@5.8-arduino11"
2024-03-15 17:23:57 2024-03-15T23:23:57.740Z daemon INFO time="2024-03-15T17:23:57-06:00" level=info msg="Tool required for debug" tool="builtin:serial-discovery@1.4.0"
time="2024-03-15T17:23:57-06:00" level=info msg="Tool required for debug" tool="builtin:mdns-discovery@1.0.9"
time="2024-03-15T17:23:57-06:00" level=info msg="Tool required for debug" tool="builtin:serial-monitor@0.14.1"
2024-03-15 17:23:57 2024-03-15T23:23:57.740Z root ERROR Failed to get debug config: arduino:avr:uno, undefined Error: Debugging is not supported.
    at Object.callback (/home/nrv/Arduino/arduino-IDE/resources/app/lib/backend/main.js:2:81196)
    at Object.onReceiveStatus (/home/nrv/Arduino/arduino-IDE/resources/app/lib/backend/main.js:2:788562)
    at Object.onReceiveStatus (/home/nrv/Arduino/arduino-IDE/resources/app/lib/backend/main.js:2:784513)
    at Object.onReceiveStatus (/home/nrv/Arduino/arduino-IDE/resources/app/lib/backend/main.js:2:783958)
    at /home/nrv/Arduino/arduino-IDE/resources/app/lib/backend/main.js:2:870080
    at process.processTicksAndRejections (node:internal/process/task_queues:77:11)
2024-03-15 17:23:57 2024-03-15T23:23:57.740Z root ERROR Request checkDebugEnabled failed with error: Debugging is not supported. Error: Debugging is not supported.
    at Object.callback (/home/nrv/Arduino/arduino-IDE/resources/app/lib/backend/main.js:2:81196)
    at Object.onReceiveStatus (/home/nrv/Arduino/arduino-IDE/resources/app/lib/backend/main.js:2:788562)
    at Object.onReceiveStatus (/home/nrv/Arduino/arduino-IDE/resources/app/lib/backend/main.js:2:784513)
    at Object.onReceiveStatus (/home/nrv/Arduino/arduino-IDE/resources/app/lib/backend/main.js:2:783958)
    at /home/nrv/Arduino/arduino-IDE/resources/app/lib/backend/main.js:2:870080
    at process.processTicksAndRejections (node:internal/process/task_queues:77:11)
2024-03-15 17:23:58 2024-03-15T23:23:58.727Z daemon INFO time="2024-03-15T17:23:58-06:00" level=info msg="Adding libraries dir" dir=/home/nrv/.arduino15/libraries location=ide
time="2024-03-15T17:23:58-06:00" level=info msg="Adding libraries dir" dir=/home/nrv/.arduino15/packages/arduino/hardware/avr/1.8.6/libraries location=platform
2024-03-15 17:23:58 2024-03-15T23:23:58.727Z daemon INFO time="2024-03-15T17:23:58-06:00" level=info msg="Adding libraries dir" dir=/home/nrv/Arduino/libraries location=user
2024-03-15 17:24:00 2024-03-15T23:24:00.221Z root INFO Received port after upload [arduino+serial:///dev/ttyACM0, arduino:avr:uno, HelloWorldLCD]. Before port: {"address":"/dev/ttyACM0","addressLabel":"/dev/ttyACM0","protocol":"serial","protocolLabel":"Serial Port (USB)","properties":{"pid":"0x0043","serialNumber":"9573632383235150F192","vid":"0x2341"},"hardwareId":"9573632383235150F192"}, after port: {"address":"/dev/ttyACM0","addressLabel":"/dev/ttyACM0","protocol":"serial","protocolLabel":"Serial Port (USB)","properties":{"pid":"0x0043","serialNumber":"9573632383235150F192","vid":"0x2341"},"hardwareId":"9573632383235150F192"}
2024-03-15 17:24:09 2024-03-15T23:24:09.072Z daemon INFO time="2024-03-15T17:24:09-06:00" level=info msg="Adding libraries dir" dir=/home/nrv/.arduino15/libraries location=ide
2024-03-15 17:24:09 2024-03-15T23:24:09.072Z daemon INFO time="2024-03-15T17:24:09-06:00" level=info msg="Adding libraries dir" dir=/home/nrv/.arduino15/packages/arduino/hardware/avr/1.8.6/libraries location=platform
time="2024-03-15T17:24:09-06:00" level=info msg="Adding libraries dir" dir=/home/nrv/Arduino/libraries location=user
2024-03-15 17:24:10 2024-03-15T23:24:10.264Z daemon INFO time="2024-03-15T17:24:10-06:00" level=info msg="Adding libraries dir" dir=/home/nrv/.arduino15/libraries location=ide
2024-03-15 17:24:10 2024-03-15T23:24:10.264Z daemon INFO time="2024-03-15T17:24:10-06:00" level=info msg="Adding libraries dir" dir=/home/nrv/.arduino15/packages/arduino/hardware/avr/1.8.6/libraries location=platform
time="2024-03-15T17:24:10-06:00" level=info msg="Adding libraries dir" dir=/home/nrv/Arduino/libraries location=user
2024-03-15 17:24:13 2024-03-15T23:24:13.565Z daemon INFO time="2024-03-15T17:24:13-06:00" level=info msg="Adding libraries dir" dir=/home/nrv/.arduino15/libraries location=ide
time="2024-03-15T17:24:13-06:00" level=info msg="Adding libraries dir" dir=/home/nrv/.arduino15/packages/arduino/hardware/avr/1.8.6/libraries location=platform
time="2024-03-15T17:24:13-06:00" level=info msg="Adding libraries dir" dir=/home/nrv/Arduino/libraries location=user
2024-03-15 17:24:13 2024-03-15T23:24:13.604Z daemon INFO time="2024-03-15T17:24:13-06:00" level=info msg="Resolving include LiquidCrystal.h for arch avr"
time="2024-03-15T17:24:13-06:00" level=info msg="  found better lib" lib=LiquidCrystal prio=6A4
time="2024-03-15T17:24:13-06:00" level=info msg="  found better lib" lib=LiquidCrystal prio=6A7
2024-03-15 17:24:13 2024-03-15T23:24:13.653Z daemon INFO time="2024-03-15T17:24:13-06:00" level=info msg="Adding libraries dir" dir=/home/nrv/.arduino15/libraries location=ide
time="2024-03-15T17:24:13-06:00" level=info msg="Adding libraries dir" dir=/home/nrv/.arduino15/packages/arduino/hardware/avr/1.8.6/libraries location=platform
time="2024-03-15T17:24:13-06:00" level=info msg="Adding libraries dir" dir=/home/nrv/Arduino/libraries location=user
2024-03-15 17:24:13 2024-03-15T23:24:13.845Z root INFO Executing 'arduino.languageserver.notifyBuildDidComplete' with "file:///tmp/arduino/sketches/DB51CFFC9284E54D4EDDCA450EE59534"
2024-03-15 17:24:13 2024-03-15T23:24:13.891Z daemon INFO time="2024-03-15T17:24:13-06:00" level=info msg="Tool required for debug" tool="arduino:arduinoOTA@1.3.0"
time="2024-03-15T17:24:13-06:00" level=info msg="Tool required for debug" tool="arduino:avr-gcc@7.3.0-atmel3.6.1-arduino7"
time="2024-03-15T17:24:13-06:00" level=info msg="Tool required for debug" tool="arduino:avrdude@6.3.0-arduino17"
time="2024-03-15T17:24:13-06:00" level=info msg="Tool required for debug" tool="builtin:serial-monitor@0.14.1"
time="2024-03-15T17:24:13-06:00" level=info msg="Tool required for debug" tool="builtin:dfu-discovery@0.1.2"
2024-03-15 17:24:13 2024-03-15T23:24:13.891Z daemon INFO time="2024-03-15T17:24:13-06:00" level=info msg="Tool required for debug" tool="builtin:ctags@5.8-arduino11"
time="2024-03-15T17:24:13-06:00" level=info msg="Tool required for debug" tool="builtin:serial-discovery@1.4.0"
time="2024-03-15T17:24:13-06:00" level=info msg="Tool required for debug" tool="builtin:mdns-discovery@1.0.9"
2024-03-15 17:24:13 2024-03-15T23:24:13.892Z root ERROR Failed to get debug config: arduino:avr:uno, undefined Error: Debugging is not supported.
    at Object.callback (/home/nrv/Arduino/arduino-IDE/resources/app/lib/backend/main.js:2:81196)
    at Object.onReceiveStatus (/home/nrv/Arduino/arduino-IDE/resources/app/lib/backend/main.js:2:788562)
    at Object.onReceiveStatus (/home/nrv/Arduino/arduino-IDE/resources/app/lib/backend/main.js:2:784513)
    at Object.onReceiveStatus (/home/nrv/Arduino/arduino-IDE/resources/app/lib/backend/main.js:2:783958)
    at /home/nrv/Arduino/arduino-IDE/resources/app/lib/backend/main.js:2:870080
    at process.processTicksAndRejections (node:internal/process/task_queues:77:11)
2024-03-15 17:24:13 2024-03-15T23:24:13.892Z root ERROR Request checkDebugEnabled failed with error: Debugging is not supported. Error: Debugging is not supported.
    at Object.callback (/home/nrv/Arduino/arduino-IDE/resources/app/lib/backend/main.js:2:81196)
    at Object.onReceiveStatus (/home/nrv/Arduino/arduino-IDE/resources/app/lib/backend/main.js:2:788562)
    at Object.onReceiveStatus (/home/nrv/Arduino/arduino-IDE/resources/app/lib/backend/main.js:2:784513)
    at Object.onReceiveStatus (/home/nrv/Arduino/arduino-IDE/resources/app/lib/backend/main.js:2:783958)
    at /home/nrv/Arduino/arduino-IDE/resources/app/lib/backend/main.js:2:870080
    at process.processTicksAndRejections (node:internal/process/task_queues:77:11)
2024-03-15 17:24:14 2024-03-15T23:24:14.879Z daemon INFO time="2024-03-15T17:24:14-06:00" level=info msg="Adding libraries dir" dir=/home/nrv/.arduino15/libraries location=ide
time="2024-03-15T17:24:14-06:00" level=info msg="Adding libraries dir" dir=/home/nrv/.arduino15/packages/arduino/hardware/avr/1.8.6/libraries location=platform
time="2024-03-15T17:24:14-06:00" level=info msg="Adding libraries dir" dir=/home/nrv/Arduino/libraries location=user
2024-03-15 17:24:16 2024-03-15T23:24:16.366Z root INFO Received port after upload [arduino+serial:///dev/ttyACM0, arduino:avr:uno, HelloWorldLCD]. Before port: {"address":"/dev/ttyACM0","addressLabel":"/dev/ttyACM0","protocol":"serial","protocolLabel":"Serial Port (USB)","properties":{"pid":"0x0043","serialNumber":"9573632383235150F192","vid":"0x2341"},"hardwareId":"9573632383235150F192"}, after port: {"address":"/dev/ttyACM0","addressLabel":"/dev/ttyACM0","protocol":"serial","protocolLabel":"Serial Port (USB)","properties":{"pid":"0x0043","serialNumber":"9573632383235150F192","vid":"0x2341"},"hardwareId":"9573632383235150F192"}
2024-03-15 17:24:27 2024-03-15T23:24:27.514Z daemon INFO time="2024-03-15T17:24:27-06:00" level=info msg="Adding libraries dir" dir=/home/nrv/.arduino15/libraries location=ide
2024-03-15 17:24:27 2024-03-15T23:24:27.514Z daemon INFO time="2024-03-15T17:24:27-06:00" level=info msg="Adding libraries dir" dir=/home/nrv/.arduino15/packages/arduino/hardware/avr/1.8.6/libraries location=platform
time="2024-03-15T17:24:27-06:00" level=info msg="Adding libraries dir" dir=/home/nrv/Arduino/libraries location=user
2024-03-15 17:24:29 2024-03-15T23:24:29.345Z daemon INFO time="2024-03-15T17:24:29-06:00" level=info msg="Adding libraries dir" dir=/home/nrv/.arduino15/libraries location=ide
time="2024-03-15T17:24:29-06:00" level=info msg="Adding libraries dir" dir=/home/nrv/.arduino15/packages/arduino/hardware/avr/1.8.6/libraries location=platform
2024-03-15 17:24:29 2024-03-15T23:24:29.345Z daemon INFO time="2024-03-15T17:24:29-06:00" level=info msg="Adding libraries dir" dir=/home/nrv/Arduino/libraries location=user
2024-03-15 17:24:29 2024-03-15T23:24:29.385Z daemon INFO time="2024-03-15T17:24:29-06:00" level=info msg="Resolving include LiquidCrystal.h for arch avr"
time="2024-03-15T17:24:29-06:00" level=info msg="  found better lib" lib=LiquidCrystal prio=6A4
2024-03-15 17:24:29 2024-03-15T23:24:29.385Z daemon INFO time="2024-03-15T17:24:29-06:00" level=info msg="  found better lib" lib=LiquidCrystal prio=6A7
2024-03-15 17:24:29 2024-03-15T23:24:29.612Z root INFO Executing 'arduino.languageserver.notifyBuildDidComplete' with "file:///tmp/arduino/sketches/DB51CFFC9284E54D4EDDCA450EE59534"
2024-03-15 17:24:29 2024-03-15T23:24:29.717Z daemon INFO time="2024-03-15T17:24:29-06:00" level=info msg="Tool required for debug" tool="arduino:arduinoOTA@1.3.0"
time="2024-03-15T17:24:29-06:00" level=info msg="Tool required for debug" tool="arduino:avr-gcc@7.3.0-atmel3.6.1-arduino7"
2024-03-15 17:24:29 2024-03-15T23:24:29.717Z daemon INFO time="2024-03-15T17:24:29-06:00" level=info msg="Tool required for debug" tool="arduino:avrdude@6.3.0-arduino17"
time="2024-03-15T17:24:29-06:00" level=info msg="Tool required for debug" tool="builtin:mdns-discovery@1.0.9"
time="2024-03-15T17:24:29-06:00" level=info msg="Tool required for debug" tool="builtin:serial-monitor@0.14.1"
time="2024-03-15T17:24:29-06:00" level=info msg="Tool required for debug" tool="builtin:dfu-discovery@0.1.2"
time="2024-03-15T17:24:29-06:00" level=info msg="Tool required for debug" tool="builtin:ctags@5.8-arduino11"
2024-03-15 17:24:29 2024-03-15T23:24:29.717Z daemon INFO time="2024-03-15T17:24:29-06:00" level=info msg="Tool required for debug" tool="builtin:serial-discovery@1.4.0"
2024-03-15 17:24:29 2024-03-15T23:24:29.718Z root ERROR Failed to get debug config: arduino:avr:uno, undefined Error: Debugging is not supported.
    at Object.callback (/home/nrv/Arduino/arduino-IDE/resources/app/lib/backend/main.js:2:81196)
    at Object.onReceiveStatus (/home/nrv/Arduino/arduino-IDE/resources/app/lib/backend/main.js:2:788562)
    at Object.onReceiveStatus (/home/nrv/Arduino/arduino-IDE/resources/app/lib/backend/main.js:2:784513)
    at Object.onReceiveStatus (/home/nrv/Arduino/arduino-IDE/resources/app/lib/backend/main.js:2:783958)
    at /home/nrv/Arduino/arduino-IDE/resources/app/lib/backend/main.js:2:870080
    at process.processTicksAndRejections (node:internal/process/task_queues:77:11)
2024-03-15 17:24:29 2024-03-15T23:24:29.718Z root ERROR Request checkDebugEnabled failed with error: Debugging is not supported. Error: Debugging is not supported.
    at Object.callback (/home/nrv/Arduino/arduino-IDE/resources/app/lib/backend/main.js:2:81196)
    at Object.onReceiveStatus (/home/nrv/Arduino/arduino-IDE/resources/app/lib/backend/main.js:2:788562)
    at Object.onReceiveStatus (/home/nrv/Arduino/arduino-IDE/resources/app/lib/backend/main.js:2:784513)
    at Object.onReceiveStatus (/home/nrv/Arduino/arduino-IDE/resources/app/lib/backend/main.js:2:783958)
    at /home/nrv/Arduino/arduino-IDE/resources/app/lib/backend/main.js:2:870080
    at process.processTicksAndRejections (node:internal/process/task_queues:77:11)
2024-03-15 17:24:30 2024-03-15T23:24:30.670Z daemon INFO time="2024-03-15T17:24:30-06:00" level=info msg="Adding libraries dir" dir=/home/nrv/.arduino15/libraries location=ide
time="2024-03-15T17:24:30-06:00" level=info msg="Adding libraries dir" dir=/home/nrv/.arduino15/packages/arduino/hardware/avr/1.8.6/libraries location=platform
time="2024-03-15T17:24:30-06:00" level=info msg="Adding libraries dir" dir=/home/nrv/Arduino/libraries location=user
2024-03-15 17:24:32 2024-03-15T23:24:32.162Z root INFO Received port after upload [arduino+serial:///dev/ttyACM0, arduino:avr:uno, HelloWorldLCD]. Before port: {"address":"/dev/ttyACM0","addressLabel":"/dev/ttyACM0","protocol":"serial","protocolLabel":"Serial Port (USB)","properties":{"pid":"0x0043","serialNumber":"9573632383235150F192","vid":"0x2341"},"hardwareId":"9573632383235150F192"}, after port: {"address":"/dev/ttyACM0","addressLabel":"/dev/ttyACM0","protocol":"serial","protocolLabel":"Serial Port (USB)","properties":{"pid":"0x0043","serialNumber":"9573632383235150F192","vid":"0x2341"},"hardwareId":"9573632383235150F192"}
2024-03-15 17:24:39 2024-03-15T23:24:39.675Z daemon INFO time="2024-03-15T17:24:39-06:00" level=info msg="Adding libraries dir" dir=/home/nrv/.arduino15/libraries location=ide
2024-03-15 17:24:39 2024-03-15T23:24:39.675Z daemon INFO time="2024-03-15T17:24:39-06:00" level=info msg="Adding libraries dir" dir=/home/nrv/.arduino15/packages/arduino/hardware/avr/1.8.6/libraries location=platform
time="2024-03-15T17:24:39-06:00" level=info msg="Adding libraries dir" dir=/home/nrv/Arduino/libraries location=user
2024-03-15 17:24:40 2024-03-15T23:24:40.011Z daemon INFO time="2024-03-15T17:24:40-06:00" level=info msg="Adding libraries dir" dir=/home/nrv/.arduino15/libraries location=ide
time="2024-03-15T17:24:40-06:00" level=info msg="Adding libraries dir" dir=/home/nrv/.arduino15/packages/arduino/hardware/avr/1.8.6/libraries location=platform
time="2024-03-15T17:24:40-06:00" level=info msg="Adding libraries dir" dir=/home/nrv/Arduino/libraries location=user
2024-03-15 17:24:40 2024-03-15T23:24:40.053Z daemon INFO time="2024-03-15T17:24:40-06:00" level=info msg="Resolving include LiquidCrystal.h for arch avr"
time="2024-03-15T17:24:40-06:00" level=info msg="  found better lib" lib=LiquidCrystal prio=6A4
time="2024-03-15T17:24:40-06:00" level=info msg="  found better lib" lib=LiquidCrystal prio=6A7
2024-03-15 17:24:40 2024-03-15T23:24:40.281Z root INFO Executing 'arduino.languageserver.notifyBuildDidComplete' with "file:///tmp/arduino/sketches/DB51CFFC9284E54D4EDDCA450EE59534"
2024-03-15 17:24:40 2024-03-15T23:24:40.328Z daemon INFO time="2024-03-15T17:24:40-06:00" level=info msg="Tool required for debug" tool="arduino:arduinoOTA@1.3.0"
time="2024-03-15T17:24:40-06:00" level=info msg="Tool required for debug" tool="arduino:avr-gcc@7.3.0-atmel3.6.1-arduino7"
time="2024-03-15T17:24:40-06:00" level=info msg="Tool required for debug" tool="arduino:avrdude@6.3.0-arduino17"
time="2024-03-15T17:24:40-06:00" level=info msg="Tool required for debug" tool="builtin:serial-discovery@1.4.0"
2024-03-15 17:24:40 2024-03-15T23:24:40.328Z daemon INFO time="2024-03-15T17:24:40-06:00" level=info msg="Tool required for debug" tool="builtin:mdns-discovery@1.0.9"
time="2024-03-15T17:24:40-06:00" level=info msg="Tool required for debug" tool="builtin:serial-monitor@0.14.1"
time="2024-03-15T17:24:40-06:00" level=info msg="Tool required for debug" tool="builtin:dfu-discovery@0.1.2"
time="2024-03-15T17:24:40-06:00" level=info msg="Tool required for debug" tool="builtin:ctags@5.8-arduino11"
2024-03-15 17:24:40 2024-03-15T23:24:40.328Z root ERROR Failed to get debug config: arduino:avr:uno, undefined Error: Debugging is not supported.
    at Object.callback (/home/nrv/Arduino/arduino-IDE/resources/app/lib/backend/main.js:2:81196)
    at Object.onReceiveStatus (/home/nrv/Arduino/arduino-IDE/resources/app/lib/backend/main.js:2:788562)
    at Object.onReceiveStatus (/home/nrv/Arduino/arduino-IDE/resources/app/lib/backend/main.js:2:784513)
    at Object.onReceiveStatus (/home/nrv/Arduino/arduino-IDE/resources/app/lib/backend/main.js:2:783958)
    at /home/nrv/Arduino/arduino-IDE/resources/app/lib/backend/main.js:2:870080
    at process.processTicksAndRejections (node:internal/process/task_queues:77:11)
2024-03-15 17:24:40 2024-03-15T23:24:40.328Z root ERROR Request checkDebugEnabled failed with error: Debugging is not supported. Error: Debugging is not supported.
    at Object.callback (/home/nrv/Arduino/arduino-IDE/resources/app/lib/backend/main.js:2:81196)
    at Object.onReceiveStatus (/home/nrv/Arduino/arduino-IDE/resources/app/lib/backend/main.js:2:788562)
    at Object.onReceiveStatus (/home/nrv/Arduino/arduino-IDE/resources/app/lib/backend/main.js:2:784513)
    at Object.onReceiveStatus (/home/nrv/Arduino/arduino-IDE/resources/app/lib/backend/main.js:2:783958)
    at /home/nrv/Arduino/arduino-IDE/resources/app/lib/backend/main.js:2:870080
    at process.processTicksAndRejections (node:internal/process/task_queues:77:11)
2024-03-15 17:24:41 2024-03-15T23:24:41.317Z daemon INFO time="2024-03-15T17:24:41-06:00" level=info msg="Adding libraries dir" dir=/home/nrv/.arduino15/libraries location=ide
time="2024-03-15T17:24:41-06:00" level=info msg="Adding libraries dir" dir=/home/nrv/.arduino15/packages/arduino/hardware/avr/1.8.6/libraries location=platform
time="2024-03-15T17:24:41-06:00" level=info msg="Adding libraries dir" dir=/home/nrv/Arduino/libraries location=user
2024-03-15 17:24:42 2024-03-15T23:24:42.812Z root INFO Received port after upload [arduino+serial:///dev/ttyACM0, arduino:avr:uno, HelloWorldLCD]. Before port: {"address":"/dev/ttyACM0","addressLabel":"/dev/ttyACM0","protocol":"serial","protocolLabel":"Serial Port (USB)","properties":{"pid":"0x0043","serialNumber":"9573632383235150F192","vid":"0x2341"},"hardwareId":"9573632383235150F192"}, after port: {"address":"/dev/ttyACM0","addressLabel":"/dev/ttyACM0","protocol":"serial","protocolLabel":"Serial Port (USB)","properties":{"pid":"0x0043","serialNumber":"9573632383235150F192","vid":"0x2341"},"hardwareId":"9573632383235150F192"}
2024-03-15 17:24:53 2024-03-15T23:24:53.333Z daemon INFO time="2024-03-15T17:24:53-06:00" level=info msg="Adding libraries dir" dir=/home/nrv/.arduino15/libraries location=ide
time="2024-03-15T17:24:53-06:00" level=info msg="Adding libraries dir" dir=/home/nrv/.arduino15/packages/arduino/hardware/avr/1.8.6/libraries location=platform
time="2024-03-15T17:24:53-06:00" level=info msg="Adding libraries dir" dir=/home/nrv/Arduino/libraries location=user
2024-03-15 17:24:55 2024-03-15T23:24:55.749Z daemon INFO time="2024-03-15T17:24:55-06:00" level=info msg="Adding libraries dir" dir=/home/nrv/.arduino15/libraries location=ide
time="2024-03-15T17:24:55-06:00" level=info msg="Adding libraries dir" dir=/home/nrv/.arduino15/packages/arduino/hardware/avr/1.8.6/libraries location=platform
time="2024-03-15T17:24:55-06:00" level=info msg="Adding libraries dir" dir=/home/nrv/Arduino/libraries location=user
2024-03-15 17:24:56 2024-03-15T23:24:56.023Z daemon INFO time="2024-03-15T17:24:56-06:00" level=info msg="Adding libraries dir" dir=/home/nrv/.arduino15/libraries location=ide
2024-03-15 17:24:56 2024-03-15T23:24:56.023Z daemon INFO time="2024-03-15T17:24:56-06:00" level=info msg="Adding libraries dir" dir=/home/nrv/.arduino15/packages/arduino/hardware/avr/1.8.6/libraries location=platform
time="2024-03-15T17:24:56-06:00" level=info msg="Adding libraries dir" dir=/home/nrv/Arduino/libraries location=user
2024-03-15 17:24:56 2024-03-15T23:24:56.063Z daemon INFO time="2024-03-15T17:24:56-06:00" level=info msg="Resolving include LiquidCrystal.h for arch avr"
time="2024-03-15T17:24:56-06:00" level=info msg="  found better lib" lib=LiquidCrystal prio=6A4
time="2024-03-15T17:24:56-06:00" level=info msg="  found better lib" lib=LiquidCrystal prio=6A7
2024-03-15 17:24:56 2024-03-15T23:24:56.290Z root INFO Executing 'arduino.languageserver.notifyBuildDidComplete' with "file:///tmp/arduino/sketches/DB51CFFC9284E54D4EDDCA450EE59534"
2024-03-15 17:24:56 2024-03-15T23:24:56.334Z daemon INFO time="2024-03-15T17:24:56-06:00" level=info msg="Tool required for debug" tool="arduino:arduinoOTA@1.3.0"
time="2024-03-15T17:24:56-06:00" level=info msg="Tool required for debug" tool="arduino:avr-gcc@7.3.0-atmel3.6.1-arduino7"
2024-03-15 17:24:56 2024-03-15T23:24:56.334Z daemon INFO time="2024-03-15T17:24:56-06:00" level=info msg="Tool required for debug" tool="arduino:avrdude@6.3.0-arduino17"
time="2024-03-15T17:24:56-06:00" level=info msg="Tool required for debug" tool="builtin:ctags@5.8-arduino11"
time="2024-03-15T17:24:56-06:00" level=info msg="Tool required for debug" tool="builtin:serial-discovery@1.4.0"
time="2024-03-15T17:24:56-06:00" level=info msg="Tool required for debug" tool="builtin:mdns-discovery@1.0.9"
time="2024-03-15T17:24:56-06:00" level=info msg="Tool required for debug" tool="builtin:serial-monitor@0.14.1"
time="2024-03-15T17:24:56-06:00" level=info msg="Tool required for debug" tool="builtin:dfu-discovery@0.1.2"
2024-03-15 17:24:56 2024-03-15T23:24:56.335Z root ERROR Failed to get debug config: arduino:avr:uno, undefined Error: Debugging is not supported.
    at Object.callback (/home/nrv/Arduino/arduino-IDE/resources/app/lib/backend/main.js:2:81196)
    at Object.onReceiveStatus (/home/nrv/Arduino/arduino-IDE/resources/app/lib/backend/main.js:2:788562)
    at Object.onReceiveStatus (/home/nrv/Arduino/arduino-IDE/resources/app/lib/backend/main.js:2:784513)
    at Object.onReceiveStatus (/home/nrv/Arduino/arduino-IDE/resources/app/lib/backend/main.js:2:783958)
    at /home/nrv/Arduino/arduino-IDE/resources/app/lib/backend/main.js:2:870080
    at process.processTicksAndRejections (node:internal/process/task_queues:77:11)
2024-03-15 17:24:56 2024-03-15T23:24:56.335Z root ERROR Request checkDebugEnabled failed with error: Debugging is not supported. Error: Debugging is not supported.
    at Object.callback (/home/nrv/Arduino/arduino-IDE/resources/app/lib/backend/main.js:2:81196)
    at Object.onReceiveStatus (/home/nrv/Arduino/arduino-IDE/resources/app/lib/backend/main.js:2:788562)
    at Object.onReceiveStatus (/home/nrv/Arduino/arduino-IDE/resources/app/lib/backend/main.js:2:784513)
    at Object.onReceiveStatus (/home/nrv/Arduino/arduino-IDE/resources/app/lib/backend/main.js:2:783958)
    at /home/nrv/Arduino/arduino-IDE/resources/app/lib/backend/main.js:2:870080
    at process.processTicksAndRejections (node:internal/process/task_queues:77:11)
2024-03-15 17:24:57 2024-03-15T23:24:57.324Z daemon INFO time="2024-03-15T17:24:57-06:00" level=info msg="Adding libraries dir" dir=/home/nrv/.arduino15/libraries location=ide
time="2024-03-15T17:24:57-06:00" level=info msg="Adding libraries dir" dir=/home/nrv/.arduino15/packages/arduino/hardware/avr/1.8.6/libraries location=platform
2024-03-15 17:24:57 2024-03-15T23:24:57.324Z daemon INFO time="2024-03-15T17:24:57-06:00" level=info msg="Adding libraries dir" dir=/home/nrv/Arduino/libraries location=user
2024-03-15 17:24:58 2024-03-15T23:24:58.809Z root INFO Received port after upload [arduino+serial:///dev/ttyACM0, arduino:avr:uno, HelloWorldLCD]. Before port: {"address":"/dev/ttyACM0","addressLabel":"/dev/ttyACM0","protocol":"serial","protocolLabel":"Serial Port (USB)","properties":{"pid":"0x0043","serialNumber":"9573632383235150F192","vid":"0x2341"},"hardwareId":"9573632383235150F192"}, after port: {"address":"/dev/ttyACM0","addressLabel":"/dev/ttyACM0","protocol":"serial","protocolLabel":"Serial Port (USB)","properties":{"pid":"0x0043","serialNumber":"9573632383235150F192","vid":"0x2341"},"hardwareId":"9573632383235150F192"}
2024-03-15 17:52:24 2024-03-15T23:52:24.408Z daemon INFO time="2024-03-15T17:52:24-06:00" level=info msg="from discovery builtin:serial-discovery received message type: remove, port: /dev/ttyACM0"
2024-03-15 17:52:24 2024-03-15T23:52:24.409Z discovery-log INFO {"eventType":"remove","port":{"matchingBoardsList":[],"port":{"address":"/dev/ttyACM0","label":"","protocol":"serial","protocolLabel":"","propertiesMap":[],"hardwareId":""}},"error":""}
2024-03-15 17:52:37 2024-03-15T23:52:37.805Z daemon INFO time="2024-03-15T17:52:37-06:00" level=info msg="from discovery builtin:serial-discovery received message type: add, port: /dev/ttyACM0"
2024-03-15 17:52:37 2024-03-15T23:52:37.807Z discovery-log INFO {"eventType":"add","port":{"matchingBoardsList":[{"name":"Arduino Uno","fqbn":"arduino:avr:uno","isHidden":false}],"port":{"address":"/dev/ttyACM0","label":"/dev/ttyACM0","protocol":"serial","protocolLabel":"Serial Port (USB)","propertiesMap":[["pid","0x0043"],["serialNumber","9573632383235150F192"],["vid","0x2341"]],"hardwareId":"9573632383235150F192"}},"error":""}
2024-03-15 19:58:00 2024-03-16T01:58:00.310Z daemon INFO time="2024-03-15T19:58:00-06:00" level=info msg="from discovery builtin:serial-discovery received message type: remove, port: /dev/ttyACM0"
2024-03-15 19:58:00 2024-03-16T01:58:00.312Z discovery-log INFO {"eventType":"remove","port":{"matchingBoardsList":[],"port":{"address":"/dev/ttyACM0","label":"","protocol":"serial","protocolLabel":"","propertiesMap":[],"hardwareId":""}},"error":""}
