2024-04-18 08:37:12 Arduino IDE 2.3.2
2024-04-18 08:37:12 Checking for frontend application configuration customizations. Module path: /home/nrv/dev/Arduino/arduino-IDE/resources/app/lib/backend/electron-main.js, destination 'package.json': /home/nrv/dev/Arduino/arduino-IDE/resources/app/package.json
2024-04-18 08:37:13 Setting 'theia.frontend.config.appVersion' application configuration value to: "2.3.2" (type of string)
2024-04-18 08:37:13 Setting 'theia.frontend.config.cliVersion' application configuration value to: "0.35.3" (type of string)
2024-04-18 08:37:13 Setting 'theia.frontend.config.buildDate' application configuration value to: "2024-02-20T09:54:08.669Z" (type of string)
2024-04-18 08:37:13 Frontend application configuration after modifications: {"applicationName":"Arduino IDE","defaultTheme":{"light":"arduino-theme","dark":"arduino-theme-dark"},"defaultIconTheme":"none","electron":{"windowOptions":{}},"defaultLocale":"","validatePreferencesSchema":false,"preferences":{"window.title":"${rootName}${activeEditorShort}${appName}","files.autoSave":"afterDelay","editor.minimap.enabled":false,"editor.tabSize":2,"editor.scrollBeyondLastLine":false,"editor.quickSuggestions":{"other":false,"comments":false,"strings":false},"editor.maxTokenizationLineLength":500,"editor.bracketPairColorization.enabled":false,"breadcrumbs.enabled":false,"workbench.tree.renderIndentGuides":"none","explorer.compactFolders":false},"appVersion":"2.3.2","cliVersion":"0.35.3","buildDate":"2024-02-20T09:54:08.669Z"}
2024-04-18 08:37:13 Starting backend process. PID: 5414
2024-04-18 08:37:13 Using browser-only version of superagent in non-browser environment
2024-04-18 08:37:13 Configuration directory URI: 'file:///home/nrv/.arduinoIDE'
2024-04-18 08:37:13 Configuring to accept webviews on '^.+\.webview\..+$' hostname.
2024-04-18 08:37:13 2024-04-18T14:37:13.678Z root INFO Backend Object.initialize: 4.3 ms [Finished 0.529 s after backend start]
2024-04-18 08:37:13 2024-04-18T14:37:13.678Z root INFO Backend Object.configure: 3.3 ms [Finished 0.530 s after backend start]
2024-04-18 08:37:13 2024-04-18T14:37:13.678Z root INFO Backend s.onStart: 1.7 ms [Finished 0.530 s after backend start]
2024-04-18 08:37:13 2024-04-18T14:37:13.679Z root INFO Backend s.configure: 0.3 ms [Finished 0.555 s after backend start]
2024-04-18 08:37:13 2024-04-18T14:37:13.679Z root INFO Backend d.onStart: 0.3 ms [Finished 0.555 s after backend start]
2024-04-18 08:37:13 2024-04-18T14:37:13.680Z root INFO Backend d.configure: 0.1 ms [Finished 0.555 s after backend start]
2024-04-18 08:37:13 2024-04-18T14:37:13.680Z root INFO Backend d.initialize: 25.1 ms [Finished 0.555 s after backend start]
2024-04-18 08:37:13 2024-04-18T14:37:13.681Z root INFO Backend c.onStart: 0.3 ms [Finished 0.555 s after backend start]
2024-04-18 08:37:13 2024-04-18T14:37:13.681Z root INFO Backend a.configure: 0.6 ms [Finished 0.556 s after backend start]
2024-04-18 08:37:13 2024-04-18T14:37:13.683Z config INFO >>> Initializing CLI configuration...
2024-04-18 08:37:13 2024-04-18T14:37:13.683Z root INFO Backend c.initialize: 0.5 ms [Finished 0.556 s after backend start]
2024-04-18 08:37:13 2024-04-18T14:37:13.683Z root INFO Backend R.onStart: 0.7 ms [Finished 0.556 s after backend start]
2024-04-18 08:37:13 2024-04-18T14:37:13.683Z config INFO Loading CLI configuration from /home/nrv/.arduinoIDE/arduino-cli.yaml...
2024-04-18 08:37:13 2024-04-18T14:37:13.684Z daemon INFO Starting daemon from /home/nrv/dev/Arduino/arduino-IDE/resources/app/lib/backend/resources/arduino-cli...
2024-04-18 08:37:13 2024-04-18T14:37:13.684Z root INFO Backend a.initialize: 0.4 ms [Finished 0.557 s after backend start]
2024-04-18 08:37:13 2024-04-18T14:37:13.684Z root INFO Backend w.onStart: 0.9 ms [Finished 0.558 s after backend start]
2024-04-18 08:37:13 2024-04-18T14:37:13.684Z root INFO Backend r.configure: 1.5 ms [Finished 0.558 s after backend start]
2024-04-18 08:37:13 2024-04-18T14:37:13.684Z discovery-log INFO start
2024-04-18 08:37:13 2024-04-18T14:37:13.684Z discovery-log INFO start new deferred
2024-04-18 08:37:13 2024-04-18T14:37:13.684Z root INFO Backend d.initialize: 0.4 ms [Finished 0.558 s after backend start]
2024-04-18 08:37:13 2024-04-18T14:37:13.684Z root INFO Backend y.onStart: 1.9 ms [Finished 0.560 s after backend start]
2024-04-18 08:37:13 2024-04-18T14:37:13.684Z root INFO Backend r.configure: 1.7 ms [Finished 0.560 s after backend start]
2024-04-18 08:37:13 2024-04-18T14:37:13.684Z root INFO Backend a.onStart: 0.4 ms [Finished 0.561 s after backend start]
2024-04-18 08:37:13 2024-04-18T14:37:13.684Z root INFO Backend h.configure: 0.4 ms [Finished 0.561 s after backend start]
2024-04-18 08:37:13 2024-04-18T14:37:13.684Z root INFO Backend s.configure: 0.1 ms [Finished 0.561 s after backend start]
2024-04-18 08:37:13 2024-04-18T14:37:13.684Z root INFO Backend l.configure: 0.1 ms [Finished 0.561 s after backend start]
2024-04-18 08:37:13 2024-04-18T14:37:13.686Z root INFO Theia app listening on http://127.0.0.1:37237.
2024-04-18 08:37:13 2024-04-18T14:37:13.686Z root INFO Finished starting backend application: 2.0 ms [Finished 0.563 s after backend start]
2024-04-18 08:37:13 2024-04-18T14:37:13.687Z root WARN The local plugin referenced by local-dir:/home/nrv/.arduinoIDE/plugins does not exist.
2024-04-18 08:37:13 2024-04-18T14:37:13.687Z root WARN The local plugin referenced by local-dir:/home/nrv/.arduinoIDE/extensions does not exist.
2024-04-18 08:37:13 2024-04-18T14:37:13.696Z config INFO Loaded CLI configuration: {"board_manager":{"additional_urls":[]},"build_cache":{"compilations_before_purge":10,"ttl":"720h0m0s"},"daemon":{"port":"50051"},"directories":{"data":"/home/nrv/.arduino15","downloads":"/home/nrv/.arduino15/staging","user":"/home/nrv/Arduino"},"library":{"enable_unsafe_install":false},"logging":{"file":"","format":"text","level":"info"},"metrics":{"addr":":9090","enabled":true},"output":{"no_color":false},"sketch":{"always_export_binaries":false},"updater":{"enable_notification":true}}
2024-04-18 08:37:13 2024-04-18T14:37:13.696Z config INFO 'directories.data' and 'directories.user' are set in the CLI configuration model.
2024-04-18 08:37:13 2024-04-18T14:37:13.696Z config INFO Loaded the CLI configuration.
2024-04-18 08:37:13 Restoring workspace roots: /home/nrv/dev/NicLink/nicsoft/lichess/external_clock_firmware/arduino_chess_clock/chess_clock
2024-04-18 08:37:13 isTempSketch: false. Input was /home/nrv/dev/NicLink/nicsoft/lichess/external_clock_firmware/arduino_chess_clock/chess_clock/chess_clock.ino
2024-04-18 08:37:13 2024-04-18T14:37:13.705Z config INFO Mapped the CLI configuration: {"dataDirUri":"file:///home/nrv/.arduino15","sketchDirUri":"file:///home/nrv/Arduino","additionalUrls":[],"network":"none","locale":"en"}
2024-04-18 08:37:13 2024-04-18T14:37:13.705Z config INFO Validating the CLI configuration...
2024-04-18 08:37:13 2024-04-18T14:37:13.706Z config INFO The CLI config is valid.
2024-04-18 08:37:13 2024-04-18T14:37:13.706Z config INFO <<< Initialized the CLI configuration.
2024-04-18 08:37:13 2024-04-18T14:37:13.716Z daemon INFO time="2024-04-18T08:37:13-06:00" level=info msg="Using config file: /home/nrv/.arduinoIDE/arduino-cli.yaml"
time="2024-04-18T08:37:13-06:00" level=info msg="arduino-cli version 0.35.3"
time="2024-04-18T08:37:13-06:00" level=info msg="Executing `arduino-cli daemon`"
Daemon is now listening on 127.0.0.1:41391
{"IP":"127.0.0.1","Port":"41391"}
2024-04-18 08:37:13 2024-04-18T14:37:13.716Z daemon INFO Daemon is running.
2024-04-18 08:37:13 2024-04-18T14:37:13.739Z root INFO Resolve plugins list: 55.3 ms [Finished 0.615 s after backend start]
2024-04-18 08:37:13 2024-04-18T14:37:13.750Z daemon INFO time="2024-04-18T08:37:13-06:00" level=info msg="Checking signature" index=/home/nrv/.arduino15/package_index.json signatureFile=/home/nrv/.arduino15/package_index.json.sig trusted=true
2024-04-18 08:37:13 2024-04-18T14:37:13.751Z daemon INFO time="2024-04-18T08:37:13-06:00" level=info msg="Loading hardware from: /home/nrv/.arduino15/packages"
time="2024-04-18T08:37:13-06:00" level=info msg="Loading package arduino from: /home/nrv/.arduino15/packages/arduino/hardware"
2024-04-18 08:37:13 2024-04-18T14:37:13.753Z daemon INFO time="2024-04-18T08:37:13-06:00" level=info msg="Missing signature file" index=/home/nrv/.arduino15/packages/arduino/hardware/avr/1.8.6/installed.json
2024-04-18 08:37:13 2024-04-18T14:37:13.757Z daemon INFO time="2024-04-18T08:37:13-06:00" level=info msg="Adding monitor tool" protocol=serial tool="builtin:serial-monitor"
time="2024-04-18T08:37:13-06:00" level=info msg="Loaded platform" platform="arduino:avr@1.8.6"
time="2024-04-18T08:37:13-06:00" level=info msg="Checking existence of 'tools' path: /home/nrv/.arduino15/packages/arduino/tools"
time="2024-04-18T08:37:13-06:00" level=info msg="Loading tools from dir: /home/nrv/.arduino15/packages/arduino/tools"
2024-04-18 08:37:13 2024-04-18T14:37:13.758Z daemon INFO time="2024-04-18T08:37:13-06:00" level=info msg="Loaded tool" tool="arduino:arduinoOTA@1.3.0"
time="2024-04-18T08:37:13-06:00" level=info msg="Loaded tool" tool="arduino:avr-gcc@7.3.0-atmel3.6.1-arduino7"
time="2024-04-18T08:37:13-06:00" level=info msg="Loaded tool" tool="arduino:avrdude@6.3.0-arduino17"
time="2024-04-18T08:37:13-06:00" level=info msg="Loading package builtin from: /home/nrv/.arduino15/packages/builtin"
2024-04-18 08:37:13 2024-04-18T14:37:13.758Z daemon INFO time="2024-04-18T08:37:13-06:00" level=info msg="Checking existence of 'tools' path: /home/nrv/.arduino15/packages/builtin/tools"
time="2024-04-18T08:37:13-06:00" level=info msg="Loading tools from dir: /home/nrv/.arduino15/packages/builtin/tools"
2024-04-18 08:37:13 2024-04-18T14:37:13.758Z daemon INFO time="2024-04-18T08:37:13-06:00" level=info msg="Loaded tool" tool="builtin:ctags@5.8-arduino11"
time="2024-04-18T08:37:13-06:00" level=info msg="Loaded tool" tool="builtin:dfu-discovery@0.1.2"
2024-04-18 08:37:13 2024-04-18T14:37:13.758Z daemon INFO time="2024-04-18T08:37:13-06:00" level=info msg="Loaded tool" tool="builtin:mdns-discovery@1.0.9"
time="2024-04-18T08:37:13-06:00" level=info msg="Loaded tool" tool="builtin:serial-discovery@1.4.0"
2024-04-18 08:37:13 2024-04-18T14:37:13.758Z daemon INFO time="2024-04-18T08:37:13-06:00" level=info msg="Loaded tool" tool="builtin:serial-monitor@0.13.0"
time="2024-04-18T08:37:13-06:00" level=info msg="Loaded tool" tool="builtin:serial-monitor@0.14.1"
2024-04-18 08:37:13 2024-04-18T14:37:13.771Z daemon INFO time="2024-04-18T08:37:13-06:00" level=info msg="Adding libraries dir" dir=/home/nrv/.arduino15/packages/arduino/hardware/avr/1.8.6/libraries location=platform
time="2024-04-18T08:37:13-06:00" level=info msg="Loading libraries index file" index=/home/nrv/.arduino15/library_index.json
2024-04-18 08:37:14 2024-04-18T14:37:14.076Z daemon INFO time="2024-04-18T08:37:14-06:00" level=info msg="Adding libraries dir" dir=/home/nrv/.arduino15/libraries location=ide
time="2024-04-18T08:37:14-06:00" level=info msg="Adding libraries dir" dir=/home/nrv/Arduino/libraries location=user
2024-04-18 08:37:14 2024-04-18T14:37:14.116Z discovery-log INFO start resolved watching
2024-04-18 08:37:14 2024-04-18T14:37:14.124Z daemon INFO time="2024-04-18T08:37:14-06:00" level=info msg="starting discovery builtin:mdns-discovery process"
time="2024-04-18T08:37:14-06:00" level=info msg="starting discovery builtin:serial-discovery process"
time="2024-04-18T08:37:14-06:00" level=info msg="started discovery builtin:serial-discovery process"
time="2024-04-18T08:37:14-06:00" level=info msg="sending command HELLO 1 \"arduino-cli 0.35.3\" to discovery builtin:serial-discovery"
time="2024-04-18T08:37:14-06:00" level=info msg="started discovery builtin:mdns-discovery process"
time="2024-04-18T08:37:14-06:00" level=info msg="sending command HELLO 1 \"arduino-cli 0.35.3\" to discovery builtin:mdns-discovery"
time="2024-04-18T08:37:14-06:00" level=info msg="from discovery builtin:serial-discovery received message type: hello, message: OK, protocol version: 1"
time="2024-04-18T08:37:14-06:00" level=info msg="sending command START_SYNC to discovery builtin:serial-discovery"
2024-04-18 08:37:14 2024-04-18T14:37:14.130Z daemon INFO time="2024-04-18T08:37:14-06:00" level=info msg="from discovery builtin:mdns-discovery received message type: hello, message: OK, protocol version: 1"
time="2024-04-18T08:37:14-06:00" level=info msg="sending command START_SYNC to discovery builtin:mdns-discovery"
time="2024-04-18T08:37:14-06:00" level=info msg="from discovery builtin:mdns-discovery received message type: start_sync, message: OK"
time="2024-04-18T08:37:14-06:00" level=info msg="from discovery builtin:serial-discovery received message type: start_sync, message: OK"
2024-04-18 08:37:14 2024-04-18T14:37:14.692Z root INFO Deploy plugins list: 55.3 ms [Finished 1.569 s after backend start]
2024-04-18 08:37:15 Opening channel for service path '/services/electron-window'.
2024-04-18 08:37:15 Opening channel for service path '/services/ide-updater'.
2024-04-18 08:37:15 2024-04-18T14:37:15.463Z root WARN Frontend a.configure took longer than the expected maximum 100 milliseconds: 240.6 ms [Finished 1.696 s after frontend start]
2024-04-18 08:37:15 2024-04-18T14:37:15.467Z root WARN A command editor.action.toggleStickyScroll is already registered.
2024-04-18 08:37:15 2024-04-18T14:37:15.481Z sketches-service WARN Warning! The request sketch path was different than the response sketch path from the CLI. This could be a potential bug. Request: </home/nrv/dev/NicLink/nicsoft/lichess/external_clock_firmware/arduino_chess_clock/chess_clock/chess_clock.ino>, response: </home/nrv/dev/NicLink/nicsoft/lichess/external_clock_firmware/arduino_chess_clock/chess_clock>.
2024-04-18 08:37:15 2024-04-18T14:37:15.642Z root INFO Start frontend contributions: 492.0 ms [Finished 1.878 s after frontend start]
2024-04-18 08:37:15 2024-04-18T14:37:15.644Z root INFO Changed application state from 'init' to 'started_contributions'.
2024-04-18 08:37:15 2024-04-18T14:37:15.665Z root INFO Changed application state from 'started_contributions' to 'attached_shell'.
2024-04-18 08:37:15 2024-04-18T14:37:15.666Z root INFO >>> Restoring the layout state...
2024-04-18 08:37:15 2024-04-18T14:37:15.667Z root INFO ------- SERIALIZED LAYOUT DATA -------
2024-04-18 08:37:15 2024-04-18T14:37:15.667Z root INFO {"version":5,"mainPanel":{"main":{"type":"tab-area","widgets":[{"constructionOptions":{"factoryId":"code-editor-opener","options":{"counter":1,"kind":"navigatable","uri":"file:///home/nrv/dev/NicLink/nicsoft/lichess/external_clock_firmware/arduino_chess_clock/chess_clock/chess_clock.ino"}},"innerWidgetState":"{\"cursorState\":[{\"inSelectionMode\":false,\"selectionStart\":{\"lineNumber\":3,\"column\":25},\"position\":{\"lineNumber\":3,\"column\":25}}],\"viewState\":{\"scrollLeft\":0,\"firstPosition\":{\"lineNumber\":79,\"column\":1},\"firstPositionDeltaTop\":-15},\"contributionsState\":{\"editor.contrib.folding\":{\"lineCount\":204,\"provider\":\"indent\",\"foldedImports\":false},\"editor.contrib.wordHighlighter\":false}}"}],"currentIndex":0}},"mainPanelPinned":[false],"bottomPanel":{"config":{"main":{"type":"tab-area","widgets":[{"constructionOptions":{"factoryId":"outputView"},"innerWidgetState":"{\"locked\":false}"},{"constructionOptions":{"factoryId":"serial-monitor"}}],"currentIndex":1}},"pinned":[false,false],"size":194,"expanded":true},"leftPanel":{"type":"sidepanel","items":[{"widget":{"constructionOptions":{"factoryId":"arduino-sketchbook-widget"}},"rank":1,"expanded":true,"pinned":false},{"widget":{"constructionOptions":{"factoryId":"boards-list-widget"}},"rank":2,"expanded":false,"pinned":false},{"widget":{"constructionOptions":{"factoryId":"library-list-widget"}},"rank":3,"expanded":false,"pinned":false},{"widget":{"constructionOptions":{"factoryId":"debug"},"innerWidgetState":"{\"parts\":[{\"partId\":\"debug:threads:-1\",\"collapsed\":false,\"hidden\":false,\"originalContainerId\":\"debug:view-container:-1\",\"originalContainerTitle\":{\"label\":\"debug\",\"iconClass\":\"codicon codicon-debug-alt\",\"closeable\":true},\"widget\":{\"constructionOptions\":{\"factoryId\":\"debug:threads\"},\"innerWidgetState\":\"{}\"}},{\"partId\":\"debug:frames:-1\",\"collapsed\":false,\"hidden\":false,\"originalContainerId\":\"debug:view-container:-1\",\"originalContainerTitle\":{\"label\":\"debug\",\"iconClass\":\"codicon codicon-debug-alt\",\"closeable\":true},\"widget\":{\"constructionOptions\":{\"factoryId\":\"debug:frames\"},\"innerWidgetState\":\"{}\"}},{\"partId\":\"debug:variables:-1\",\"collapsed\":false,\"hidden\":false,\"originalContainerId\":\"debug:view-container:-1\",\"originalContainerTitle\":{\"label\":\"debug\",\"iconClass\":\"codicon codicon-debug-alt\",\"closeable\":true},\"widget\":{\"constructionOptions\":{\"factoryId\":\"debug:variables\"},\"innerWidgetState\":\"{}\"}},{\"partId\":\"debug:watch:-1\",\"collapsed\":false,\"hidden\":false,\"originalContainerId\":\"debug:view-container:-1\",\"originalContainerTitle\":{\"label\":\"debug\",\"iconClass\":\"codicon codicon-debug-alt\",\"closeable\":true},\"widget\":{\"constructionOptions\":{\"factoryId\":\"debug:watch\"},\"innerWidgetState\":\"{}\"}},{\"partId\":\"debug:breakpoints:-1\",\"collapsed\":false,\"hidden\":false,\"originalContainerId\":\"debug:view-container:-1\",\"originalContainerTitle\":{\"label\":\"debug\",\"iconClass\":\"codicon codicon-debug-alt\",\"closeable\":true},\"widget\":{\"constructionOptions\":{\"factoryId\":\"debug:breakpoints\"},\"innerWidgetState\":\"{}\"}},{\"partId\":\"plugin-view:cortex-debug.peripherals\",\"collapsed\":true,\"hidden\":true,\"originalContainerId\":\"debug:view-container:-1\",\"originalContainerTitle\":{\"label\":\"debug\",\"iconClass\":\"codicon codicon-debug-alt\",\"closeable\":true},\"widget\":{\"constructionOptions\":{\"factoryId\":\"plugin-view\",\"options\":{\"id\":\"plugin-view:cortex-debug.peripherals\",\"viewId\":\"cortex-debug.peripherals\"}},\"innerWidgetState\":\"{\\\"label\\\":\\\"Cortex Peripherals\\\",\\\"widgets\\\":[],\\\"suppressUpdateViewVisibility\\\":false,\\\"currentViewContainerId\\\":\\\"debug\\\"}\"}},{\"partId\":\"plugin-view:cortex-debug.registers\",\"collapsed\":true,\"hidden\":true,\"originalContainerId\":\"debug:view-container:-1\",\"originalContainerTitle\":{\"label\":\"debug\",\"iconClass\":\"codicon codicon-debug-alt\",\"closeable\":true},\"widget\":{\"constructionOptions\":{\"factoryId\":\"plugin-view\",\"options\":{\"id\":\"plugin-view:cortex-debug.registers\",\"viewId\":\"cortex-debug.registers\"}},\"innerWidgetState\":\"{\\\"label\\\":\\\"Cortex Registers\\\",\\\"widgets\\\":[],\\\"suppressUpdateViewVisibility\\\":false,\\\"currentViewContainerId\\\":\\\"debug\\\"}\"}}],\"title\":{\"label\":\"debug\",\"iconClass\":\"codicon codicon-debug-alt\",\"closeable\":true}}"},"rank":4,"expanded":false,"pinned":false},{"widget":{"constructionOptions":{"factoryId":"search-view-container"},"innerWidgetState":"{\"parts\":[{\"partId\":\"search-in-workspace\",\"collapsed\":false,\"hidden\":false,\"originalContainerId\":\"search-view-container\",\"originalContainerTitle\":{\"label\":\"Search\",\"iconClass\":\"codicon codicon-search\",\"closeable\":true},\"widget\":{\"constructionOptions\":{\"factoryId\":\"search-in-workspace\"},\"innerWidgetState\":\"{\\\"matchCaseState\\\":{\\\"className\\\":\\\"codicon codicon-case-sensitive\\\",\\\"enabled\\\":false,\\\"title\\\":\\\"Match Case\\\"},\\\"wholeWordState\\\":{\\\"className\\\":\\\"codicon codicon-whole-word\\\",\\\"enabled\\\":false,\\\"title\\\":\\\"Match Whole Word\\\"},\\\"regExpState\\\":{\\\"className\\\":\\\"codicon codicon-regex\\\",\\\"enabled\\\":false,\\\"title\\\":\\\"Use Regular Expression\\\"},\\\"includeIgnoredState\\\":{\\\"className\\\":\\\"codicon codicon-eye\\\",\\\"enabled\\\":false,\\\"title\\\":\\\"Include Ignored Files\\\"},\\\"showSearchDetails\\\":false,\\\"searchInWorkspaceOptions\\\":{\\\"matchCase\\\":false,\\\"matchWholeWord\\\":false,\\\"useRegExp\\\":false,\\\"includeIgnored\\\":false,\\\"include\\\":[],\\\"exclude\\\":[],\\\"maxResults\\\":2000},\\\"searchTerm\\\":\\\"\\\",\\\"replaceTerm\\\":\\\"\\\",\\\"showReplaceField\\\":false,\\\"searchHistoryState\\\":{\\\"history\\\":[],\\\"index\\\":0},\\\"replaceHistoryState\\\":{\\\"history\\\":[],\\\"index\\\":0},\\\"includeHistoryState\\\":{\\\"history\\\":[],\\\"index\\\":0},\\\"excludeHistoryState\\\":{\\\"history\\\":[],\\\"index\\\":0}}\"}}],\"title\":{\"label\":\"Search\",\"iconClass\":\"fa fa-arduino-search\",\"closeable\":true}}"},"rank":5,"expanded":false,"pinned":false}],"size":268},"rightPanel":{"type":"sidepanel","items":[]},"activeWidgetId":"serial-monitor"}
2024-04-18 08:37:15 2024-04-18T14:37:15.667Z root INFO ------- END SERIALIZED LAYOUT DATA -------
2024-04-18 08:37:15 2024-04-18T14:37:15.721Z root INFO [fe3772ff-f6d6-4665-b48d-78daa7295527] Waiting for backend deployment: 105.8 ms [Finished 1.978 s after frontend start]
2024-04-18 08:37:16 2024-04-18T14:37:16.352Z root INFO [hosted-plugin: 5498] PLUGIN_HOST(5498) starting instance
2024-04-18 08:37:16 2024-04-18T14:37:16.867Z root INFO [fe3772ff-f6d6-4665-b48d-78daa7295527] Sync of 23 plugins: 1149.0 ms [Finished 3.127 s after frontend start]
2024-04-18 08:37:17 2024-04-18T14:37:17.130Z root INFO <<< The layout has been successfully restored.
2024-04-18 08:37:17 2024-04-18T14:37:17.224Z root INFO Initialize the workbench layout: 1478.4 ms [Finished 3.390 s after frontend start]
2024-04-18 08:37:17 2024-04-18T14:37:17.226Z root INFO Changed application state from 'attached_shell' to 'initialized_layout'.
2024-04-18 08:37:17 2024-04-18T14:37:17.226Z root INFO [fe3772ff-f6d6-4665-b48d-78daa7295527] Loading plugin contributions
2024-04-18 08:37:17 2024-04-18T14:37:17.227Z root INFO [fe3772ff-f6d6-4665-b48d-78daa7295527] Load contributions of 23 plugins: 91.3 ms [Finished 3.482 s after frontend start]
2024-04-18 08:37:17 2024-04-18T14:37:17.241Z root WARN 'cpp' language is remapped from 'source.cpp.embedded.macro' to 'source.cpp' scope
2024-04-18 08:37:17 2024-04-18T14:37:17.241Z root WARN a registered grammar configuration for 'cpp' language is overridden
2024-04-18 08:37:17 2024-04-18T14:37:17.667Z root ERROR [hosted-plugin: 5498] Conflict in settings file Default: Ignoring cortex-debug.armToolchainPath.linux as cortex-debug.armToolchainPath is null
Conflict in settings file Default: Ignoring cortex-debug.armToolchainPath.osx as cortex-debug.armToolchainPath is null
2024-04-18 08:37:17 2024-04-18T14:37:17.667Z root ERROR [hosted-plugin: 5498] Conflict in settings file Default: Ignoring cortex-debug.armToolchainPath.windows as cortex-debug.armToolchainPath is null
2024-04-18 08:37:17 2024-04-18T14:37:17.667Z root ERROR [hosted-plugin: 5498] Conflict in settings file Default: Ignoring cortex-debug.JLinkGDBServerPath.linux as cortex-debug.JLinkGDBServerPath is null
Conflict in settings file Default: Ignoring cortex-debug.JLinkGDBServerPath.osx as cortex-debug.JLinkGDBServerPath is null
2024-04-18 08:37:17 2024-04-18T14:37:17.667Z root ERROR [hosted-plugin: 5498] Conflict in settings file Default: Ignoring cortex-debug.JLinkGDBServerPath.windows as cortex-debug.JLinkGDBServerPath is null
2024-04-18 08:37:17 2024-04-18T14:37:17.667Z root ERROR [hosted-plugin: 5498] Conflict in settings file Default: Ignoring cortex-debug.openocdPath.linux as cortex-debug.openocdPath is null
2024-04-18 08:37:17 2024-04-18T14:37:17.667Z root ERROR [hosted-plugin: 5498] Conflict in settings file Default: Ignoring cortex-debug.openocdPath.osx as cortex-debug.openocdPath is null
2024-04-18 08:37:17 2024-04-18T14:37:17.668Z root ERROR [hosted-plugin: 5498] Conflict in settings file Default: Ignoring cortex-debug.openocdPath.windows as cortex-debug.openocdPath is null
Conflict in settings file Default: Ignoring cortex-debug.pyocdPath.linux as cortex-debug.pyocdPath is null
Conflict in settings file Default: Ignoring cortex-debug.pyocdPath.osx as cortex-debug.pyocdPath is null
Conflict in settings file Default: Ignoring cortex-debug.pyocdPath.windows as cortex-debug.pyocdPath is null
Conflict in settings file Default: Ignoring cortex-debug.PEGDBServerPath.linux as cortex-debug.PEGDBServerPath is null
Conflict in settings file Default: Ignoring cortex-debug.PEGDBServerPath.osx as cortex-debug.PEGDBServerPath is null
Conflict in settings file Default: Ignoring cortex-debug.PEGDBServerPath.windows as cortex-debug.PEGDBServerPath is null
Conflict in settings file Default: Ignoring cortex-debug.stutilPath.linux as cortex-debug.stutilPath is null
Conflict in settings file Default: Ignoring cortex-debug.stutilPath.osx as cortex-debug.stutilPath is null
Conflict in settings file Default: Ignoring cortex-debug.stutilPath.windows as cortex-debug.stutilPath is null
Conflict in settings file Default: Ignoring cortex-debug.stlinkPath.linux as cortex-debug.stlinkPath is null
2024-04-18 08:37:17 2024-04-18T14:37:17.668Z root ERROR [hosted-plugin: 5498] Conflict in settings file Default: Ignoring cortex-debug.stlinkPath.osx as cortex-debug.stlinkPath is null
Conflict in settings file Default: Ignoring cortex-debug.stlinkPath.windows as cortex-debug.stlinkPath is null
Conflict in settings file Default: Ignoring cortex-debug.stm32cubeprogrammer.linux as cortex-debug.stm32cubeprogrammer is null
Conflict in settings file Default: Ignoring cortex-debug.stm32cubeprogrammer.osx as cortex-debug.stm32cubeprogrammer is null
Conflict in settings file Default: Ignoring cortex-debug.stm32cubeprogrammer.windows as cortex-debug.stm32cubeprogrammer is null
2024-04-18 08:37:17 2024-04-18T14:37:17.678Z root INFO [hosted-plugin: 5498] PLUGIN_HOST(5498): PluginManagerExtImpl/init()
2024-04-18 08:37:17 2024-04-18T14:37:17.683Z root INFO [hosted-plugin: 5498] PLUGIN_HOST(5498): initializing(vscode-arduino-api@0.1.2 with /home/nrv/dev/Arduino/arduino-IDE/resources/app/lib/backend/plugin-vscode-init)
2024-04-18 08:37:17 2024-04-18T14:37:17.751Z root INFO [hosted-plugin: 5498] PLUGIN_HOST(5498): initializing(cortex-debug@1.5.1 with /home/nrv/dev/Arduino/arduino-IDE/resources/app/lib/backend/plugin-vscode-init)
2024-04-18 08:37:17 2024-04-18T14:37:17.752Z root INFO [hosted-plugin: 5498] Debugger contribution has been registered: cortex-debug
2024-04-18 08:37:17 2024-04-18T14:37:17.752Z root INFO [hosted-plugin: 5498] PLUGIN_HOST(5498): initializing(vscode-arduino-tools@0.1.3 with /home/nrv/dev/Arduino/arduino-IDE/resources/app/lib/backend/plugin-vscode-init)
2024-04-18 08:37:17 2024-04-18T14:37:17.753Z root INFO [hosted-plugin: 5498] PLUGIN_HOST(5498): initializing(cpp@1.52.1 with /home/nrv/dev/Arduino/arduino-IDE/resources/app/lib/backend/plugin-vscode-init)
2024-04-18 08:37:17 2024-04-18T14:37:17.754Z root INFO [hosted-plugin: 5498] PLUGIN_HOST(5498): initializing(json@1.46.1 with /home/nrv/dev/Arduino/arduino-IDE/resources/app/lib/backend/plugin-vscode-init)
2024-04-18 08:37:17 2024-04-18T14:37:17.755Z root INFO [hosted-plugin: 5498] PLUGIN_HOST(5498): initializing(json-language-features@1.46.1 with /home/nrv/dev/Arduino/arduino-IDE/resources/app/lib/backend/plugin-vscode-init)
2024-04-18 08:37:17 2024-04-18T14:37:17.756Z root INFO [hosted-plugin: 5498] PLUGIN_HOST(5498): initializing(vscode-language-pack-bg@1.48.3 with /home/nrv/dev/Arduino/arduino-IDE/resources/app/lib/backend/plugin-vscode-init)
2024-04-18 08:37:17 2024-04-18T14:37:17.756Z root INFO [hosted-plugin: 5498] PLUGIN_HOST(5498): initializing(vscode-language-pack-cs@1.80.0 with /home/nrv/dev/Arduino/arduino-IDE/resources/app/lib/backend/plugin-vscode-init)
2024-04-18 08:37:17 2024-04-18T14:37:17.757Z root INFO [hosted-plugin: 5498] PLUGIN_HOST(5498): initializing(vscode-language-pack-de@1.80.0 with /home/nrv/dev/Arduino/arduino-IDE/resources/app/lib/backend/plugin-vscode-init)
2024-04-18 08:37:17 2024-04-18T14:37:17.758Z root INFO [hosted-plugin: 5498] PLUGIN_HOST(5498): initializing(vscode-language-pack-es@1.80.0 with /home/nrv/dev/Arduino/arduino-IDE/resources/app/lib/backend/plugin-vscode-init)
2024-04-18 08:37:17 2024-04-18T14:37:17.759Z root INFO [hosted-plugin: 5498] PLUGIN_HOST(5498): initializing(vscode-language-pack-fr@1.80.0 with /home/nrv/dev/Arduino/arduino-IDE/resources/app/lib/backend/plugin-vscode-init)
2024-04-18 08:37:17 2024-04-18T14:37:17.760Z root INFO [hosted-plugin: 5498] PLUGIN_HOST(5498): initializing(vscode-language-pack-hu@1.48.3 with /home/nrv/dev/Arduino/arduino-IDE/resources/app/lib/backend/plugin-vscode-init)
2024-04-18 08:37:17 2024-04-18T14:37:17.761Z root INFO [hosted-plugin: 5498] PLUGIN_HOST(5498): initializing(vscode-language-pack-it@1.80.0 with /home/nrv/dev/Arduino/arduino-IDE/resources/app/lib/backend/plugin-vscode-init)
2024-04-18 08:37:17 2024-04-18T14:37:17.761Z root INFO [hosted-plugin: 5498] PLUGIN_HOST(5498): initializing(vscode-language-pack-ja@1.80.0 with /home/nrv/dev/Arduino/arduino-IDE/resources/app/lib/backend/plugin-vscode-init)
2024-04-18 08:37:17 2024-04-18T14:37:17.762Z root INFO [hosted-plugin: 5498] PLUGIN_HOST(5498): initializing(vscode-language-pack-ko@1.80.0 with /home/nrv/dev/Arduino/arduino-IDE/resources/app/lib/backend/plugin-vscode-init)
2024-04-18 08:37:17 2024-04-18T14:37:17.762Z root INFO [hosted-plugin: 5498] PLUGIN_HOST(5498): initializing(vscode-language-pack-nl@1.48.3 with /home/nrv/dev/Arduino/arduino-IDE/resources/app/lib/backend/plugin-vscode-init)
2024-04-18 08:37:17 2024-04-18T14:37:17.762Z root INFO [hosted-plugin: 5498] PLUGIN_HOST(5498): initializing(vscode-language-pack-pl@1.80.0 with /home/nrv/dev/Arduino/arduino-IDE/resources/app/lib/backend/plugin-vscode-init)
2024-04-18 08:37:17 2024-04-18T14:37:17.763Z root INFO [hosted-plugin: 5498] PLUGIN_HOST(5498): initializing(vscode-language-pack-pt-BR@1.80.0 with /home/nrv/dev/Arduino/arduino-IDE/resources/app/lib/backend/plugin-vscode-init)
2024-04-18 08:37:17 2024-04-18T14:37:17.763Z root INFO [hosted-plugin: 5498] PLUGIN_HOST(5498): initializing(vscode-language-pack-ru@1.80.0 with /home/nrv/dev/Arduino/arduino-IDE/resources/app/lib/backend/plugin-vscode-init)
2024-04-18 08:37:17 2024-04-18T14:37:17.763Z root INFO [hosted-plugin: 5498] PLUGIN_HOST(5498): initializing(vscode-language-pack-tr@1.80.0 with /home/nrv/dev/Arduino/arduino-IDE/resources/app/lib/backend/plugin-vscode-init)
2024-04-18 08:37:17 2024-04-18T14:37:17.764Z root INFO [hosted-plugin: 5498] PLUGIN_HOST(5498): initializing(vscode-language-pack-uk@1.48.3 with /home/nrv/dev/Arduino/arduino-IDE/resources/app/lib/backend/plugin-vscode-init)
2024-04-18 08:37:17 2024-04-18T14:37:17.764Z root INFO [hosted-plugin: 5498] PLUGIN_HOST(5498): initializing(vscode-language-pack-zh-hans@1.80.0 with /home/nrv/dev/Arduino/arduino-IDE/resources/app/lib/backend/plugin-vscode-init)
2024-04-18 08:37:17 2024-04-18T14:37:17.765Z root INFO [hosted-plugin: 5498] PLUGIN_HOST(5498): initializing(vscode-language-pack-zh-hant@1.80.0 with /home/nrv/dev/Arduino/arduino-IDE/resources/app/lib/backend/plugin-vscode-init)
2024-04-18 08:37:17 2024-04-18T14:37:17.821Z root INFO [hosted-plugin: 5498] PLUGIN_HOST(5498): PluginManagerExtImpl/loadPlugin(/home/nrv/dev/Arduino/arduino-IDE/resources/app/plugins/vscode-arduino-api/extension/dist/extension.js)
2024-04-18 08:37:17 2024-04-18T14:37:17.824Z root INFO [hosted-plugin: 5498] calling activation function on Arduino IDE API for VS Code extensions
2024-04-18 08:37:17 2024-04-18T14:37:17.887Z root INFO [hosted-plugin: 5498] PLUGIN_HOST(5498): PluginManagerExtImpl/loadPlugin(/home/nrv/dev/Arduino/arduino-IDE/resources/app/plugins/vscode-builtin-json-language-features/extension/client/dist/jsonMain)
2024-04-18 08:37:17 2024-04-18T14:37:17.917Z root INFO [hosted-plugin: 5498] calling activation function on JSON Language Features (built-in)
2024-04-18 08:37:17 2024-04-18T14:37:17.973Z root INFO [hosted-plugin: 5498] PLUGIN_HOST(5498): PluginManagerExtImpl/loadPlugin(/home/nrv/dev/Arduino/arduino-IDE/resources/app/plugins/vscode-arduino-tools/extension/dist/extension.js)
2024-04-18 08:37:18 2024-04-18T14:37:18.003Z root INFO [hosted-plugin: 5498] calling activation function on VS Code Arduino Tools
2024-04-18 08:37:18 2024-04-18T14:37:18.044Z root INFO [fe3772ff-f6d6-4665-b48d-78daa7295527] Starting plugins.
2024-04-18 08:37:18 Checking for update
2024-04-18 08:37:18 2024-04-18T14:37:18.345Z root INFO Replace loading indicator with ready workbench UI (animation): 885.7 ms [Finished 4.371 s after frontend start]
2024-04-18 08:37:18 2024-04-18T14:37:18.345Z root INFO Changed application state from 'initialized_layout' to 'ready'.
2024-04-18 08:37:18 2024-04-18T14:37:18.345Z root WARN Linked preference "workbench.colorCustomizations" not found.
2024-04-18 08:37:18 2024-04-18T14:37:18.346Z root INFO Frontend application start: 2877.8 ms [Finished 5.184 s after backend start]
2024-04-18 08:37:18 2024-04-18T14:37:18.364Z root INFO [hosted-plugin: 5498] PLUGIN_HOST(5498): PluginManagerExtImpl/loadPlugin(/home/nrv/dev/Arduino/arduino-IDE/resources/app/plugins/cortex-debug/extension/dist/extension.js)
2024-04-18 08:37:18 2024-04-18T14:37:18.402Z root INFO [hosted-plugin: 5498] Debug configuration provider has been registered: cortex-debug, trigger: 1
calling activation function on Cortex-Debug
GDB server console created
2024-04-18 08:37:18 2024-04-18T14:37:18.449Z root INFO core-client-provider [platform-index] Downloading index: package_index.tar.bz2

2024-04-18 08:37:18 2024-04-18T14:37:18.450Z root INFO core-client-provider [library-index] Downloading index: library_index.tar.bz2

2024-04-18 08:37:18 2024-04-18T14:37:18.452Z daemon INFO time="2024-04-18T08:37:18-06:00" level=info msg="Updating index" url="https://downloads.arduino.cc/packages/package_index.tar.bz2"
time="2024-04-18T08:37:18-06:00" level=info msg="Starting download" url="https://downloads.arduino.cc/packages/package_index.tar.bz2"
time="2024-04-18T08:37:18-06:00" level=info msg="Updating libraries index"
time="2024-04-18T08:37:18-06:00" level=info msg="Starting download" url="https://downloads.arduino.cc/libraries/library_index.tar.bz2"
2024-04-18 08:37:18 2024-04-18T14:37:18.509Z root INFO [fe3772ff-f6d6-4665-b48d-78daa7295527] Start of 23 plugins: 1277.6 ms [Finished 4.766 s after frontend start]
2024-04-18 08:37:18 2024-04-18T14:37:18.754Z root ERROR ---- !!!SLOW!!! DURATION: search took 404.425 ms. Args: [{"type":"Updatable"}] ----
2024-04-18 08:37:18 2024-04-18T14:37:18.756Z root INFO Starting language server: arduino:avr:uno
2024-04-18 08:37:18 2024-04-18T14:37:18.758Z daemon INFO time="2024-04-18T08:37:18-06:00" level=info msg="Tool required for debug" tool="arduino:arduinoOTA@1.3.0"
2024-04-18 08:37:18 2024-04-18T14:37:18.758Z daemon INFO time="2024-04-18T08:37:18-06:00" level=info msg="Tool required for debug" tool="arduino:avr-gcc@7.3.0-atmel3.6.1-arduino7"
time="2024-04-18T08:37:18-06:00" level=info msg="Tool required for debug" tool="arduino:avrdude@6.3.0-arduino17"
time="2024-04-18T08:37:18-06:00" level=info msg="Tool required for debug" tool="builtin:ctags@5.8-arduino11"
time="2024-04-18T08:37:18-06:00" level=info msg="Tool required for debug" tool="builtin:serial-discovery@1.4.0"
time="2024-04-18T08:37:18-06:00" level=info msg="Tool required for debug" tool="builtin:mdns-discovery@1.0.9"
time="2024-04-18T08:37:18-06:00" level=info msg="Tool required for debug" tool="builtin:serial-monitor@0.14.1"
time="2024-04-18T08:37:18-06:00" level=info msg="Tool required for debug" tool="builtin:dfu-discovery@0.1.2"
2024-04-18 08:37:18 2024-04-18T14:37:18.759Z root ERROR Failed to get debug config: arduino:avr:uno, undefined Error: Debugging is not supported.
    at Object.callback (/home/nrv/dev/Arduino/arduino-IDE/resources/app/lib/backend/main.js:2:81196)
    at Object.onReceiveStatus (/home/nrv/dev/Arduino/arduino-IDE/resources/app/lib/backend/main.js:2:788562)
    at Object.onReceiveStatus (/home/nrv/dev/Arduino/arduino-IDE/resources/app/lib/backend/main.js:2:784513)
    at Object.onReceiveStatus (/home/nrv/dev/Arduino/arduino-IDE/resources/app/lib/backend/main.js:2:783958)
    at /home/nrv/dev/Arduino/arduino-IDE/resources/app/lib/backend/main.js:2:870080
    at process.processTicksAndRejections (node:internal/process/task_queues:77:11)
2024-04-18 08:37:18 2024-04-18T14:37:18.759Z root ERROR Request checkDebugEnabled failed with error: Debugging is not supported. Error: Debugging is not supported.
    at Object.callback (/home/nrv/dev/Arduino/arduino-IDE/resources/app/lib/backend/main.js:2:81196)
    at Object.onReceiveStatus (/home/nrv/dev/Arduino/arduino-IDE/resources/app/lib/backend/main.js:2:788562)
    at Object.onReceiveStatus (/home/nrv/dev/Arduino/arduino-IDE/resources/app/lib/backend/main.js:2:784513)
    at Object.onReceiveStatus (/home/nrv/dev/Arduino/arduino-IDE/resources/app/lib/backend/main.js:2:783958)
    at /home/nrv/dev/Arduino/arduino-IDE/resources/app/lib/backend/main.js:2:870080
    at process.processTicksAndRejections (node:internal/process/task_queues:77:11)
2024-04-18 08:37:18 2024-04-18T14:37:18.805Z daemon INFO time="2024-04-18T08:37:18-06:00" level=info msg="Adding libraries dir" dir=/home/nrv/.arduino15/libraries location=ide
time="2024-04-18T08:37:18-06:00" level=info msg="Adding libraries dir" dir=/home/nrv/.arduino15/packages/arduino/hardware/avr/1.8.6/libraries location=platform
time="2024-04-18T08:37:18-06:00" level=info msg="Adding libraries dir" dir=/home/nrv/Arduino/libraries location=user
2024-04-18 08:37:18 2024-04-18T14:37:18.838Z daemon INFO time="2024-04-18T08:37:18-06:00" level=info msg="Resolving include LiquidCrystal.h for arch avr"
time="2024-04-18T08:37:18-06:00" level=info msg="  found better lib" lib=LiquidCrystal prio=6A4
2024-04-18 08:37:19 2024-04-18T14:37:19.135Z daemon INFO time="2024-04-18T08:37:19-06:00" level=info msg="Adding libraries dir" dir=/home/nrv/.arduino15/libraries location=ide
time="2024-04-18T08:37:19-06:00" level=info msg="Adding libraries dir" dir=/home/nrv/.arduino15/packages/arduino/hardware/avr/1.8.6/libraries location=platform
2024-04-18 08:37:19 2024-04-18T14:37:19.135Z daemon INFO time="2024-04-18T08:37:19-06:00" level=info msg="Adding libraries dir" dir=/home/nrv/Arduino/libraries location=user
2024-04-18 08:37:19 Update for version 2.3.2 is not available (latest version: 2.3.2, downgrade is allowed).
2024-04-18 08:37:20 2024-04-18T14:37:20.513Z daemon INFO time="2024-04-18T08:37:20-06:00" level=info msg="Checking signature" index=/home/nrv/.arduino15/package_index.json signatureFile=/home/nrv/.arduino15/package_index.json.sig trusted=true
2024-04-18 08:37:20 2024-04-18T14:37:20.514Z daemon INFO time="2024-04-18T08:37:20-06:00" level=info msg="Loading hardware from: /home/nrv/.arduino15/packages"
2024-04-18 08:37:20 2024-04-18T14:37:20.514Z daemon INFO time="2024-04-18T08:37:20-06:00" level=info msg="Loading package arduino from: /home/nrv/.arduino15/packages/arduino/hardware"
2024-04-18 08:37:20 2024-04-18T14:37:20.515Z daemon INFO time="2024-04-18T08:37:20-06:00" level=info msg="Missing signature file" index=/home/nrv/.arduino15/packages/arduino/hardware/avr/1.8.6/installed.json
2024-04-18 08:37:20 2024-04-18T14:37:20.517Z daemon INFO time="2024-04-18T08:37:20-06:00" level=info msg="Adding monitor tool" protocol=serial tool="builtin:serial-monitor"
time="2024-04-18T08:37:20-06:00" level=info msg="Loaded platform" platform="arduino:avr@1.8.6"
time="2024-04-18T08:37:20-06:00" level=info msg="Checking existence of 'tools' path: /home/nrv/.arduino15/packages/arduino/tools"
time="2024-04-18T08:37:20-06:00" level=info msg="Loading tools from dir: /home/nrv/.arduino15/packages/arduino/tools"
2024-04-18 08:37:20 2024-04-18T14:37:20.517Z daemon INFO time="2024-04-18T08:37:20-06:00" level=info msg="Loaded tool" tool="arduino:arduinoOTA@1.3.0"
2024-04-18 08:37:20 2024-04-18T14:37:20.517Z daemon INFO time="2024-04-18T08:37:20-06:00" level=info msg="Loaded tool" tool="arduino:avr-gcc@7.3.0-atmel3.6.1-arduino7"
2024-04-18 08:37:20 2024-04-18T14:37:20.517Z daemon INFO time="2024-04-18T08:37:20-06:00" level=info msg="Loaded tool" tool="arduino:avrdude@6.3.0-arduino17"
2024-04-18 08:37:20 2024-04-18T14:37:20.517Z daemon INFO time="2024-04-18T08:37:20-06:00" level=info msg="Loading package builtin from: /home/nrv/.arduino15/packages/builtin"
2024-04-18 08:37:20 2024-04-18T14:37:20.517Z daemon INFO time="2024-04-18T08:37:20-06:00" level=info msg="Checking existence of 'tools' path: /home/nrv/.arduino15/packages/builtin/tools"
time="2024-04-18T08:37:20-06:00" level=info msg="Loading tools from dir: /home/nrv/.arduino15/packages/builtin/tools"
2024-04-18 08:37:20 2024-04-18T14:37:20.517Z daemon INFO time="2024-04-18T08:37:20-06:00" level=info msg="Loaded tool" tool="builtin:ctags@5.8-arduino11"
2024-04-18 08:37:20 2024-04-18T14:37:20.517Z daemon INFO time="2024-04-18T08:37:20-06:00" level=info msg="Loaded tool" tool="builtin:dfu-discovery@0.1.2"
time="2024-04-18T08:37:20-06:00" level=info msg="Loaded tool" tool="builtin:mdns-discovery@1.0.9"
2024-04-18 08:37:20 2024-04-18T14:37:20.517Z daemon INFO time="2024-04-18T08:37:20-06:00" level=info msg="Loaded tool" tool="builtin:serial-discovery@1.4.0"
2024-04-18 08:37:20 2024-04-18T14:37:20.517Z daemon INFO time="2024-04-18T08:37:20-06:00" level=info msg="Loaded tool" tool="builtin:serial-monitor@0.13.0"
2024-04-18 08:37:20 2024-04-18T14:37:20.517Z daemon INFO time="2024-04-18T08:37:20-06:00" level=info msg="Loaded tool" tool="builtin:serial-monitor@0.14.1"
2024-04-18 08:37:20 2024-04-18T14:37:20.517Z daemon INFO time="2024-04-18T08:37:20-06:00" level=info msg="sending command QUIT to discovery builtin:serial-discovery"
2024-04-18 08:37:20 2024-04-18T14:37:20.517Z daemon INFO time="2024-04-18T08:37:20-06:00" level=info msg="from discovery builtin:serial-discovery received message type: quit, message: OK"
2024-04-18 08:37:20 2024-04-18T14:37:20.517Z daemon INFO time="2024-04-18T08:37:20-06:00" level=info msg="killing discovery builtin:serial-discovery process"
2024-04-18 08:37:20 2024-04-18T14:37:20.517Z daemon INFO time="2024-04-18T08:37:20-06:00" level=info msg="Discovery event channel closed builtin:serial-discovery. Exiting goroutine."
2024-04-18 08:37:20 2024-04-18T14:37:20.518Z daemon INFO time="2024-04-18T08:37:20-06:00" level=info msg="killed discovery builtin:serial-discovery process"
time="2024-04-18T08:37:20-06:00" level=info msg="Closed and removed discovery builtin:serial-discovery"
2024-04-18 08:37:20 2024-04-18T14:37:20.518Z daemon INFO time="2024-04-18T08:37:20-06:00" level=info msg="sending command QUIT to discovery builtin:mdns-discovery"
2024-04-18 08:37:20 2024-04-18T14:37:20.518Z daemon INFO time="2024-04-18T08:37:20-06:00" level=info msg="from discovery builtin:mdns-discovery received message type: quit, message: OK"
time="2024-04-18T08:37:20-06:00" level=info msg="killing discovery builtin:mdns-discovery process"
2024-04-18 08:37:20 2024-04-18T14:37:20.518Z daemon INFO time="2024-04-18T08:37:20-06:00" level=info msg="Discovery event channel closed builtin:mdns-discovery. Exiting goroutine."
2024-04-18 08:37:20 2024-04-18T14:37:20.518Z daemon INFO time="2024-04-18T08:37:20-06:00" level=info msg="killed discovery builtin:mdns-discovery process"
time="2024-04-18T08:37:20-06:00" level=info msg="Closed and removed discovery builtin:mdns-discovery"
2024-04-18 08:37:20 2024-04-18T14:37:20.518Z daemon INFO time="2024-04-18T08:37:20-06:00" level=info msg="starting discovery builtin:serial-discovery process"
2024-04-18 08:37:20 2024-04-18T14:37:20.518Z daemon INFO time="2024-04-18T08:37:20-06:00" level=info msg="started discovery builtin:serial-discovery process"
time="2024-04-18T08:37:20-06:00" level=info msg="sending command HELLO 1 \"arduino-cli 0.35.3\" to discovery builtin:serial-discovery"
2024-04-18 08:37:20 2024-04-18T14:37:20.520Z daemon INFO time="2024-04-18T08:37:20-06:00" level=info msg="from discovery builtin:serial-discovery received message type: hello, message: OK, protocol version: 1"
time="2024-04-18T08:37:20-06:00" level=info msg="sending command START_SYNC to discovery builtin:serial-discovery"
2024-04-18 08:37:20 2024-04-18T14:37:20.521Z daemon INFO time="2024-04-18T08:37:20-06:00" level=info msg="from discovery builtin:serial-discovery received message type: start_sync, message: OK"
time="2024-04-18T08:37:20-06:00" level=info msg="starting discovery builtin:mdns-discovery process"
2024-04-18 08:37:20 2024-04-18T14:37:20.521Z daemon INFO time="2024-04-18T08:37:20-06:00" level=info msg="started discovery builtin:mdns-discovery process"
time="2024-04-18T08:37:20-06:00" level=info msg="sending command HELLO 1 \"arduino-cli 0.35.3\" to discovery builtin:mdns-discovery"
2024-04-18 08:37:20 2024-04-18T14:37:20.523Z daemon INFO time="2024-04-18T08:37:20-06:00" level=info msg="from discovery builtin:mdns-discovery received message type: hello, message: OK, protocol version: 1"
time="2024-04-18T08:37:20-06:00" level=info msg="sending command START_SYNC to discovery builtin:mdns-discovery"
2024-04-18 08:37:20 2024-04-18T14:37:20.523Z daemon INFO time="2024-04-18T08:37:20-06:00" level=info msg="from discovery builtin:mdns-discovery received message type: start_sync, message: OK"
2024-04-18 08:37:20 2024-04-18T14:37:20.523Z daemon INFO time="2024-04-18T08:37:20-06:00" level=info msg="Adding libraries dir" dir=/home/nrv/.arduino15/packages/arduino/hardware/avr/1.8.6/libraries location=platform
2024-04-18 08:37:20 2024-04-18T14:37:20.523Z daemon INFO time="2024-04-18T08:37:20-06:00" level=info msg="Loading libraries index file" index=/home/nrv/.arduino15/library_index.json
2024-04-18 08:37:20 2024-04-18T14:37:20.708Z daemon INFO time="2024-04-18T08:37:20-06:00" level=info msg="Adding libraries dir" dir=/home/nrv/.arduino15/libraries location=ide
time="2024-04-18T08:37:20-06:00" level=info msg="Adding libraries dir" dir=/home/nrv/Arduino/libraries location=user
2024-04-18 08:37:22 isTempSketch: false. Input was /home/nrv/dev/NicLink/nicsoft/lichess/external_clock_firmware/arduino_chess_clock/chess_clock
2024-04-18 08:37:22 Marking workspace as a closed sketch. Workspace URI: file:///home/nrv/dev/NicLink/nicsoft/lichess/external_clock_firmware/arduino_chess_clock/chess_clock. Date: 1713451042284.
2024-04-18 08:37:22 isTempSketch: false. Input was /home/nrv/dev/NicLink/nicsoft/lichess/external_clock_firmware/arduino_chess_clock/chess_clock
2024-04-18 08:37:22 Marking workspace as a closed sketch. Workspace URI: file:///home/nrv/dev/NicLink/nicsoft/lichess/external_clock_firmware/arduino_chess_clock/chess_clock. Date: 1713451042292.
2024-04-18 08:37:22 Closing channel on service path '/services/electron-window'.
