2024-04-10 16:33:43 Arduino IDE 2.3.2
2024-04-10 16:33:43 Checking for frontend application configuration customizations. Module path: /home/nrv/Arduino/arduino-IDE/resources/app/lib/backend/electron-main.js, destination 'package.json': /home/nrv/Arduino/arduino-IDE/resources/app/package.json
2024-04-10 16:33:43 Setting 'theia.frontend.config.appVersion' application configuration value to: "2.3.2" (type of string)
2024-04-10 16:33:43 Setting 'theia.frontend.config.cliVersion' application configuration value to: "0.35.3" (type of string)
2024-04-10 16:33:43 Setting 'theia.frontend.config.buildDate' application configuration value to: "2024-02-20T09:54:08.669Z" (type of string)
2024-04-10 16:33:43 Frontend application configuration after modifications: {"applicationName":"Arduino IDE","defaultTheme":{"light":"arduino-theme","dark":"arduino-theme-dark"},"defaultIconTheme":"none","electron":{"windowOptions":{}},"defaultLocale":"","validatePreferencesSchema":false,"preferences":{"window.title":"${rootName}${activeEditorShort}${appName}","files.autoSave":"afterDelay","editor.minimap.enabled":false,"editor.tabSize":2,"editor.scrollBeyondLastLine":false,"editor.quickSuggestions":{"other":false,"comments":false,"strings":false},"editor.maxTokenizationLineLength":500,"editor.bracketPairColorization.enabled":false,"breadcrumbs.enabled":false,"workbench.tree.renderIndentGuides":"none","explorer.compactFolders":false},"appVersion":"2.3.2","cliVersion":"0.35.3","buildDate":"2024-02-20T09:54:08.669Z"}
2024-04-10 16:33:43 Starting backend process. PID: 45429
2024-04-10 16:33:44 Using browser-only version of superagent in non-browser environment
2024-04-10 16:33:44 Configuration directory URI: 'file:///home/nrv/.arduinoIDE'
2024-04-10 16:33:44 Configuring to accept webviews on '^.+\.webview\..+$' hostname.
2024-04-10 16:33:44 2024-04-10T22:33:44.631Z root INFO Backend Object.initialize: 5.1 ms [Finished 0.622 s after backend start]
2024-04-10 16:33:44 2024-04-10T22:33:44.631Z root INFO Backend Object.configure: 4.1 ms [Finished 0.622 s after backend start]
2024-04-10 16:33:44 2024-04-10T22:33:44.631Z root INFO Backend s.onStart: 2.5 ms [Finished 0.622 s after backend start]
2024-04-10 16:33:44 2024-04-10T22:33:44.632Z root INFO Backend s.configure: 0.3 ms [Finished 0.651 s after backend start]
2024-04-10 16:33:44 2024-04-10T22:33:44.633Z root INFO Backend d.onStart: 0.2 ms [Finished 0.651 s after backend start]
2024-04-10 16:33:44 2024-04-10T22:33:44.634Z root INFO Backend d.configure: 0.1 ms [Finished 0.651 s after backend start]
2024-04-10 16:33:44 2024-04-10T22:33:44.635Z root INFO Backend d.initialize: 28.7 ms [Finished 0.652 s after backend start]
2024-04-10 16:33:44 2024-04-10T22:33:44.635Z root INFO Backend c.onStart: 0.3 ms [Finished 0.652 s after backend start]
2024-04-10 16:33:44 2024-04-10T22:33:44.636Z root INFO Backend a.configure: 0.6 ms [Finished 0.652 s after backend start]
2024-04-10 16:33:44 2024-04-10T22:33:44.638Z config INFO >>> Initializing CLI configuration...
2024-04-10 16:33:44 2024-04-10T22:33:44.638Z root INFO Backend c.initialize: 0.5 ms [Finished 0.652 s after backend start]
2024-04-10 16:33:44 2024-04-10T22:33:44.638Z root INFO Backend R.onStart: 1.0 ms [Finished 0.653 s after backend start]
2024-04-10 16:33:44 2024-04-10T22:33:44.639Z config INFO Loading CLI configuration from /home/nrv/.arduinoIDE/arduino-cli.yaml...
2024-04-10 16:33:44 2024-04-10T22:33:44.639Z daemon INFO Starting daemon from /home/nrv/Arduino/arduino-IDE/resources/app/lib/backend/resources/arduino-cli...
2024-04-10 16:33:44 2024-04-10T22:33:44.639Z root INFO Backend a.initialize: 0.9 ms [Finished 0.655 s after backend start]
2024-04-10 16:33:44 2024-04-10T22:33:44.639Z root INFO Backend w.onStart: 1.6 ms [Finished 0.656 s after backend start]
2024-04-10 16:33:44 2024-04-10T22:33:44.639Z root INFO Backend r.configure: 2.6 ms [Finished 0.656 s after backend start]
2024-04-10 16:33:44 2024-04-10T22:33:44.639Z discovery-log INFO start
2024-04-10 16:33:44 2024-04-10T22:33:44.639Z discovery-log INFO start new deferred
2024-04-10 16:33:44 2024-04-10T22:33:44.639Z root INFO Backend d.initialize: 0.5 ms [Finished 0.657 s after backend start]
2024-04-10 16:33:44 2024-04-10T22:33:44.639Z root INFO Backend y.onStart: 2.2 ms [Finished 0.658 s after backend start]
2024-04-10 16:33:44 2024-04-10T22:33:44.639Z root INFO Backend r.configure: 1.9 ms [Finished 0.658 s after backend start]
2024-04-10 16:33:44 2024-04-10T22:33:44.639Z root INFO Backend a.onStart: 0.5 ms [Finished 0.660 s after backend start]
2024-04-10 16:33:44 2024-04-10T22:33:44.639Z root INFO Backend h.configure: 0.4 ms [Finished 0.660 s after backend start]
2024-04-10 16:33:44 2024-04-10T22:33:44.639Z root INFO Backend s.configure: 0.1 ms [Finished 0.660 s after backend start]
2024-04-10 16:33:44 2024-04-10T22:33:44.639Z root INFO Backend l.configure: 0.1 ms [Finished 0.660 s after backend start]
2024-04-10 16:33:44 2024-04-10T22:33:44.641Z root INFO Theia app listening on http://127.0.0.1:42251.
2024-04-10 16:33:44 2024-04-10T22:33:44.642Z root INFO Finished starting backend application: 2.3 ms [Finished 0.662 s after backend start]
2024-04-10 16:33:44 2024-04-10T22:33:44.642Z root WARN The local plugin referenced by local-dir:/home/nrv/.arduinoIDE/extensions does not exist.
2024-04-10 16:33:44 2024-04-10T22:33:44.642Z root WARN The local plugin referenced by local-dir:/home/nrv/.arduinoIDE/plugins does not exist.
2024-04-10 16:33:44 2024-04-10T22:33:44.653Z config INFO Loaded CLI configuration: {"board_manager":{"additional_urls":[]},"build_cache":{"compilations_before_purge":10,"ttl":"720h0m0s"},"daemon":{"port":"50051"},"directories":{"data":"/home/nrv/.arduino15","downloads":"/home/nrv/.arduino15/staging","user":"/home/nrv/Arduino"},"library":{"enable_unsafe_install":false},"logging":{"file":"","format":"text","level":"info"},"metrics":{"addr":":9090","enabled":true},"output":{"no_color":false},"sketch":{"always_export_binaries":false},"updater":{"enable_notification":true}}
2024-04-10 16:33:44 2024-04-10T22:33:44.653Z config INFO 'directories.data' and 'directories.user' are set in the CLI configuration model.
2024-04-10 16:33:44 2024-04-10T22:33:44.653Z config INFO Loaded the CLI configuration.
2024-04-10 16:33:44 Restoring workspace roots: /home/nrv/dev/NicLink/arduino_chess_clock/chess_clock
2024-04-10 16:33:44 isTempSketch: false. Input was /home/nrv/dev/NicLink/arduino_chess_clock/chess_clock/chess_clock.ino
2024-04-10 16:33:44 2024-04-10T22:33:44.671Z config INFO Mapped the CLI configuration: {"dataDirUri":"file:///home/nrv/.arduino15","sketchDirUri":"file:///home/nrv/Arduino","additionalUrls":[],"network":"none","locale":"en"}
2024-04-10 16:33:44 2024-04-10T22:33:44.671Z config INFO Validating the CLI configuration...
2024-04-10 16:33:44 2024-04-10T22:33:44.672Z config INFO The CLI config is valid.
2024-04-10 16:33:44 2024-04-10T22:33:44.672Z config INFO <<< Initialized the CLI configuration.
2024-04-10 16:33:44 2024-04-10T22:33:44.696Z root INFO Resolve plugins list: 56.5 ms [Finished 0.715 s after backend start]
2024-04-10 16:33:44 2024-04-10T22:33:44.703Z daemon INFO time="2024-04-10T16:33:44-06:00" level=info msg="Using config file: /home/nrv/.arduinoIDE/arduino-cli.yaml"
time="2024-04-10T16:33:44-06:00" level=info msg="arduino-cli version 0.35.3"
time="2024-04-10T16:33:44-06:00" level=info msg="Executing `arduino-cli daemon`"
Daemon is now listening on 127.0.0.1:42645
{"IP":"127.0.0.1","Port":"42645"}
2024-04-10 16:33:44 2024-04-10T22:33:44.703Z daemon INFO Daemon is running.
2024-04-10 16:33:44 2024-04-10T22:33:44.753Z daemon INFO time="2024-04-10T16:33:44-06:00" level=info msg="Checking signature" index=/home/nrv/.arduino15/package_index.json signatureFile=/home/nrv/.arduino15/package_index.json.sig trusted=true
2024-04-10 16:33:44 2024-04-10T22:33:44.756Z daemon INFO time="2024-04-10T16:33:44-06:00" level=info msg="Loading hardware from: /home/nrv/.arduino15/packages"
2024-04-10 16:33:44 2024-04-10T22:33:44.763Z daemon INFO time="2024-04-10T16:33:44-06:00" level=info msg="Loading package arduino from: /home/nrv/.arduino15/packages/arduino/hardware"
time="2024-04-10T16:33:44-06:00" level=info msg="Missing signature file" index=/home/nrv/.arduino15/packages/arduino/hardware/avr/1.8.6/installed.json
2024-04-10 16:33:44 2024-04-10T22:33:44.765Z daemon INFO time="2024-04-10T16:33:44-06:00" level=info msg="Adding monitor tool" protocol=serial tool="builtin:serial-monitor"
time="2024-04-10T16:33:44-06:00" level=info msg="Loaded platform" platform="arduino:avr@1.8.6"
2024-04-10 16:33:44 2024-04-10T22:33:44.765Z daemon INFO time="2024-04-10T16:33:44-06:00" level=info msg="Checking existence of 'tools' path: /home/nrv/.arduino15/packages/arduino/tools"
time="2024-04-10T16:33:44-06:00" level=info msg="Loading tools from dir: /home/nrv/.arduino15/packages/arduino/tools"
2024-04-10 16:33:44 2024-04-10T22:33:44.765Z daemon INFO time="2024-04-10T16:33:44-06:00" level=info msg="Loaded tool" tool="arduino:arduinoOTA@1.3.0"
2024-04-10 16:33:44 2024-04-10T22:33:44.765Z daemon INFO time="2024-04-10T16:33:44-06:00" level=info msg="Loaded tool" tool="arduino:avr-gcc@7.3.0-atmel3.6.1-arduino7"
time="2024-04-10T16:33:44-06:00" level=info msg="Loaded tool" tool="arduino:avrdude@6.3.0-arduino17"
2024-04-10 16:33:44 2024-04-10T22:33:44.765Z daemon INFO time="2024-04-10T16:33:44-06:00" level=info msg="Loading package builtin from: /home/nrv/.arduino15/packages/builtin"
2024-04-10 16:33:44 2024-04-10T22:33:44.765Z daemon INFO time="2024-04-10T16:33:44-06:00" level=info msg="Checking existence of 'tools' path: /home/nrv/.arduino15/packages/builtin/tools"
time="2024-04-10T16:33:44-06:00" level=info msg="Loading tools from dir: /home/nrv/.arduino15/packages/builtin/tools"
2024-04-10 16:33:44 2024-04-10T22:33:44.765Z daemon INFO time="2024-04-10T16:33:44-06:00" level=info msg="Loaded tool" tool="builtin:ctags@5.8-arduino11"
2024-04-10 16:33:44 2024-04-10T22:33:44.765Z daemon INFO time="2024-04-10T16:33:44-06:00" level=info msg="Loaded tool" tool="builtin:dfu-discovery@0.1.2"
2024-04-10 16:33:44 2024-04-10T22:33:44.765Z daemon INFO time="2024-04-10T16:33:44-06:00" level=info msg="Loaded tool" tool="builtin:mdns-discovery@1.0.9"
2024-04-10 16:33:44 2024-04-10T22:33:44.765Z daemon INFO time="2024-04-10T16:33:44-06:00" level=info msg="Loaded tool" tool="builtin:serial-discovery@1.4.0"
2024-04-10 16:33:44 2024-04-10T22:33:44.776Z daemon INFO time="2024-04-10T16:33:44-06:00" level=info msg="Loaded tool" tool="builtin:serial-monitor@0.13.0"
time="2024-04-10T16:33:44-06:00" level=info msg="Loaded tool" tool="builtin:serial-monitor@0.14.1"
time="2024-04-10T16:33:44-06:00" level=info msg="Adding libraries dir" dir=/home/nrv/.arduino15/packages/arduino/hardware/avr/1.8.6/libraries location=platform
time="2024-04-10T16:33:44-06:00" level=info msg="Loading libraries index file" index=/home/nrv/.arduino15/library_index.json
2024-04-10 16:33:45 2024-04-10T22:33:45.249Z daemon INFO time="2024-04-10T16:33:45-06:00" level=info msg="Adding libraries dir" dir=/home/nrv/.arduino15/libraries location=ide
time="2024-04-10T16:33:45-06:00" level=info msg="Adding libraries dir" dir=/home/nrv/Arduino/libraries location=user
2024-04-10 16:33:45 2024-04-10T22:33:45.299Z discovery-log INFO start resolved watching
2024-04-10 16:33:45 2024-04-10T22:33:45.299Z daemon INFO time="2024-04-10T16:33:45-06:00" level=info msg="starting discovery builtin:mdns-discovery process"
2024-04-10 16:33:45 2024-04-10T22:33:45.304Z daemon INFO time="2024-04-10T16:33:45-06:00" level=info msg="starting discovery builtin:serial-discovery process"
time="2024-04-10T16:33:45-06:00" level=info msg="started discovery builtin:serial-discovery process"
time="2024-04-10T16:33:45-06:00" level=info msg="started discovery builtin:mdns-discovery process"
time="2024-04-10T16:33:45-06:00" level=info msg="sending command HELLO 1 \"arduino-cli 0.35.3\" to discovery builtin:mdns-discovery"
time="2024-04-10T16:33:45-06:00" level=info msg="sending command HELLO 1 \"arduino-cli 0.35.3\" to discovery builtin:serial-discovery"
2024-04-10 16:33:45 2024-04-10T22:33:45.310Z daemon INFO time="2024-04-10T16:33:45-06:00" level=info msg="from discovery builtin:serial-discovery received message type: hello, message: OK, protocol version: 1"
time="2024-04-10T16:33:45-06:00" level=info msg="sending command START_SYNC to discovery builtin:serial-discovery"
time="2024-04-10T16:33:45-06:00" level=info msg="from discovery builtin:mdns-discovery received message type: hello, message: OK, protocol version: 1"
time="2024-04-10T16:33:45-06:00" level=info msg="sending command START_SYNC to discovery builtin:mdns-discovery"
time="2024-04-10T16:33:45-06:00" level=info msg="from discovery builtin:mdns-discovery received message type: start_sync, message: OK"
2024-04-10 16:33:45 2024-04-10T22:33:45.321Z daemon INFO time="2024-04-10T16:33:45-06:00" level=info msg="from discovery builtin:serial-discovery received message type: start_sync, message: OK"
2024-04-10 16:33:45 2024-04-10T22:33:45.988Z root INFO Deploy plugins list: 56.5 ms [Finished 2.008 s after backend start]
2024-04-10 16:33:46 Opening channel for service path '/services/electron-window'.
2024-04-10 16:33:46 Opening channel for service path '/services/ide-updater'.
2024-04-10 16:33:46 2024-04-10T22:33:46.940Z root WARN Frontend a.configure took longer than the expected maximum 100 milliseconds: 300.0 ms [Finished 2.176 s after frontend start]
2024-04-10 16:33:46 2024-04-10T22:33:46.950Z root WARN A command editor.action.toggleStickyScroll is already registered.
2024-04-10 16:33:46 2024-04-10T22:33:46.976Z sketches-service WARN Warning! The request sketch path was different than the response sketch path from the CLI. This could be a potential bug. Request: </home/nrv/dev/NicLink/arduino_chess_clock/chess_clock/chess_clock.ino>, response: </home/nrv/dev/NicLink/arduino_chess_clock/chess_clock>.
2024-04-10 16:33:47 2024-04-10T22:33:47.361Z root WARN Frontend c.onStart took longer than the expected maximum 100 milliseconds: 219.1 ms [Finished 2.627 s after frontend start]
2024-04-10 16:33:47 2024-04-10T22:33:47.415Z root INFO Start frontend contributions: 858.3 ms [Finished 2.642 s after frontend start]
2024-04-10 16:33:47 2024-04-10T22:33:47.415Z root INFO Changed application state from 'init' to 'started_contributions'.
2024-04-10 16:33:47 2024-04-10T22:33:47.456Z root INFO Changed application state from 'started_contributions' to 'attached_shell'.
2024-04-10 16:33:47 2024-04-10T22:33:47.456Z root INFO >>> Restoring the layout state...
2024-04-10 16:33:47 2024-04-10T22:33:47.457Z root INFO ------- SERIALIZED LAYOUT DATA -------
2024-04-10 16:33:47 2024-04-10T22:33:47.459Z root INFO {"version":5,"mainPanel":{"main":{"type":"tab-area","widgets":[{"constructionOptions":{"factoryId":"code-editor-opener","options":{"counter":0,"kind":"navigatable","uri":"file:///home/nrv/dev/NicLink/arduino_chess_clock/chess_clock/chess_clock.ino"}},"innerWidgetState":"{\"cursorState\":[{\"inSelectionMode\":false,\"selectionStart\":{\"lineNumber\":55,\"column\":21},\"position\":{\"lineNumber\":55,\"column\":21}}],\"viewState\":{\"scrollLeft\":0,\"firstPosition\":{\"lineNumber\":49,\"column\":1},\"firstPositionDeltaTop\":0},\"contributionsState\":{\"editor.contrib.folding\":{\"lineCount\":185,\"provider\":\"indent\",\"foldedImports\":false},\"editor.contrib.wordHighlighter\":false}}"}],"currentIndex":0}},"mainPanelPinned":[false],"bottomPanel":{"config":{"main":{"type":"tab-area","widgets":[{"constructionOptions":{"factoryId":"outputView"},"innerWidgetState":"{\"locked\":false}"}],"currentIndex":0}},"pinned":[false],"size":274,"expanded":true},"leftPanel":{"type":"sidepanel","items":[{"widget":{"constructionOptions":{"factoryId":"arduino-sketchbook-widget"}},"rank":1,"expanded":false,"pinned":false},{"widget":{"constructionOptions":{"factoryId":"boards-list-widget"}},"rank":2,"expanded":false,"pinned":false},{"widget":{"constructionOptions":{"factoryId":"library-list-widget"}},"rank":3,"expanded":false,"pinned":false},{"widget":{"constructionOptions":{"factoryId":"debug"},"innerWidgetState":"{\"parts\":[{\"partId\":\"debug:threads:-1\",\"collapsed\":false,\"hidden\":false,\"originalContainerId\":\"debug:view-container:-1\",\"originalContainerTitle\":{\"label\":\"debug\",\"iconClass\":\"codicon codicon-debug-alt\",\"closeable\":true},\"widget\":{\"constructionOptions\":{\"factoryId\":\"debug:threads\"},\"innerWidgetState\":\"{}\"}},{\"partId\":\"debug:frames:-1\",\"collapsed\":false,\"hidden\":false,\"originalContainerId\":\"debug:view-container:-1\",\"originalContainerTitle\":{\"label\":\"debug\",\"iconClass\":\"codicon codicon-debug-alt\",\"closeable\":true},\"widget\":{\"constructionOptions\":{\"factoryId\":\"debug:frames\"},\"innerWidgetState\":\"{}\"}},{\"partId\":\"debug:variables:-1\",\"collapsed\":false,\"hidden\":false,\"originalContainerId\":\"debug:view-container:-1\",\"originalContainerTitle\":{\"label\":\"debug\",\"iconClass\":\"codicon codicon-debug-alt\",\"closeable\":true},\"widget\":{\"constructionOptions\":{\"factoryId\":\"debug:variables\"},\"innerWidgetState\":\"{}\"}},{\"partId\":\"debug:watch:-1\",\"collapsed\":false,\"hidden\":false,\"originalContainerId\":\"debug:view-container:-1\",\"originalContainerTitle\":{\"label\":\"debug\",\"iconClass\":\"codicon codicon-debug-alt\",\"closeable\":true},\"widget\":{\"constructionOptions\":{\"factoryId\":\"debug:watch\"},\"innerWidgetState\":\"{}\"}},{\"partId\":\"debug:breakpoints:-1\",\"collapsed\":false,\"hidden\":false,\"originalContainerId\":\"debug:view-container:-1\",\"originalContainerTitle\":{\"label\":\"debug\",\"iconClass\":\"codicon codicon-debug-alt\",\"closeable\":true},\"widget\":{\"constructionOptions\":{\"factoryId\":\"debug:breakpoints\"},\"innerWidgetState\":\"{}\"}},{\"partId\":\"plugin-view:cortex-debug.peripherals\",\"collapsed\":true,\"hidden\":true,\"originalContainerId\":\"debug:view-container:-1\",\"originalContainerTitle\":{\"label\":\"debug\",\"iconClass\":\"codicon codicon-debug-alt\",\"closeable\":true},\"widget\":{\"constructionOptions\":{\"factoryId\":\"plugin-view\",\"options\":{\"id\":\"plugin-view:cortex-debug.peripherals\",\"viewId\":\"cortex-debug.peripherals\"}},\"innerWidgetState\":\"{\\\"label\\\":\\\"Cortex Peripherals\\\",\\\"widgets\\\":[],\\\"suppressUpdateViewVisibility\\\":false,\\\"currentViewContainerId\\\":\\\"debug\\\"}\"}},{\"partId\":\"plugin-view:cortex-debug.registers\",\"collapsed\":true,\"hidden\":true,\"originalContainerId\":\"debug:view-container:-1\",\"originalContainerTitle\":{\"label\":\"debug\",\"iconClass\":\"codicon codicon-debug-alt\",\"closeable\":true},\"widget\":{\"constructionOptions\":{\"factoryId\":\"plugin-view\",\"options\":{\"id\":\"plugin-view:cortex-debug.registers\",\"viewId\":\"cortex-debug.registers\"}},\"innerWidgetState\":\"{\\\"label\\\":\\\"Cortex Registers\\\",\\\"widgets\\\":[],\\\"suppressUpdateViewVisibility\\\":false,\\\"currentViewContainerId\\\":\\\"debug\\\"}\"}}],\"title\":{\"label\":\"debug\",\"iconClass\":\"codicon codicon-debug-alt\",\"closeable\":true}}"},"rank":4,"expanded":false,"pinned":false},{"widget":{"constructionOptions":{"factoryId":"search-view-container"},"innerWidgetState":"{\"parts\":[{\"partId\":\"search-in-workspace\",\"collapsed\":false,\"hidden\":false,\"originalContainerId\":\"search-view-container\",\"originalContainerTitle\":{\"label\":\"Search\",\"iconClass\":\"codicon codicon-search\",\"closeable\":true},\"widget\":{\"constructionOptions\":{\"factoryId\":\"search-in-workspace\"},\"innerWidgetState\":\"{\\\"matchCaseState\\\":{\\\"className\\\":\\\"codicon codicon-case-sensitive\\\",\\\"enabled\\\":false,\\\"title\\\":\\\"Match Case\\\"},\\\"wholeWordState\\\":{\\\"className\\\":\\\"codicon codicon-whole-word\\\",\\\"enabled\\\":false,\\\"title\\\":\\\"Match Whole Word\\\"},\\\"regExpState\\\":{\\\"className\\\":\\\"codicon codicon-regex\\\",\\\"enabled\\\":false,\\\"title\\\":\\\"Use Regular Expression\\\"},\\\"includeIgnoredState\\\":{\\\"className\\\":\\\"codicon codicon-eye\\\",\\\"enabled\\\":false,\\\"title\\\":\\\"Include Ignored Files\\\"},\\\"showSearchDetails\\\":false,\\\"searchInWorkspaceOptions\\\":{\\\"matchCase\\\":false,\\\"matchWholeWord\\\":false,\\\"useRegExp\\\":false,\\\"includeIgnored\\\":false,\\\"include\\\":[],\\\"exclude\\\":[],\\\"maxResults\\\":2000},\\\"searchTerm\\\":\\\"\\\",\\\"replaceTerm\\\":\\\"\\\",\\\"showReplaceField\\\":false,\\\"searchHistoryState\\\":{\\\"history\\\":[],\\\"index\\\":0},\\\"replaceHistoryState\\\":{\\\"history\\\":[],\\\"index\\\":0},\\\"includeHistoryState\\\":{\\\"history\\\":[],\\\"index\\\":0},\\\"excludeHistoryState\\\":{\\\"history\\\":[],\\\"index\\\":0}}\"}}],\"title\":{\"label\":\"Search\",\"iconClass\":\"fa fa-arduino-search\",\"closeable\":true}}"},"rank":5,"expanded":false,"pinned":false}]},"rightPanel":{"type":"sidepanel","items":[]},"activeWidgetId":"code-editor-opener:file:///home/nrv/dev/NicLink/arduino_chess_clock/chess_clock/chess_clock.ino:0"}
2024-04-10 16:33:47 2024-04-10T22:33:47.459Z root INFO ------- END SERIALIZED LAYOUT DATA -------
2024-04-10 16:33:47 2024-04-10T22:33:47.546Z root INFO [3d371c62-8567-43f3-8a4a-3cb7e8b71751] Waiting for backend deployment: 186.3 ms [Finished 2.817 s after frontend start]
2024-04-10 16:33:48 2024-04-10T22:33:48.751Z root INFO [hosted-plugin: 45534] PLUGIN_HOST(45534) starting instance
2024-04-10 16:33:49 2024-04-10T22:33:49.538Z root INFO [3d371c62-8567-43f3-8a4a-3cb7e8b71751] Sync of 23 plugins: 1996.3 ms [Finished 4.813 s after frontend start]
2024-04-10 16:33:49 2024-04-10T22:33:49.864Z root INFO <<< The layout has been successfully restored.
2024-04-10 16:33:49 2024-04-10T22:33:49.980Z root INFO Initialize the workbench layout: 2429.8 ms [Finished 5.140 s after frontend start]
2024-04-10 16:33:49 2024-04-10T22:33:49.982Z root INFO Changed application state from 'attached_shell' to 'initialized_layout'.
2024-04-10 16:33:49 2024-04-10T22:33:49.982Z root INFO [3d371c62-8567-43f3-8a4a-3cb7e8b71751] Loading plugin contributions
2024-04-10 16:33:49 2024-04-10T22:33:49.982Z root INFO [3d371c62-8567-43f3-8a4a-3cb7e8b71751] Load contributions of 23 plugins: 112.3 ms [Finished 5.254 s after frontend start]
2024-04-10 16:33:49 2024-04-10T22:33:49.997Z root WARN 'cpp' language is remapped from 'source.cpp.embedded.macro' to 'source.cpp' scope
2024-04-10 16:33:49 2024-04-10T22:33:49.998Z root WARN a registered grammar configuration for 'cpp' language is overridden
2024-04-10 16:33:51 Checking for update
2024-04-10 16:33:51 2024-04-10T22:33:51.396Z root INFO Replace loading indicator with ready workbench UI (animation): 921.4 ms [Finished 6.178 s after frontend start]
2024-04-10 16:33:51 2024-04-10T22:33:51.396Z root INFO Changed application state from 'initialized_layout' to 'ready'.
2024-04-10 16:33:51 2024-04-10T22:33:51.396Z root WARN Linked preference "workbench.colorCustomizations" not found.
2024-04-10 16:33:51 2024-04-10T22:33:51.399Z root INFO Frontend application start: 4431.2 ms [Finished 7.335 s after backend start]
2024-04-10 16:33:51 2024-04-10T22:33:51.431Z root ERROR [hosted-plugin: 45534] Conflict in settings file Default: Ignoring cortex-debug.armToolchainPath.linux as cortex-debug.armToolchainPath is null
Conflict in settings file Default: Ignoring cortex-debug.armToolchainPath.osx as cortex-debug.armToolchainPath is null
Conflict in settings file Default: Ignoring cortex-debug.armToolchainPath.windows as cortex-debug.armToolchainPath is null
Conflict in settings file Default: Ignoring cortex-debug.JLinkGDBServerPath.linux as cortex-debug.JLinkGDBServerPath is null
Conflict in settings file Default: Ignoring cortex-debug.JLinkGDBServerPath.osx as cortex-debug.JLinkGDBServerPath is null
Conflict in settings file Default: Ignoring cortex-debug.JLinkGDBServerPath.windows as cortex-debug.JLinkGDBServerPath is null
Conflict in settings file Default: Ignoring cortex-debug.openocdPath.linux as cortex-debug.openocdPath is null
Conflict in settings file Default: Ignoring cortex-debug.openocdPath.osx as cortex-debug.openocdPath is null
Conflict in settings file Default: Ignoring cortex-debug.openocdPath.windows as cortex-debug.openocdPath is null
Conflict in settings file Default: Ignoring cortex-debug.pyocdPath.linux as cortex-debug.pyocdPath is null
Conflict in settings file Default: Ignoring cortex-debug.pyocdPath.osx as cortex-debug.pyocdPath is null
Conflict in settings file Default: Ignoring cortex-debug.pyocdPath.windows as cortex-debug.pyocdPath is null
Conflict in settings file Default: Ignoring cortex-debug.PEGDBServerPath.linux as cortex-debug.PEGDBServerPath is null
Conflict in settings file Default: Ignoring cortex-debug.PEGDBServerPath.osx as cortex-debug.PEGDBServerPath is null
Conflict in settings file Default: Ignoring cortex-debug.PEGDBServerPath.windows as cortex-debug.PEGDBServerPath is null
Conflict in settings file Default: Ignoring cortex-debug.stutilPath.linux as cortex-debug.stutilPath is null
Conflict in settings file Default: Ignoring cortex-debug.stutilPath.osx as cortex-debug.stutilPath is null
Conflict in settings file Default: Ignoring cortex-debug.stutilPath.windows as cortex-debug.stutilPath is null
Conflict in settings file Default: Ignoring cortex-debug.stlinkPath.linux as cortex-debug.stlinkPath is null
Conflict in settings file Default: Ignoring cortex-debug.stlinkPath.osx as cortex-debug.stlinkPath is null
Conflict in settings file Default: Ignoring cortex-debug.stlinkPath.windows as cortex-debug.stlinkPath is null
Conflict in settings file Default: Ignoring cortex-debug.stm32cubeprogrammer.linux as cortex-debug.stm32cubeprogrammer is null
Conflict in settings file Default: Ignoring cortex-debug.stm32cubeprogrammer.osx as cortex-debug.stm32cubeprogrammer is null
Conflict in settings file Default: Ignoring cortex-debug.stm32cubeprogrammer.windows as cortex-debug.stm32cubeprogrammer is null
2024-04-10 16:33:51 2024-04-10T22:33:51.640Z root INFO core-client-provider [library-index] Downloading index: library_index.tar.bz2

2024-04-10 16:33:51 2024-04-10T22:33:51.644Z root INFO core-client-provider [platform-index] Downloading index: package_index.tar.bz2

2024-04-10 16:33:51 2024-04-10T22:33:51.649Z daemon INFO time="2024-04-10T16:33:51-06:00" level=info msg="Updating libraries index"
time="2024-04-10T16:33:51-06:00" level=info msg="Starting download" url="https://downloads.arduino.cc/libraries/library_index.tar.bz2"
time="2024-04-10T16:33:51-06:00" level=info msg="Updating index" url="https://downloads.arduino.cc/packages/package_index.tar.bz2"
time="2024-04-10T16:33:51-06:00" level=info msg="Starting download" url="https://downloads.arduino.cc/packages/package_index.tar.bz2"
2024-04-10 16:33:51 2024-04-10T22:33:51.868Z root ERROR Failed to get debug config: arduino:avr:uno, undefined Error: Debugging is not supported.
    at Object.callback (/home/nrv/Arduino/arduino-IDE/resources/app/lib/backend/main.js:2:81196)
    at Object.onReceiveStatus (/home/nrv/Arduino/arduino-IDE/resources/app/lib/backend/main.js:2:788562)
    at Object.onReceiveStatus (/home/nrv/Arduino/arduino-IDE/resources/app/lib/backend/main.js:2:784513)
    at Object.onReceiveStatus (/home/nrv/Arduino/arduino-IDE/resources/app/lib/backend/main.js:2:783958)
    at /home/nrv/Arduino/arduino-IDE/resources/app/lib/backend/main.js:2:870080
    at process.processTicksAndRejections (node:internal/process/task_queues:77:11)
2024-04-10 16:33:51 2024-04-10T22:33:51.868Z root ERROR Request checkDebugEnabled failed with error: Debugging is not supported. Error: Debugging is not supported.
    at Object.callback (/home/nrv/Arduino/arduino-IDE/resources/app/lib/backend/main.js:2:81196)
    at Object.onReceiveStatus (/home/nrv/Arduino/arduino-IDE/resources/app/lib/backend/main.js:2:788562)
    at Object.onReceiveStatus (/home/nrv/Arduino/arduino-IDE/resources/app/lib/backend/main.js:2:784513)
    at Object.onReceiveStatus (/home/nrv/Arduino/arduino-IDE/resources/app/lib/backend/main.js:2:783958)
    at /home/nrv/Arduino/arduino-IDE/resources/app/lib/backend/main.js:2:870080
    at process.processTicksAndRejections (node:internal/process/task_queues:77:11)
2024-04-10 16:33:51 2024-04-10T22:33:51.868Z root INFO [hosted-plugin: 45534] PLUGIN_HOST(45534): PluginManagerExtImpl/init()
PLUGIN_HOST(45534): initializing(vscode-arduino-api@0.1.2 with /home/nrv/Arduino/arduino-IDE/resources/app/lib/backend/plugin-vscode-init)
2024-04-10 16:33:51 2024-04-10T22:33:51.868Z daemon INFO time="2024-04-10T16:33:51-06:00" level=info msg="Tool required for debug" tool="arduino:arduinoOTA@1.3.0"
time="2024-04-10T16:33:51-06:00" level=info msg="Tool required for debug" tool="arduino:avr-gcc@7.3.0-atmel3.6.1-arduino7"
time="2024-04-10T16:33:51-06:00" level=info msg="Tool required for debug" tool="arduino:avrdude@6.3.0-arduino17"
time="2024-04-10T16:33:51-06:00" level=info msg="Tool required for debug" tool="builtin:mdns-discovery@1.0.9"
time="2024-04-10T16:33:51-06:00" level=info msg="Tool required for debug" tool="builtin:serial-monitor@0.14.1"
time="2024-04-10T16:33:51-06:00" level=info msg="Tool required for debug" tool="builtin:dfu-discovery@0.1.2"
time="2024-04-10T16:33:51-06:00" level=info msg="Tool required for debug" tool="builtin:ctags@5.8-arduino11"
time="2024-04-10T16:33:51-06:00" level=info msg="Tool required for debug" tool="builtin:serial-discovery@1.4.0"
2024-04-10 16:33:52 2024-04-10T22:33:52.154Z root INFO [hosted-plugin: 45534] PLUGIN_HOST(45534): initializing(cortex-debug@1.5.1 with /home/nrv/Arduino/arduino-IDE/resources/app/lib/backend/plugin-vscode-init)
Debugger contribution has been registered: cortex-debug
PLUGIN_HOST(45534): initializing(vscode-arduino-tools@0.1.3 with /home/nrv/Arduino/arduino-IDE/resources/app/lib/backend/plugin-vscode-init)
PLUGIN_HOST(45534): initializing(cpp@1.52.1 with /home/nrv/Arduino/arduino-IDE/resources/app/lib/backend/plugin-vscode-init)
PLUGIN_HOST(45534): initializing(json@1.46.1 with /home/nrv/Arduino/arduino-IDE/resources/app/lib/backend/plugin-vscode-init)
PLUGIN_HOST(45534): initializing(json-language-features@1.46.1 with /home/nrv/Arduino/arduino-IDE/resources/app/lib/backend/plugin-vscode-init)
PLUGIN_HOST(45534): initializing(vscode-language-pack-bg@1.48.3 with /home/nrv/Arduino/arduino-IDE/resources/app/lib/backend/plugin-vscode-init)
PLUGIN_HOST(45534): initializing(vscode-language-pack-cs@1.80.0 with /home/nrv/Arduino/arduino-IDE/resources/app/lib/backend/plugin-vscode-init)
PLUGIN_HOST(45534): initializing(vscode-language-pack-de@1.80.0 with /home/nrv/Arduino/arduino-IDE/resources/app/lib/backend/plugin-vscode-init)
PLUGIN_HOST(45534): initializing(vscode-language-pack-es@1.80.0 with /home/nrv/Arduino/arduino-IDE/resources/app/lib/backend/plugin-vscode-init)
PLUGIN_HOST(45534): initializing(vscode-language-pack-fr@1.80.0 with /home/nrv/Arduino/arduino-IDE/resources/app/lib/backend/plugin-vscode-init)
PLUGIN_HOST(45534): initializing(vscode-language-pack-hu@1.48.3 with /home/nrv/Arduino/arduino-IDE/resources/app/lib/backend/plugin-vscode-init)
PLUGIN_HOST(45534): initializing(vscode-language-pack-it@1.80.0 with /home/nrv/Arduino/arduino-IDE/resources/app/lib/backend/plugin-vscode-init)
PLUGIN_HOST(45534): initializing(vscode-language-pack-ja@1.80.0 with /home/nrv/Arduino/arduino-IDE/resources/app/lib/backend/plugin-vscode-init)
PLUGIN_HOST(45534): initializing(vscode-language-pack-ko@1.80.0 with /home/nrv/Arduino/arduino-IDE/resources/app/lib/backend/plugin-vscode-init)
PLUGIN_HOST(45534): initializing(vscode-language-pack-nl@1.48.3 with /home/nrv/Arduino/arduino-IDE/resources/app/lib/backend/plugin-vscode-init)
PLUGIN_HOST(45534): initializing(vscode-language-pack-pl@1.80.0 with /home/nrv/Arduino/arduino-IDE/resources/app/lib/backend/plugin-vscode-init)
PLUGIN_HOST(45534): initializing(vscode-language-pack-pt-BR@1.80.0 with /home/nrv/Arduino/arduino-IDE/resources/app/lib/backend/plugin-vscode-init)
PLUGIN_HOST(45534): initializing(vscode-language-pack-ru@1.80.0 with /home/nrv/Arduino/arduino-IDE/resources/app/lib/backend/plugin-vscode-init)
PLUGIN_HOST(45534): initializing(vscode-language-pack-tr@1.80.0 with /home/nrv/Arduino/arduino-IDE/resources/app/lib/backend/plugin-vscode-init)
PLUGIN_HOST(45534): initializing(vscode-language-pack-uk@1.48.3 with /home/nrv/Arduino/arduino-IDE/resources/app/lib/backend/plugin-vscode-init)
PLUGIN_HOST(45534): initializing(vscode-language-pack-zh-hans@1.80.0 with /home/nrv/Arduino/arduino-IDE/resources/app/lib/backend/plugin-vscode-init)
PLUGIN_HOST(45534): initializing(vscode-language-pack-zh-hant@1.80.0 with /home/nrv/Arduino/arduino-IDE/resources/app/lib/backend/plugin-vscode-init)
2024-04-10 16:33:52 Update for version 2.3.2 is not available (latest version: 2.3.2, downgrade is allowed).
2024-04-10 16:33:52 2024-04-10T22:33:52.456Z root INFO [hosted-plugin: 45534] PLUGIN_HOST(45534): PluginManagerExtImpl/loadPlugin(/home/nrv/Arduino/arduino-IDE/resources/app/plugins/vscode-arduino-api/extension/dist/extension.js)
calling activation function on Arduino IDE API for VS Code extensions
2024-04-10 16:33:52 2024-04-10T22:33:52.897Z root INFO [hosted-plugin: 45534] PLUGIN_HOST(45534): PluginManagerExtImpl/loadPlugin(/home/nrv/Arduino/arduino-IDE/resources/app/plugins/vscode-builtin-json-language-features/extension/client/dist/jsonMain)
calling activation function on JSON Language Features (built-in)
2024-04-10 16:33:53 2024-04-10T22:33:53.058Z root INFO [hosted-plugin: 45534] PLUGIN_HOST(45534): PluginManagerExtImpl/loadPlugin(/home/nrv/Arduino/arduino-IDE/resources/app/plugins/vscode-arduino-tools/extension/dist/extension.js)
2024-04-10 16:33:53 2024-04-10T22:33:53.465Z root ERROR ---- !!!SLOW!!! DURATION: search took 2062.235 ms. Args: [{"type":"Updatable"}] ----
2024-04-10 16:33:53 2024-04-10T22:33:53.465Z root INFO [hosted-plugin: 45534] calling activation function on VS Code Arduino Tools
2024-04-10 16:33:53 2024-04-10T22:33:53.470Z root INFO [3d371c62-8567-43f3-8a4a-3cb7e8b71751] Starting plugins.
2024-04-10 16:33:53 2024-04-10T22:33:53.528Z root INFO [hosted-plugin: 45534] PLUGIN_HOST(45534): PluginManagerExtImpl/loadPlugin(/home/nrv/Arduino/arduino-IDE/resources/app/plugins/cortex-debug/extension/dist/extension.js)
2024-04-10 16:33:53 2024-04-10T22:33:53.586Z root INFO [hosted-plugin: 45534] Debug configuration provider has been registered: cortex-debug, trigger: 1
2024-04-10 16:33:53 2024-04-10T22:33:53.587Z root INFO [hosted-plugin: 45534] calling activation function on Cortex-Debug
2024-04-10 16:33:53 2024-04-10T22:33:53.590Z root INFO [hosted-plugin: 45534] GDB server console created
2024-04-10 16:33:53 2024-04-10T22:33:53.599Z root INFO [3d371c62-8567-43f3-8a4a-3cb7e8b71751] Start of 23 plugins: 3611.0 ms [Finished 8.872 s after frontend start]
2024-04-10 16:33:53 2024-04-10T22:33:53.623Z root INFO Starting language server: arduino:avr:uno
2024-04-10 16:33:53 2024-04-10T22:33:53.699Z daemon INFO time="2024-04-10T16:33:53-06:00" level=info msg="Adding libraries dir" dir=/home/nrv/.arduino15/libraries location=ide
time="2024-04-10T16:33:53-06:00" level=info msg="Adding libraries dir" dir=/home/nrv/.arduino15/packages/arduino/hardware/avr/1.8.6/libraries location=platform
time="2024-04-10T16:33:53-06:00" level=info msg="Adding libraries dir" dir=/home/nrv/Arduino/libraries location=user
2024-04-10 16:33:53 2024-04-10T22:33:53.761Z daemon INFO time="2024-04-10T16:33:53-06:00" level=info msg="Resolving include LiquidCrystal.h for arch avr"
time="2024-04-10T16:33:53-06:00" level=info msg="  found better lib" lib=LiquidCrystal prio=6A4
2024-04-10 16:33:53 2024-04-10T22:33:53.761Z daemon INFO time="2024-04-10T16:33:53-06:00" level=info msg="  found better lib" lib=LiquidCrystal prio=6A7
2024-04-10 16:33:54 2024-04-10T22:33:54.129Z daemon INFO time="2024-04-10T16:33:54-06:00" level=info msg="Adding libraries dir" dir=/home/nrv/.arduino15/libraries location=ide
2024-04-10 16:33:54 2024-04-10T22:33:54.129Z daemon INFO time="2024-04-10T16:33:54-06:00" level=info msg="Adding libraries dir" dir=/home/nrv/.arduino15/packages/arduino/hardware/avr/1.8.6/libraries location=platform
time="2024-04-10T16:33:54-06:00" level=info msg="Adding libraries dir" dir=/home/nrv/Arduino/libraries location=user
2024-04-10 16:33:54 2024-04-10T22:33:54.527Z daemon INFO time="2024-04-10T16:33:54-06:00" level=info msg="Checking signature" index=/home/nrv/.arduino15/package_index.json signatureFile=/home/nrv/.arduino15/package_index.json.sig trusted=true
2024-04-10 16:33:54 2024-04-10T22:33:54.529Z daemon INFO time="2024-04-10T16:33:54-06:00" level=info msg="Loading hardware from: /home/nrv/.arduino15/packages"
2024-04-10 16:33:54 2024-04-10T22:33:54.529Z daemon INFO time="2024-04-10T16:33:54-06:00" level=info msg="Loading package arduino from: /home/nrv/.arduino15/packages/arduino/hardware"
2024-04-10 16:33:54 2024-04-10T22:33:54.531Z daemon INFO time="2024-04-10T16:33:54-06:00" level=info msg="Missing signature file" index=/home/nrv/.arduino15/packages/arduino/hardware/avr/1.8.6/installed.json
2024-04-10 16:33:54 2024-04-10T22:33:54.533Z daemon INFO time="2024-04-10T16:33:54-06:00" level=info msg="Adding monitor tool" protocol=serial tool="builtin:serial-monitor"
time="2024-04-10T16:33:54-06:00" level=info msg="Loaded platform" platform="arduino:avr@1.8.6"
time="2024-04-10T16:33:54-06:00" level=info msg="Checking existence of 'tools' path: /home/nrv/.arduino15/packages/arduino/tools"
time="2024-04-10T16:33:54-06:00" level=info msg="Loading tools from dir: /home/nrv/.arduino15/packages/arduino/tools"
2024-04-10 16:33:54 2024-04-10T22:33:54.534Z daemon INFO time="2024-04-10T16:33:54-06:00" level=info msg="Loaded tool" tool="arduino:arduinoOTA@1.3.0"
time="2024-04-10T16:33:54-06:00" level=info msg="Loaded tool" tool="arduino:avr-gcc@7.3.0-atmel3.6.1-arduino7"
time="2024-04-10T16:33:54-06:00" level=info msg="Loaded tool" tool="arduino:avrdude@6.3.0-arduino17"
time="2024-04-10T16:33:54-06:00" level=info msg="Loading package builtin from: /home/nrv/.arduino15/packages/builtin"
time="2024-04-10T16:33:54-06:00" level=info msg="Checking existence of 'tools' path: /home/nrv/.arduino15/packages/builtin/tools"
2024-04-10 16:33:54 2024-04-10T22:33:54.534Z daemon INFO time="2024-04-10T16:33:54-06:00" level=info msg="Loading tools from dir: /home/nrv/.arduino15/packages/builtin/tools"
time="2024-04-10T16:33:54-06:00" level=info msg="Loaded tool" tool="builtin:ctags@5.8-arduino11"
2024-04-10 16:33:54 2024-04-10T22:33:54.534Z daemon INFO time="2024-04-10T16:33:54-06:00" level=info msg="Loaded tool" tool="builtin:dfu-discovery@0.1.2"
2024-04-10 16:33:54 2024-04-10T22:33:54.534Z daemon INFO time="2024-04-10T16:33:54-06:00" level=info msg="Loaded tool" tool="builtin:mdns-discovery@1.0.9"
2024-04-10 16:33:54 2024-04-10T22:33:54.534Z daemon INFO time="2024-04-10T16:33:54-06:00" level=info msg="Loaded tool" tool="builtin:serial-discovery@1.4.0"
time="2024-04-10T16:33:54-06:00" level=info msg="Loaded tool" tool="builtin:serial-monitor@0.13.0"
2024-04-10 16:33:54 2024-04-10T22:33:54.534Z daemon INFO time="2024-04-10T16:33:54-06:00" level=info msg="Loaded tool" tool="builtin:serial-monitor@0.14.1"
2024-04-10 16:33:54 2024-04-10T22:33:54.534Z daemon INFO time="2024-04-10T16:33:54-06:00" level=info msg="sending command QUIT to discovery builtin:serial-discovery"
2024-04-10 16:33:54 2024-04-10T22:33:54.534Z daemon INFO time="2024-04-10T16:33:54-06:00" level=info msg="from discovery builtin:serial-discovery received message type: quit, message: OK"
2024-04-10 16:33:54 2024-04-10T22:33:54.534Z daemon INFO time="2024-04-10T16:33:54-06:00" level=info msg="killing discovery builtin:serial-discovery process"
2024-04-10 16:33:54 2024-04-10T22:33:54.534Z daemon INFO time="2024-04-10T16:33:54-06:00" level=info msg="Discovery event channel closed builtin:serial-discovery. Exiting goroutine."
2024-04-10 16:33:54 2024-04-10T22:33:54.535Z daemon INFO time="2024-04-10T16:33:54-06:00" level=info msg="killed discovery builtin:serial-discovery process"
time="2024-04-10T16:33:54-06:00" level=info msg="Closed and removed discovery builtin:serial-discovery"
time="2024-04-10T16:33:54-06:00" level=info msg="sending command QUIT to discovery builtin:mdns-discovery"
2024-04-10 16:33:54 2024-04-10T22:33:54.535Z daemon INFO time="2024-04-10T16:33:54-06:00" level=info msg="from discovery builtin:mdns-discovery received message type: quit, message: OK"
time="2024-04-10T16:33:54-06:00" level=info msg="killing discovery builtin:mdns-discovery process"
time="2024-04-10T16:33:54-06:00" level=info msg="Discovery event channel closed builtin:mdns-discovery. Exiting goroutine."
2024-04-10 16:33:54 2024-04-10T22:33:54.536Z daemon INFO time="2024-04-10T16:33:54-06:00" level=info msg="killed discovery builtin:mdns-discovery process"
2024-04-10 16:33:54 2024-04-10T22:33:54.536Z daemon INFO time="2024-04-10T16:33:54-06:00" level=info msg="Closed and removed discovery builtin:mdns-discovery"
2024-04-10 16:33:54 2024-04-10T22:33:54.536Z daemon INFO time="2024-04-10T16:33:54-06:00" level=info msg="starting discovery builtin:serial-discovery process"
2024-04-10 16:33:54 2024-04-10T22:33:54.537Z daemon INFO time="2024-04-10T16:33:54-06:00" level=info msg="started discovery builtin:serial-discovery process"
time="2024-04-10T16:33:54-06:00" level=info msg="sending command HELLO 1 \"arduino-cli 0.35.3\" to discovery builtin:serial-discovery"
2024-04-10 16:33:54 2024-04-10T22:33:54.538Z daemon INFO time="2024-04-10T16:33:54-06:00" level=info msg="from discovery builtin:serial-discovery received message type: hello, message: OK, protocol version: 1"
time="2024-04-10T16:33:54-06:00" level=info msg="sending command START_SYNC to discovery builtin:serial-discovery"
2024-04-10 16:33:54 2024-04-10T22:33:54.542Z daemon INFO time="2024-04-10T16:33:54-06:00" level=info msg="from discovery builtin:serial-discovery received message type: start_sync, message: OK"
2024-04-10 16:33:54 2024-04-10T22:33:54.542Z daemon INFO time="2024-04-10T16:33:54-06:00" level=info msg="starting discovery builtin:mdns-discovery process"
2024-04-10 16:33:54 2024-04-10T22:33:54.543Z daemon INFO time="2024-04-10T16:33:54-06:00" level=info msg="started discovery builtin:mdns-discovery process"
time="2024-04-10T16:33:54-06:00" level=info msg="sending command HELLO 1 \"arduino-cli 0.35.3\" to discovery builtin:mdns-discovery"
2024-04-10 16:33:54 2024-04-10T22:33:54.546Z daemon INFO time="2024-04-10T16:33:54-06:00" level=info msg="from discovery builtin:mdns-discovery received message type: hello, message: OK, protocol version: 1"
time="2024-04-10T16:33:54-06:00" level=info msg="sending command START_SYNC to discovery builtin:mdns-discovery"
2024-04-10 16:33:54 2024-04-10T22:33:54.546Z daemon INFO time="2024-04-10T16:33:54-06:00" level=info msg="from discovery builtin:mdns-discovery received message type: start_sync, message: OK"
2024-04-10 16:33:54 2024-04-10T22:33:54.547Z daemon INFO time="2024-04-10T16:33:54-06:00" level=info msg="Adding libraries dir" dir=/home/nrv/.arduino15/packages/arduino/hardware/avr/1.8.6/libraries location=platform
time="2024-04-10T16:33:54-06:00" level=info msg="Loading libraries index file" index=/home/nrv/.arduino15/library_index.json
2024-04-10 16:33:54 2024-04-10T22:33:54.870Z daemon INFO time="2024-04-10T16:33:54-06:00" level=info msg="Adding libraries dir" dir=/home/nrv/.arduino15/libraries location=ide
2024-04-10 16:33:54 2024-04-10T22:33:54.870Z daemon INFO time="2024-04-10T16:33:54-06:00" level=info msg="Adding libraries dir" dir=/home/nrv/Arduino/libraries location=user
2024-04-10 16:34:15 2024-04-10T22:34:15.265Z daemon INFO time="2024-04-10T16:34:15-06:00" level=info msg="Adding libraries dir" dir=/home/nrv/.arduino15/libraries location=ide
time="2024-04-10T16:34:15-06:00" level=info msg="Adding libraries dir" dir=/home/nrv/.arduino15/packages/arduino/hardware/avr/1.8.6/libraries location=platform
time="2024-04-10T16:34:15-06:00" level=info msg="Adding libraries dir" dir=/home/nrv/Arduino/libraries location=user
2024-04-10 16:34:15 2024-04-10T22:34:15.291Z daemon INFO time="2024-04-10T16:34:15-06:00" level=info msg="Resolving include LiquidCrystal.h for arch avr"
2024-04-10 16:34:15 2024-04-10T22:34:15.291Z daemon INFO time="2024-04-10T16:34:15-06:00" level=info msg="  found better lib" lib=LiquidCrystal prio=6A4
time="2024-04-10T16:34:15-06:00" level=info msg="  found better lib" lib=LiquidCrystal prio=6A7
2024-04-10 16:34:16 2024-04-10T22:34:16.073Z root INFO Executing 'arduino.languageserver.notifyBuildDidComplete' with "file:///tmp/arduino/sketches/9FCFF56E6A5A904956600127FFE7DC2E"
2024-04-10 16:34:16 2024-04-10T22:34:16.142Z daemon INFO time="2024-04-10T16:34:16-06:00" level=info msg="Tool required for debug" tool="arduino:arduinoOTA@1.3.0"
time="2024-04-10T16:34:16-06:00" level=info msg="Tool required for debug" tool="arduino:avr-gcc@7.3.0-atmel3.6.1-arduino7"
2024-04-10 16:34:16 2024-04-10T22:34:16.142Z daemon INFO time="2024-04-10T16:34:16-06:00" level=info msg="Tool required for debug" tool="arduino:avrdude@6.3.0-arduino17"
time="2024-04-10T16:34:16-06:00" level=info msg="Tool required for debug" tool="builtin:serial-discovery@1.4.0"
time="2024-04-10T16:34:16-06:00" level=info msg="Tool required for debug" tool="builtin:mdns-discovery@1.0.9"
time="2024-04-10T16:34:16-06:00" level=info msg="Tool required for debug" tool="builtin:serial-monitor@0.14.1"
time="2024-04-10T16:34:16-06:00" level=info msg="Tool required for debug" tool="builtin:dfu-discovery@0.1.2"
time="2024-04-10T16:34:16-06:00" level=info msg="Tool required for debug" tool="builtin:ctags@5.8-arduino11"
2024-04-10 16:34:16 2024-04-10T22:34:16.143Z root ERROR Failed to get debug config: arduino:avr:uno, undefined Error: Debugging is not supported.
    at Object.callback (/home/nrv/Arduino/arduino-IDE/resources/app/lib/backend/main.js:2:81196)
    at Object.onReceiveStatus (/home/nrv/Arduino/arduino-IDE/resources/app/lib/backend/main.js:2:788562)
    at Object.onReceiveStatus (/home/nrv/Arduino/arduino-IDE/resources/app/lib/backend/main.js:2:784513)
    at Object.onReceiveStatus (/home/nrv/Arduino/arduino-IDE/resources/app/lib/backend/main.js:2:783958)
    at /home/nrv/Arduino/arduino-IDE/resources/app/lib/backend/main.js:2:870080
    at process.processTicksAndRejections (node:internal/process/task_queues:77:11)
2024-04-10 16:34:16 2024-04-10T22:34:16.143Z root ERROR Request checkDebugEnabled failed with error: Debugging is not supported. Error: Debugging is not supported.
    at Object.callback (/home/nrv/Arduino/arduino-IDE/resources/app/lib/backend/main.js:2:81196)
    at Object.onReceiveStatus (/home/nrv/Arduino/arduino-IDE/resources/app/lib/backend/main.js:2:788562)
    at Object.onReceiveStatus (/home/nrv/Arduino/arduino-IDE/resources/app/lib/backend/main.js:2:784513)
    at Object.onReceiveStatus (/home/nrv/Arduino/arduino-IDE/resources/app/lib/backend/main.js:2:783958)
    at /home/nrv/Arduino/arduino-IDE/resources/app/lib/backend/main.js:2:870080
    at process.processTicksAndRejections (node:internal/process/task_queues:77:11)
2024-04-10 16:34:17 2024-04-10T22:34:17.124Z daemon INFO time="2024-04-10T16:34:17-06:00" level=info msg="Adding libraries dir" dir=/home/nrv/.arduino15/libraries location=ide
time="2024-04-10T16:34:17-06:00" level=info msg="Adding libraries dir" dir=/home/nrv/.arduino15/packages/arduino/hardware/avr/1.8.6/libraries location=platform
time="2024-04-10T16:34:17-06:00" level=info msg="Adding libraries dir" dir=/home/nrv/Arduino/libraries location=user
2024-04-10 16:34:41 isTempSketch: false. Input was /home/nrv/dev/NicLink/arduino_chess_clock/chess_clock
2024-04-10 16:34:41 Marking workspace as a closed sketch. Workspace URI: file:///home/nrv/dev/NicLink/arduino_chess_clock/chess_clock. Date: 1712788481730.
2024-04-10 16:34:41 isTempSketch: false. Input was /home/nrv/dev/NicLink/arduino_chess_clock/chess_clock
2024-04-10 16:34:41 Marking workspace as a closed sketch. Workspace URI: file:///home/nrv/dev/NicLink/arduino_chess_clock/chess_clock. Date: 1712788481735.
2024-04-10 16:34:41 Closing channel on service path '/services/electron-window'.
2024-04-10 16:34:41 Closing channel on service path '/services/ide-updater'.
2024-04-10 16:34:41 Storing the sketch as a workspace root: </home/nrv/dev/NicLink/arduino_chess_clock/chess_clock>.
2024-04-10 16:34:41 Skipped storing sketch as workspace root. Already visited: </home/nrv/dev/NicLink/arduino_chess_clock/chess_clock>.
2024-04-10 16:34:41 Stored workspaces roots: /home/nrv/dev/NicLink/arduino_chess_clock/chess_clock
2024-04-10 16:34:41 No sketches were scheduled for deletion.
2024-04-10 16:39:55 Arduino IDE 2.3.2
2024-04-10 16:39:55 Checking for frontend application configuration customizations. Module path: /home/nrv/Arduino/arduino-IDE/resources/app/lib/backend/electron-main.js, destination 'package.json': /home/nrv/Arduino/arduino-IDE/resources/app/package.json
2024-04-10 16:39:56 Setting 'theia.frontend.config.appVersion' application configuration value to: "2.3.2" (type of string)
2024-04-10 16:39:56 Setting 'theia.frontend.config.cliVersion' application configuration value to: "0.35.3" (type of string)
2024-04-10 16:39:56 Setting 'theia.frontend.config.buildDate' application configuration value to: "2024-02-20T09:54:08.669Z" (type of string)
2024-04-10 16:39:56 Frontend application configuration after modifications: {"applicationName":"Arduino IDE","defaultTheme":{"light":"arduino-theme","dark":"arduino-theme-dark"},"defaultIconTheme":"none","electron":{"windowOptions":{}},"defaultLocale":"","validatePreferencesSchema":false,"preferences":{"window.title":"${rootName}${activeEditorShort}${appName}","files.autoSave":"afterDelay","editor.minimap.enabled":false,"editor.tabSize":2,"editor.scrollBeyondLastLine":false,"editor.quickSuggestions":{"other":false,"comments":false,"strings":false},"editor.maxTokenizationLineLength":500,"editor.bracketPairColorization.enabled":false,"breadcrumbs.enabled":false,"workbench.tree.renderIndentGuides":"none","explorer.compactFolders":false},"appVersion":"2.3.2","cliVersion":"0.35.3","buildDate":"2024-02-20T09:54:08.669Z"}
2024-04-10 16:39:56 Starting backend process. PID: 46564
2024-04-10 16:39:56 Using browser-only version of superagent in non-browser environment
2024-04-10 16:39:56 Configuration directory URI: 'file:///home/nrv/.arduinoIDE'
2024-04-10 16:39:56 Configuring to accept webviews on '^.+\.webview\..+$' hostname.
2024-04-10 16:39:56 2024-04-10T22:39:56.888Z root INFO Backend Object.initialize: 5.9 ms [Finished 0.725 s after backend start]
2024-04-10 16:39:56 2024-04-10T22:39:56.888Z root INFO Backend Object.configure: 4.8 ms [Finished 0.725 s after backend start]
2024-04-10 16:39:56 2024-04-10T22:39:56.888Z root INFO Backend s.onStart: 2.2 ms [Finished 0.725 s after backend start]
2024-04-10 16:39:56 2024-04-10T22:39:56.889Z root INFO Backend s.configure: 0.4 ms [Finished 0.760 s after backend start]
2024-04-10 16:39:56 2024-04-10T22:39:56.890Z root INFO Backend d.onStart: 0.3 ms [Finished 0.760 s after backend start]
2024-04-10 16:39:56 2024-04-10T22:39:56.892Z root INFO Backend d.configure: 0.1 ms [Finished 0.761 s after backend start]
2024-04-10 16:39:56 2024-04-10T22:39:56.893Z root INFO Backend d.initialize: 35.4 ms [Finished 0.761 s after backend start]
2024-04-10 16:39:56 2024-04-10T22:39:56.893Z root INFO Backend c.onStart: 0.3 ms [Finished 0.761 s after backend start]
2024-04-10 16:39:56 2024-04-10T22:39:56.893Z root INFO Backend a.configure: 0.7 ms [Finished 0.762 s after backend start]
2024-04-10 16:39:56 2024-04-10T22:39:56.895Z config INFO >>> Initializing CLI configuration...
2024-04-10 16:39:56 2024-04-10T22:39:56.895Z root INFO Backend c.initialize: 0.7 ms [Finished 0.762 s after backend start]
2024-04-10 16:39:56 2024-04-10T22:39:56.895Z root INFO Backend R.onStart: 1.1 ms [Finished 0.763 s after backend start]
2024-04-10 16:39:56 2024-04-10T22:39:56.896Z config INFO Loading CLI configuration from /home/nrv/.arduinoIDE/arduino-cli.yaml...
2024-04-10 16:39:56 2024-04-10T22:39:56.896Z daemon INFO Starting daemon from /home/nrv/Arduino/arduino-IDE/resources/app/lib/backend/resources/arduino-cli...
2024-04-10 16:39:56 2024-04-10T22:39:56.896Z root INFO Backend a.initialize: 0.8 ms [Finished 0.765 s after backend start]
2024-04-10 16:39:56 2024-04-10T22:39:56.896Z root INFO Backend w.onStart: 1.4 ms [Finished 0.766 s after backend start]
2024-04-10 16:39:56 2024-04-10T22:39:56.896Z root INFO Backend r.configure: 3.0 ms [Finished 0.766 s after backend start]
2024-04-10 16:39:56 2024-04-10T22:39:56.896Z discovery-log INFO start
2024-04-10 16:39:56 2024-04-10T22:39:56.896Z discovery-log INFO start new deferred
2024-04-10 16:39:56 2024-04-10T22:39:56.896Z root INFO Backend d.initialize: 0.4 ms [Finished 0.766 s after backend start]
2024-04-10 16:39:56 2024-04-10T22:39:56.896Z root INFO Backend y.onStart: 1.9 ms [Finished 0.768 s after backend start]
2024-04-10 16:39:56 2024-04-10T22:39:56.896Z root INFO Backend r.configure: 1.7 ms [Finished 0.768 s after backend start]
2024-04-10 16:39:56 2024-04-10T22:39:56.896Z root INFO Backend a.onStart: 0.5 ms [Finished 0.769 s after backend start]
2024-04-10 16:39:56 2024-04-10T22:39:56.896Z root INFO Backend h.configure: 0.4 ms [Finished 0.769 s after backend start]
2024-04-10 16:39:56 2024-04-10T22:39:56.896Z root INFO Backend s.configure: 0.1 ms [Finished 0.770 s after backend start]
2024-04-10 16:39:56 2024-04-10T22:39:56.896Z root INFO Backend l.configure: 0.1 ms [Finished 0.770 s after backend start]
2024-04-10 16:39:56 2024-04-10T22:39:56.899Z root INFO Theia app listening on http://127.0.0.1:43391.
2024-04-10 16:39:56 2024-04-10T22:39:56.899Z root INFO Finished starting backend application: 2.5 ms [Finished 0.772 s after backend start]
2024-04-10 16:39:56 2024-04-10T22:39:56.900Z root WARN The local plugin referenced by local-dir:/home/nrv/.arduinoIDE/plugins does not exist.
2024-04-10 16:39:56 2024-04-10T22:39:56.900Z root WARN The local plugin referenced by local-dir:/home/nrv/.arduinoIDE/extensions does not exist.
2024-04-10 16:39:56 2024-04-10T22:39:56.912Z config INFO Loaded CLI configuration: {"board_manager":{"additional_urls":[]},"build_cache":{"compilations_before_purge":10,"ttl":"720h0m0s"},"daemon":{"port":"50051"},"directories":{"data":"/home/nrv/.arduino15","downloads":"/home/nrv/.arduino15/staging","user":"/home/nrv/Arduino"},"library":{"enable_unsafe_install":false},"logging":{"file":"","format":"text","level":"info"},"metrics":{"addr":":9090","enabled":true},"output":{"no_color":false},"sketch":{"always_export_binaries":false},"updater":{"enable_notification":true}}
2024-04-10 16:39:56 2024-04-10T22:39:56.912Z config INFO 'directories.data' and 'directories.user' are set in the CLI configuration model.
2024-04-10 16:39:56 2024-04-10T22:39:56.912Z config INFO Loaded the CLI configuration.
2024-04-10 16:39:56 Restoring workspace roots: /home/nrv/dev/NicLink/arduino_chess_clock/chess_clock
2024-04-10 16:39:56 isTempSketch: false. Input was /home/nrv/dev/NicLink/arduino_chess_clock/chess_clock/chess_clock.ino
2024-04-10 16:39:57 2024-04-10T22:39:56.926Z config INFO Mapped the CLI configuration: {"dataDirUri":"file:///home/nrv/.arduino15","sketchDirUri":"file:///home/nrv/Arduino","additionalUrls":[],"network":"none","locale":"en"}
2024-04-10 16:39:57 2024-04-10T22:39:56.926Z config INFO Validating the CLI configuration...
2024-04-10 16:39:57 2024-04-10T22:39:56.927Z config INFO The CLI config is valid.
2024-04-10 16:39:57 2024-04-10T22:39:56.927Z config INFO <<< Initialized the CLI configuration.
2024-04-10 16:39:57 2024-04-10T22:39:56.940Z daemon INFO time="2024-04-10T16:39:56-06:00" level=info msg="Using config file: /home/nrv/.arduinoIDE/arduino-cli.yaml"
time="2024-04-10T16:39:56-06:00" level=info msg="arduino-cli version 0.35.3"
time="2024-04-10T16:39:56-06:00" level=info msg="Executing `arduino-cli daemon`"
Daemon is now listening on 127.0.0.1:33315
{"IP":"127.0.0.1","Port":"33315"}
2024-04-10 16:39:57 2024-04-10T22:39:56.941Z daemon INFO Daemon is running.
2024-04-10 16:39:57 2024-04-10T22:39:56.976Z root INFO Resolve plugins list: 79.9 ms [Finished 0.848 s after backend start]
2024-04-10 16:39:57 2024-04-10T22:39:56.988Z daemon INFO time="2024-04-10T16:39:56-06:00" level=info msg="Checking signature" index=/home/nrv/.arduino15/package_index.json signatureFile=/home/nrv/.arduino15/package_index.json.sig trusted=true
2024-04-10 16:39:57 2024-04-10T22:39:56.990Z daemon INFO time="2024-04-10T16:39:56-06:00" level=info msg="Loading hardware from: /home/nrv/.arduino15/packages"
time="2024-04-10T16:39:56-06:00" level=info msg="Loading package arduino from: /home/nrv/.arduino15/packages/arduino/hardware"
2024-04-10 16:39:57 2024-04-10T22:39:56.994Z daemon INFO time="2024-04-10T16:39:56-06:00" level=info msg="Missing signature file" index=/home/nrv/.arduino15/packages/arduino/hardware/avr/1.8.6/installed.json
2024-04-10 16:39:57 2024-04-10T22:39:56.995Z daemon INFO time="2024-04-10T16:39:56-06:00" level=info msg="Adding monitor tool" protocol=serial tool="builtin:serial-monitor"
time="2024-04-10T16:39:56-06:00" level=info msg="Loaded platform" platform="arduino:avr@1.8.6"
time="2024-04-10T16:39:56-06:00" level=info msg="Checking existence of 'tools' path: /home/nrv/.arduino15/packages/arduino/tools"
time="2024-04-10T16:39:56-06:00" level=info msg="Loading tools from dir: /home/nrv/.arduino15/packages/arduino/tools"
time="2024-04-10T16:39:56-06:00" level=info msg="Loaded tool" tool="arduino:arduinoOTA@1.3.0"
time="2024-04-10T16:39:56-06:00" level=info msg="Loaded tool" tool="arduino:avr-gcc@7.3.0-atmel3.6.1-arduino7"
time="2024-04-10T16:39:56-06:00" level=info msg="Loaded tool" tool="arduino:avrdude@6.3.0-arduino17"
time="2024-04-10T16:39:56-06:00" level=info msg="Loading package builtin from: /home/nrv/.arduino15/packages/builtin"
time="2024-04-10T16:39:56-06:00" level=info msg="Checking existence of 'tools' path: /home/nrv/.arduino15/packages/builtin/tools"
time="2024-04-10T16:39:56-06:00" level=info msg="Loading tools from dir: /home/nrv/.arduino15/packages/builtin/tools"
time="2024-04-10T16:39:56-06:00" level=info msg="Loaded tool" tool="builtin:ctags@5.8-arduino11"
2024-04-10 16:39:57 2024-04-10T22:39:56.995Z daemon INFO time="2024-04-10T16:39:56-06:00" level=info msg="Loaded tool" tool="builtin:dfu-discovery@0.1.2"
time="2024-04-10T16:39:56-06:00" level=info msg="Loaded tool" tool="builtin:mdns-discovery@1.0.9"
time="2024-04-10T16:39:56-06:00" level=info msg="Loaded tool" tool="builtin:serial-discovery@1.4.0"
time="2024-04-10T16:39:56-06:00" level=info msg="Loaded tool" tool="builtin:serial-monitor@0.13.0"
time="2024-04-10T16:39:56-06:00" level=info msg="Loaded tool" tool="builtin:serial-monitor@0.14.1"
2024-04-10 16:39:57 2024-04-10T22:39:56.997Z daemon INFO time="2024-04-10T16:39:56-06:00" level=info msg="Adding libraries dir" dir=/home/nrv/.arduino15/packages/arduino/hardware/avr/1.8.6/libraries location=platform
time="2024-04-10T16:39:56-06:00" level=info msg="Loading libraries index file" index=/home/nrv/.arduino15/library_index.json
2024-04-10 16:39:57 2024-04-10T22:39:57.461Z daemon INFO time="2024-04-10T16:39:57-06:00" level=info msg="Adding libraries dir" dir=/home/nrv/.arduino15/libraries location=ide
time="2024-04-10T16:39:57-06:00" level=info msg="Adding libraries dir" dir=/home/nrv/Arduino/libraries location=user
2024-04-10 16:39:57 2024-04-10T22:39:57.495Z discovery-log INFO start resolved watching
2024-04-10 16:39:57 2024-04-10T22:39:57.559Z discovery-log INFO {"eventType":"add","port":{"matchingBoardsList":[{"name":"Arduino Uno","fqbn":"arduino:avr:uno","isHidden":false}],"port":{"address":"/dev/ttyACM0","label":"/dev/ttyACM0","protocol":"serial","protocolLabel":"Serial Port (USB)","propertiesMap":[["pid","0x0043"],["serialNumber","9573632383235150F192"],["vid","0x2341"]],"hardwareId":"9573632383235150F192"}},"error":""}
2024-04-10 16:39:57 2024-04-10T22:39:57.559Z daemon INFO time="2024-04-10T16:39:57-06:00" level=info msg="starting discovery builtin:mdns-discovery process"
time="2024-04-10T16:39:57-06:00" level=info msg="starting discovery builtin:serial-discovery process"
time="2024-04-10T16:39:57-06:00" level=info msg="started discovery builtin:serial-discovery process"
time="2024-04-10T16:39:57-06:00" level=info msg="started discovery builtin:mdns-discovery process"
time="2024-04-10T16:39:57-06:00" level=info msg="sending command HELLO 1 \"arduino-cli 0.35.3\" to discovery builtin:serial-discovery"
time="2024-04-10T16:39:57-06:00" level=info msg="sending command HELLO 1 \"arduino-cli 0.35.3\" to discovery builtin:mdns-discovery"
time="2024-04-10T16:39:57-06:00" level=info msg="from discovery builtin:serial-discovery received message type: hello, message: OK, protocol version: 1"
time="2024-04-10T16:39:57-06:00" level=info msg="sending command START_SYNC to discovery builtin:serial-discovery"
time="2024-04-10T16:39:57-06:00" level=info msg="from discovery builtin:mdns-discovery received message type: hello, message: OK, protocol version: 1"
time="2024-04-10T16:39:57-06:00" level=info msg="sending command START_SYNC to discovery builtin:mdns-discovery"
time="2024-04-10T16:39:57-06:00" level=info msg="from discovery builtin:mdns-discovery received message type: start_sync, message: OK"
time="2024-04-10T16:39:57-06:00" level=info msg="from discovery builtin:serial-discovery received message type: start_sync, message: OK"
time="2024-04-10T16:39:57-06:00" level=info msg="from discovery builtin:serial-discovery received message type: add, port: /dev/ttyACM0"
2024-04-10 16:39:58 2024-04-10T22:39:58.392Z root INFO Deploy plugins list: 79.9 ms [Finished 2.265 s after backend start]
2024-04-10 16:39:58 Opening channel for service path '/services/electron-window'.
2024-04-10 16:39:58 Opening channel for service path '/services/ide-updater'.
2024-04-10 16:39:59 2024-04-10T22:39:59.301Z root WARN Frontend a.configure took longer than the expected maximum 100 milliseconds: 253.8 ms [Finished 2.280 s after frontend start]
2024-04-10 16:39:59 2024-04-10T22:39:59.308Z root WARN A command editor.action.toggleStickyScroll is already registered.
2024-04-10 16:39:59 2024-04-10T22:39:59.329Z sketches-service WARN Warning! The request sketch path was different than the response sketch path from the CLI. This could be a potential bug. Request: </home/nrv/dev/NicLink/arduino_chess_clock/chess_clock/chess_clock.ino>, response: </home/nrv/dev/NicLink/arduino_chess_clock/chess_clock>.
2024-04-10 16:39:59 2024-04-10T22:39:59.578Z root INFO Start frontend contributions: 622.5 ms [Finished 2.564 s after frontend start]
2024-04-10 16:39:59 2024-04-10T22:39:59.578Z root INFO Changed application state from 'init' to 'started_contributions'.
2024-04-10 16:39:59 2024-04-10T22:39:59.613Z root INFO Changed application state from 'started_contributions' to 'attached_shell'.
2024-04-10 16:39:59 2024-04-10T22:39:59.613Z root INFO >>> Restoring the layout state...
2024-04-10 16:39:59 2024-04-10T22:39:59.616Z root INFO ------- SERIALIZED LAYOUT DATA -------
2024-04-10 16:39:59 2024-04-10T22:39:59.616Z root INFO {"version":5,"mainPanel":{"main":{"type":"tab-area","widgets":[{"constructionOptions":{"factoryId":"code-editor-opener","options":{"counter":0,"kind":"navigatable","uri":"file:///home/nrv/dev/NicLink/arduino_chess_clock/chess_clock/chess_clock.ino"}},"innerWidgetState":"{\"cursorState\":[{\"inSelectionMode\":false,\"selectionStart\":{\"lineNumber\":55,\"column\":21},\"position\":{\"lineNumber\":55,\"column\":21}}],\"viewState\":{\"scrollLeft\":0,\"firstPosition\":{\"lineNumber\":165,\"column\":1},\"firstPositionDeltaTop\":-10},\"contributionsState\":{\"editor.contrib.folding\":{\"lineCount\":185,\"provider\":\"indent\",\"foldedImports\":false},\"editor.contrib.wordHighlighter\":false}}"}],"currentIndex":0}},"mainPanelPinned":[false],"bottomPanel":{"config":{"main":{"type":"tab-area","widgets":[{"constructionOptions":{"factoryId":"outputView"},"innerWidgetState":"{\"locked\":false}"},{"constructionOptions":{"factoryId":"serial-monitor"}}],"currentIndex":1}},"pinned":[false,false],"size":274,"expanded":true},"leftPanel":{"type":"sidepanel","items":[{"widget":{"constructionOptions":{"factoryId":"arduino-sketchbook-widget"}},"rank":1,"expanded":false,"pinned":false},{"widget":{"constructionOptions":{"factoryId":"boards-list-widget"}},"rank":2,"expanded":false,"pinned":false},{"widget":{"constructionOptions":{"factoryId":"library-list-widget"}},"rank":3,"expanded":false,"pinned":false},{"widget":{"constructionOptions":{"factoryId":"debug"},"innerWidgetState":"{\"parts\":[{\"partId\":\"debug:threads:-1\",\"collapsed\":false,\"hidden\":false,\"originalContainerId\":\"debug:view-container:-1\",\"originalContainerTitle\":{\"label\":\"debug\",\"iconClass\":\"codicon codicon-debug-alt\",\"closeable\":true},\"widget\":{\"constructionOptions\":{\"factoryId\":\"debug:threads\"},\"innerWidgetState\":\"{}\"}},{\"partId\":\"debug:frames:-1\",\"collapsed\":false,\"hidden\":false,\"originalContainerId\":\"debug:view-container:-1\",\"originalContainerTitle\":{\"label\":\"debug\",\"iconClass\":\"codicon codicon-debug-alt\",\"closeable\":true},\"widget\":{\"constructionOptions\":{\"factoryId\":\"debug:frames\"},\"innerWidgetState\":\"{}\"}},{\"partId\":\"debug:variables:-1\",\"collapsed\":false,\"hidden\":false,\"originalContainerId\":\"debug:view-container:-1\",\"originalContainerTitle\":{\"label\":\"debug\",\"iconClass\":\"codicon codicon-debug-alt\",\"closeable\":true},\"widget\":{\"constructionOptions\":{\"factoryId\":\"debug:variables\"},\"innerWidgetState\":\"{}\"}},{\"partId\":\"debug:watch:-1\",\"collapsed\":false,\"hidden\":false,\"originalContainerId\":\"debug:view-container:-1\",\"originalContainerTitle\":{\"label\":\"debug\",\"iconClass\":\"codicon codicon-debug-alt\",\"closeable\":true},\"widget\":{\"constructionOptions\":{\"factoryId\":\"debug:watch\"},\"innerWidgetState\":\"{}\"}},{\"partId\":\"debug:breakpoints:-1\",\"collapsed\":false,\"hidden\":false,\"originalContainerId\":\"debug:view-container:-1\",\"originalContainerTitle\":{\"label\":\"debug\",\"iconClass\":\"codicon codicon-debug-alt\",\"closeable\":true},\"widget\":{\"constructionOptions\":{\"factoryId\":\"debug:breakpoints\"},\"innerWidgetState\":\"{}\"}},{\"partId\":\"plugin-view:cortex-debug.peripherals\",\"collapsed\":true,\"hidden\":true,\"originalContainerId\":\"debug:view-container:-1\",\"originalContainerTitle\":{\"label\":\"debug\",\"iconClass\":\"codicon codicon-debug-alt\",\"closeable\":true},\"widget\":{\"constructionOptions\":{\"factoryId\":\"plugin-view\",\"options\":{\"id\":\"plugin-view:cortex-debug.peripherals\",\"viewId\":\"cortex-debug.peripherals\"}},\"innerWidgetState\":\"{\\\"label\\\":\\\"Cortex Peripherals\\\",\\\"widgets\\\":[],\\\"suppressUpdateViewVisibility\\\":false,\\\"currentViewContainerId\\\":\\\"debug\\\"}\"}},{\"partId\":\"plugin-view:cortex-debug.registers\",\"collapsed\":true,\"hidden\":true,\"originalContainerId\":\"debug:view-container:-1\",\"originalContainerTitle\":{\"label\":\"debug\",\"iconClass\":\"codicon codicon-debug-alt\",\"closeable\":true},\"widget\":{\"constructionOptions\":{\"factoryId\":\"plugin-view\",\"options\":{\"id\":\"plugin-view:cortex-debug.registers\",\"viewId\":\"cortex-debug.registers\"}},\"innerWidgetState\":\"{\\\"label\\\":\\\"Cortex Registers\\\",\\\"widgets\\\":[],\\\"suppressUpdateViewVisibility\\\":false,\\\"currentViewContainerId\\\":\\\"debug\\\"}\"}}],\"title\":{\"label\":\"debug\",\"iconClass\":\"codicon codicon-debug-alt\",\"closeable\":true}}"},"rank":4,"expanded":false,"pinned":false},{"widget":{"constructionOptions":{"factoryId":"search-view-container"},"innerWidgetState":"{\"parts\":[{\"partId\":\"search-in-workspace\",\"collapsed\":false,\"hidden\":false,\"originalContainerId\":\"search-view-container\",\"originalContainerTitle\":{\"label\":\"Search\",\"iconClass\":\"codicon codicon-search\",\"closeable\":true},\"widget\":{\"constructionOptions\":{\"factoryId\":\"search-in-workspace\"},\"innerWidgetState\":\"{\\\"matchCaseState\\\":{\\\"className\\\":\\\"codicon codicon-case-sensitive\\\",\\\"enabled\\\":false,\\\"title\\\":\\\"Match Case\\\"},\\\"wholeWordState\\\":{\\\"className\\\":\\\"codicon codicon-whole-word\\\",\\\"enabled\\\":false,\\\"title\\\":\\\"Match Whole Word\\\"},\\\"regExpState\\\":{\\\"className\\\":\\\"codicon codicon-regex\\\",\\\"enabled\\\":false,\\\"title\\\":\\\"Use Regular Expression\\\"},\\\"includeIgnoredState\\\":{\\\"className\\\":\\\"codicon codicon-eye\\\",\\\"enabled\\\":false,\\\"title\\\":\\\"Include Ignored Files\\\"},\\\"showSearchDetails\\\":false,\\\"searchInWorkspaceOptions\\\":{\\\"matchCase\\\":false,\\\"matchWholeWord\\\":false,\\\"useRegExp\\\":false,\\\"includeIgnored\\\":false,\\\"include\\\":[],\\\"exclude\\\":[],\\\"maxResults\\\":2000},\\\"searchTerm\\\":\\\"\\\",\\\"replaceTerm\\\":\\\"\\\",\\\"showReplaceField\\\":false,\\\"searchHistoryState\\\":{\\\"history\\\":[],\\\"index\\\":0},\\\"replaceHistoryState\\\":{\\\"history\\\":[],\\\"index\\\":0},\\\"includeHistoryState\\\":{\\\"history\\\":[],\\\"index\\\":0},\\\"excludeHistoryState\\\":{\\\"history\\\":[],\\\"index\\\":0}}\"}}],\"title\":{\"label\":\"Search\",\"iconClass\":\"fa fa-arduino-search\",\"closeable\":true}}"},"rank":5,"expanded":false,"pinned":false}]},"rightPanel":{"type":"sidepanel","items":[]}}
2024-04-10 16:39:59 2024-04-10T22:39:59.616Z root INFO ------- END SERIALIZED LAYOUT DATA -------
2024-04-10 16:39:59 2024-04-10T22:39:59.679Z root INFO [0aa903cd-da86-4c05-9838-28ed0ee15e36] Waiting for backend deployment: 143.4 ms [Finished 2.697 s after frontend start]
2024-04-10 16:40:00 2024-04-10T22:40:00.502Z root INFO [hosted-plugin: 46649] PLUGIN_HOST(46649) starting instance
2024-04-10 16:40:01 2024-04-10T22:40:01.131Z root INFO [0aa903cd-da86-4c05-9838-28ed0ee15e36] Sync of 23 plugins: 1455.1 ms [Finished 4.152 s after frontend start]
2024-04-10 16:40:01 2024-04-10T22:40:01.386Z root INFO <<< The layout has been successfully restored.
2024-04-10 16:40:01 2024-04-10T22:40:01.480Z root INFO Initialize the workbench layout: 1798.0 ms [Finished 4.408 s after frontend start]
2024-04-10 16:40:01 2024-04-10T22:40:01.482Z root INFO Changed application state from 'attached_shell' to 'initialized_layout'.
2024-04-10 16:40:01 2024-04-10T22:40:01.482Z root INFO [0aa903cd-da86-4c05-9838-28ed0ee15e36] Loading plugin contributions
2024-04-10 16:40:01 2024-04-10T22:40:01.483Z root INFO [0aa903cd-da86-4c05-9838-28ed0ee15e36] Load contributions of 23 plugins: 90.2 ms [Finished 4.500 s after frontend start]
2024-04-10 16:40:01 2024-04-10T22:40:01.501Z root WARN 'cpp' language is remapped from 'source.cpp.embedded.macro' to 'source.cpp' scope
2024-04-10 16:40:01 2024-04-10T22:40:01.501Z root WARN a registered grammar configuration for 'cpp' language is overridden
2024-04-10 16:40:02 Checking for update
2024-04-10 16:40:02 2024-04-10T22:40:02.851Z root INFO Replace loading indicator with ready workbench UI (animation): 895.0 ms [Finished 5.398 s after frontend start]
2024-04-10 16:40:02 2024-04-10T22:40:02.851Z root INFO Changed application state from 'initialized_layout' to 'ready'.
2024-04-10 16:40:02 2024-04-10T22:40:02.851Z root WARN Linked preference "workbench.colorCustomizations" not found.
2024-04-10 16:40:02 2024-04-10T22:40:02.852Z root INFO Frontend application start: 3551.3 ms [Finished 6.669 s after backend start]
2024-04-10 16:40:02 2024-04-10T22:40:02.875Z root ERROR [hosted-plugin: 46649] Conflict in settings file Default: Ignoring cortex-debug.armToolchainPath.linux as cortex-debug.armToolchainPath is null
Conflict in settings file Default: Ignoring cortex-debug.armToolchainPath.osx as cortex-debug.armToolchainPath is null
Conflict in settings file Default: Ignoring cortex-debug.armToolchainPath.windows as cortex-debug.armToolchainPath is null
Conflict in settings file Default: Ignoring cortex-debug.JLinkGDBServerPath.linux as cortex-debug.JLinkGDBServerPath is null
Conflict in settings file Default: Ignoring cortex-debug.JLinkGDBServerPath.osx as cortex-debug.JLinkGDBServerPath is null
Conflict in settings file Default: Ignoring cortex-debug.JLinkGDBServerPath.windows as cortex-debug.JLinkGDBServerPath is null
Conflict in settings file Default: Ignoring cortex-debug.openocdPath.linux as cortex-debug.openocdPath is null
Conflict in settings file Default: Ignoring cortex-debug.openocdPath.osx as cortex-debug.openocdPath is null
Conflict in settings file Default: Ignoring cortex-debug.openocdPath.windows as cortex-debug.openocdPath is null
Conflict in settings file Default: Ignoring cortex-debug.pyocdPath.linux as cortex-debug.pyocdPath is null
Conflict in settings file Default: Ignoring cortex-debug.pyocdPath.osx as cortex-debug.pyocdPath is null
Conflict in settings file Default: Ignoring cortex-debug.pyocdPath.windows as cortex-debug.pyocdPath is null
Conflict in settings file Default: Ignoring cortex-debug.PEGDBServerPath.linux as cortex-debug.PEGDBServerPath is null
Conflict in settings file Default: Ignoring cortex-debug.PEGDBServerPath.osx as cortex-debug.PEGDBServerPath is null
Conflict in settings file Default: Ignoring cortex-debug.PEGDBServerPath.windows as cortex-debug.PEGDBServerPath is null
Conflict in settings file Default: Ignoring cortex-debug.stutilPath.linux as cortex-debug.stutilPath is null
Conflict in settings file Default: Ignoring cortex-debug.stutilPath.osx as cortex-debug.stutilPath is null
Conflict in settings file Default: Ignoring cortex-debug.stutilPath.windows as cortex-debug.stutilPath is null
Conflict in settings file Default: Ignoring cortex-debug.stlinkPath.linux as cortex-debug.stlinkPath is null
Conflict in settings file Default: Ignoring cortex-debug.stlinkPath.osx as cortex-debug.stlinkPath is null
Conflict in settings file Default: Ignoring cortex-debug.stlinkPath.windows as cortex-debug.stlinkPath is null
Conflict in settings file Default: Ignoring cortex-debug.stm32cubeprogrammer.linux as cortex-debug.stm32cubeprogrammer is null
Conflict in settings file Default: Ignoring cortex-debug.stm32cubeprogrammer.osx as cortex-debug.stm32cubeprogrammer is null
Conflict in settings file Default: Ignoring cortex-debug.stm32cubeprogrammer.windows as cortex-debug.stm32cubeprogrammer is null
2024-04-10 16:40:03 2024-04-10T22:40:03.229Z root ERROR Failed to get debug config: arduino:avr:uno, undefined Error: Debugging is not supported.
    at Object.callback (/home/nrv/Arduino/arduino-IDE/resources/app/lib/backend/main.js:2:81196)
    at Object.onReceiveStatus (/home/nrv/Arduino/arduino-IDE/resources/app/lib/backend/main.js:2:788562)
    at Object.onReceiveStatus (/home/nrv/Arduino/arduino-IDE/resources/app/lib/backend/main.js:2:784513)
    at Object.onReceiveStatus (/home/nrv/Arduino/arduino-IDE/resources/app/lib/backend/main.js:2:783958)
    at /home/nrv/Arduino/arduino-IDE/resources/app/lib/backend/main.js:2:870080
    at process.processTicksAndRejections (node:internal/process/task_queues:77:11)
2024-04-10 16:40:03 2024-04-10T22:40:03.229Z root ERROR Request checkDebugEnabled failed with error: Debugging is not supported. Error: Debugging is not supported.
    at Object.callback (/home/nrv/Arduino/arduino-IDE/resources/app/lib/backend/main.js:2:81196)
    at Object.onReceiveStatus (/home/nrv/Arduino/arduino-IDE/resources/app/lib/backend/main.js:2:788562)
    at Object.onReceiveStatus (/home/nrv/Arduino/arduino-IDE/resources/app/lib/backend/main.js:2:784513)
    at Object.onReceiveStatus (/home/nrv/Arduino/arduino-IDE/resources/app/lib/backend/main.js:2:783958)
    at /home/nrv/Arduino/arduino-IDE/resources/app/lib/backend/main.js:2:870080
    at process.processTicksAndRejections (node:internal/process/task_queues:77:11)
2024-04-10 16:40:03 2024-04-10T22:40:03.231Z root INFO [hosted-plugin: 46649] PLUGIN_HOST(46649): PluginManagerExtImpl/init()
PLUGIN_HOST(46649): initializing(vscode-arduino-api@0.1.2 with /home/nrv/Arduino/arduino-IDE/resources/app/lib/backend/plugin-vscode-init)
2024-04-10 16:40:03 2024-04-10T22:40:03.231Z daemon INFO time="2024-04-10T16:40:03-06:00" level=info msg="Tool required for debug" tool="arduino:arduinoOTA@1.3.0"
time="2024-04-10T16:40:03-06:00" level=info msg="Tool required for debug" tool="arduino:avr-gcc@7.3.0-atmel3.6.1-arduino7"
time="2024-04-10T16:40:03-06:00" level=info msg="Tool required for debug" tool="arduino:avrdude@6.3.0-arduino17"
time="2024-04-10T16:40:03-06:00" level=info msg="Tool required for debug" tool="builtin:ctags@5.8-arduino11"
time="2024-04-10T16:40:03-06:00" level=info msg="Tool required for debug" tool="builtin:serial-discovery@1.4.0"
time="2024-04-10T16:40:03-06:00" level=info msg="Tool required for debug" tool="builtin:mdns-discovery@1.0.9"
time="2024-04-10T16:40:03-06:00" level=info msg="Tool required for debug" tool="builtin:serial-monitor@0.14.1"
time="2024-04-10T16:40:03-06:00" level=info msg="Tool required for debug" tool="builtin:dfu-discovery@0.1.2"
2024-04-10 16:40:03 2024-04-10T22:40:03.500Z root INFO [hosted-plugin: 46649] PLUGIN_HOST(46649): initializing(cortex-debug@1.5.1 with /home/nrv/Arduino/arduino-IDE/resources/app/lib/backend/plugin-vscode-init)
Debugger contribution has been registered: cortex-debug
PLUGIN_HOST(46649): initializing(vscode-arduino-tools@0.1.3 with /home/nrv/Arduino/arduino-IDE/resources/app/lib/backend/plugin-vscode-init)
PLUGIN_HOST(46649): initializing(cpp@1.52.1 with /home/nrv/Arduino/arduino-IDE/resources/app/lib/backend/plugin-vscode-init)
PLUGIN_HOST(46649): initializing(json@1.46.1 with /home/nrv/Arduino/arduino-IDE/resources/app/lib/backend/plugin-vscode-init)
PLUGIN_HOST(46649): initializing(json-language-features@1.46.1 with /home/nrv/Arduino/arduino-IDE/resources/app/lib/backend/plugin-vscode-init)
PLUGIN_HOST(46649): initializing(vscode-language-pack-bg@1.48.3 with /home/nrv/Arduino/arduino-IDE/resources/app/lib/backend/plugin-vscode-init)
PLUGIN_HOST(46649): initializing(vscode-language-pack-cs@1.80.0 with /home/nrv/Arduino/arduino-IDE/resources/app/lib/backend/plugin-vscode-init)
PLUGIN_HOST(46649): initializing(vscode-language-pack-de@1.80.0 with /home/nrv/Arduino/arduino-IDE/resources/app/lib/backend/plugin-vscode-init)
PLUGIN_HOST(46649): initializing(vscode-language-pack-es@1.80.0 with /home/nrv/Arduino/arduino-IDE/resources/app/lib/backend/plugin-vscode-init)
PLUGIN_HOST(46649): initializing(vscode-language-pack-fr@1.80.0 with /home/nrv/Arduino/arduino-IDE/resources/app/lib/backend/plugin-vscode-init)
PLUGIN_HOST(46649): initializing(vscode-language-pack-hu@1.48.3 with /home/nrv/Arduino/arduino-IDE/resources/app/lib/backend/plugin-vscode-init)
PLUGIN_HOST(46649): initializing(vscode-language-pack-it@1.80.0 with /home/nrv/Arduino/arduino-IDE/resources/app/lib/backend/plugin-vscode-init)
PLUGIN_HOST(46649): initializing(vscode-language-pack-ja@1.80.0 with /home/nrv/Arduino/arduino-IDE/resources/app/lib/backend/plugin-vscode-init)
PLUGIN_HOST(46649): initializing(vscode-language-pack-ko@1.80.0 with /home/nrv/Arduino/arduino-IDE/resources/app/lib/backend/plugin-vscode-init)
PLUGIN_HOST(46649): initializing(vscode-language-pack-nl@1.48.3 with /home/nrv/Arduino/arduino-IDE/resources/app/lib/backend/plugin-vscode-init)
PLUGIN_HOST(46649): initializing(vscode-language-pack-pl@1.80.0 with /home/nrv/Arduino/arduino-IDE/resources/app/lib/backend/plugin-vscode-init)
PLUGIN_HOST(46649): initializing(vscode-language-pack-pt-BR@1.80.0 with /home/nrv/Arduino/arduino-IDE/resources/app/lib/backend/plugin-vscode-init)
PLUGIN_HOST(46649): initializing(vscode-language-pack-ru@1.80.0 with /home/nrv/Arduino/arduino-IDE/resources/app/lib/backend/plugin-vscode-init)
PLUGIN_HOST(46649): initializing(vscode-language-pack-tr@1.80.0 with /home/nrv/Arduino/arduino-IDE/resources/app/lib/backend/plugin-vscode-init)
PLUGIN_HOST(46649): initializing(vscode-language-pack-uk@1.48.3 with /home/nrv/Arduino/arduino-IDE/resources/app/lib/backend/plugin-vscode-init)
PLUGIN_HOST(46649): initializing(vscode-language-pack-zh-hans@1.80.0 with /home/nrv/Arduino/arduino-IDE/resources/app/lib/backend/plugin-vscode-init)
PLUGIN_HOST(46649): initializing(vscode-language-pack-zh-hant@1.80.0 with /home/nrv/Arduino/arduino-IDE/resources/app/lib/backend/plugin-vscode-init)
2024-04-10 16:40:03 2024-04-10T22:40:03.754Z root INFO [hosted-plugin: 46649] PLUGIN_HOST(46649): PluginManagerExtImpl/loadPlugin(/home/nrv/Arduino/arduino-IDE/resources/app/plugins/vscode-arduino-api/extension/dist/extension.js)
calling activation function on Arduino IDE API for VS Code extensions
2024-04-10 16:40:03 Update for version 2.3.2 is not available (latest version: 2.3.2, downgrade is allowed).
2024-04-10 16:40:04 2024-04-10T22:40:04.307Z root INFO [hosted-plugin: 46649] PLUGIN_HOST(46649): PluginManagerExtImpl/loadPlugin(/home/nrv/Arduino/arduino-IDE/resources/app/plugins/vscode-builtin-json-language-features/extension/client/dist/jsonMain)
calling activation function on JSON Language Features (built-in)
2024-04-10 16:40:04 2024-04-10T22:40:04.484Z root INFO [hosted-plugin: 46649] PLUGIN_HOST(46649): PluginManagerExtImpl/loadPlugin(/home/nrv/Arduino/arduino-IDE/resources/app/plugins/vscode-arduino-tools/extension/dist/extension.js)
2024-04-10 16:40:04 2024-04-10T22:40:04.504Z root INFO [hosted-plugin: 46649] calling activation function on VS Code Arduino Tools
2024-04-10 16:40:04 2024-04-10T22:40:04.516Z root INFO [0aa903cd-da86-4c05-9838-28ed0ee15e36] Starting plugins.
2024-04-10 16:40:04 2024-04-10T22:40:04.870Z root ERROR ---- !!!SLOW!!! DURATION: search took 2015.103 ms. Args: [{"type":"Updatable"}] ----
2024-04-10 16:40:04 2024-04-10T22:40:04.873Z root INFO [hosted-plugin: 46649] PLUGIN_HOST(46649): PluginManagerExtImpl/loadPlugin(/home/nrv/Arduino/arduino-IDE/resources/app/plugins/cortex-debug/extension/dist/extension.js)
2024-04-10 16:40:04 2024-04-10T22:40:04.932Z root INFO [hosted-plugin: 46649] Debug configuration provider has been registered: cortex-debug, trigger: 1
2024-04-10 16:40:04 2024-04-10T22:40:04.933Z root INFO [hosted-plugin: 46649] calling activation function on Cortex-Debug
2024-04-10 16:40:04 2024-04-10T22:40:04.937Z root INFO [hosted-plugin: 46649] GDB server console created
2024-04-10 16:40:04 2024-04-10T22:40:04.950Z root INFO [0aa903cd-da86-4c05-9838-28ed0ee15e36] Start of 23 plugins: 3460.0 ms [Finished 7.967 s after frontend start]
2024-04-10 16:40:04 2024-04-10T22:40:04.983Z root INFO Starting language server: arduino:avr:uno
2024-04-10 16:40:05 2024-04-10T22:40:05.034Z daemon INFO time="2024-04-10T16:40:05-06:00" level=info msg="Adding libraries dir" dir=/home/nrv/.arduino15/libraries location=ide
2024-04-10 16:40:05 2024-04-10T22:40:05.034Z daemon INFO time="2024-04-10T16:40:05-06:00" level=info msg="Adding libraries dir" dir=/home/nrv/.arduino15/packages/arduino/hardware/avr/1.8.6/libraries location=platform
time="2024-04-10T16:40:05-06:00" level=info msg="Adding libraries dir" dir=/home/nrv/Arduino/libraries location=user
2024-04-10 16:40:05 2024-04-10T22:40:05.064Z daemon INFO time="2024-04-10T16:40:05-06:00" level=info msg="Resolving include LiquidCrystal.h for arch avr"
2024-04-10 16:40:05 2024-04-10T22:40:05.064Z daemon INFO time="2024-04-10T16:40:05-06:00" level=info msg="  found better lib" lib=LiquidCrystal prio=6A4
time="2024-04-10T16:40:05-06:00" level=info msg="  found better lib" lib=LiquidCrystal prio=6A7
2024-04-10 16:40:05 2024-04-10T22:40:05.403Z daemon INFO time="2024-04-10T16:40:05-06:00" level=info msg="Adding libraries dir" dir=/home/nrv/.arduino15/libraries location=ide
time="2024-04-10T16:40:05-06:00" level=info msg="Adding libraries dir" dir=/home/nrv/.arduino15/packages/arduino/hardware/avr/1.8.6/libraries location=platform
2024-04-10 16:40:05 2024-04-10T22:40:05.403Z daemon INFO time="2024-04-10T16:40:05-06:00" level=info msg="Adding libraries dir" dir=/home/nrv/Arduino/libraries location=user
2024-04-10 16:40:09 2024-04-10T22:40:09.921Z daemon INFO time="2024-04-10T16:40:09-06:00" level=info msg="Starting monitor process" monitor=serial-monitor
2024-04-10 16:40:09 2024-04-10T22:40:09.923Z daemon INFO time="2024-04-10T16:40:09-06:00" level=info msg="Monitor process started successfully!" monitor=serial-monitor
time="2024-04-10T16:40:09-06:00" level=info msg="sending command" command="HELLO 1 \"arduino-cli 0.35.3\"" monitor=serial-monitor
2024-04-10 16:40:09 2024-04-10T22:40:09.930Z daemon INFO time="2024-04-10T16:40:09-06:00" level=info msg="received message" error=false event_type=hello message=OK monitor=serial-monitor
time="2024-04-10T16:40:09-06:00" level=info msg="sending command" command=DESCRIBE monitor=serial-monitor
2024-04-10 16:40:09 2024-04-10T22:40:09.930Z daemon INFO time="2024-04-10T16:40:09-06:00" level=info msg="received message" error=false event_type=describe message=OK monitor=serial-monitor
2024-04-10 16:40:09 2024-04-10T22:40:09.930Z daemon INFO time="2024-04-10T16:40:09-06:00" level=info msg="sending command" command=QUIT monitor=serial-monitor
2024-04-10 16:40:09 2024-04-10T22:40:09.930Z daemon INFO time="2024-04-10T16:40:09-06:00" level=info msg="received message" error=false event_type=quit message=OK monitor=serial-monitor
time="2024-04-10T16:40:09-06:00" level=info msg="Killing monitor process" monitor=serial-monitor
2024-04-10 16:40:09 2024-04-10T22:40:09.931Z daemon INFO time="2024-04-10T16:40:09-06:00" level=error msg="stopped decode loop: EOF" monitor=serial-monitor
time="2024-04-10T16:40:09-06:00" level=info msg="Monitor process killed" monitor=serial-monitor
2024-04-10 16:40:10 2024-04-10T22:40:10.006Z monitor-service INFO starting monitor
2024-04-10 16:40:10 2024-04-10T22:40:10.008Z daemon INFO time="2024-04-10T16:40:10-06:00" level=info msg="Starting monitor process" monitor=serial-monitor
2024-04-10 16:40:10 2024-04-10T22:40:10.008Z daemon INFO time="2024-04-10T16:40:10-06:00" level=info msg="Monitor process started successfully!" monitor=serial-monitor
time="2024-04-10T16:40:10-06:00" level=info msg="sending command" command="HELLO 1 \"arduino-cli 0.35.3\"" monitor=serial-monitor
2024-04-10 16:40:10 2024-04-10T22:40:10.010Z daemon INFO time="2024-04-10T16:40:10-06:00" level=info msg="received message" error=false event_type=hello message=OK monitor=serial-monitor
2024-04-10 16:40:10 2024-04-10T22:40:10.010Z daemon INFO time="2024-04-10T16:40:10-06:00" level=info msg="sending command" command=DESCRIBE monitor=serial-monitor
2024-04-10 16:40:10 2024-04-10T22:40:10.010Z daemon INFO time="2024-04-10T16:40:10-06:00" level=info msg="received message" error=false event_type=describe message=OK monitor=serial-monitor
2024-04-10 16:40:10 2024-04-10T22:40:10.010Z daemon INFO time="2024-04-10T16:40:10-06:00" level=info msg="sending command" command=QUIT monitor=serial-monitor
time="2024-04-10T16:40:10-06:00" level=info msg="received message" error=false event_type=quit message=OK monitor=serial-monitor
2024-04-10 16:40:10 2024-04-10T22:40:10.010Z daemon INFO time="2024-04-10T16:40:10-06:00" level=info msg="Killing monitor process" monitor=serial-monitor
2024-04-10 16:40:10 2024-04-10T22:40:10.011Z daemon INFO time="2024-04-10T16:40:10-06:00" level=error msg="stopped decode loop: EOF" monitor=serial-monitor
time="2024-04-10T16:40:10-06:00" level=info msg="Monitor process killed" monitor=serial-monitor
2024-04-10 16:40:10 2024-04-10T22:40:10.021Z daemon INFO time="2024-04-10T16:40:10-06:00" level=info msg="Starting monitor process" monitor=serial-monitor
2024-04-10 16:40:10 2024-04-10T22:40:10.022Z daemon INFO time="2024-04-10T16:40:10-06:00" level=info msg="Monitor process started successfully!" monitor=serial-monitor
time="2024-04-10T16:40:10-06:00" level=info msg="sending command" command="HELLO 1 \"arduino-cli 0.35.3\"" monitor=serial-monitor
2024-04-10 16:40:10 2024-04-10T22:40:10.024Z daemon INFO time="2024-04-10T16:40:10-06:00" level=info msg="received message" error=false event_type=hello message=OK monitor=serial-monitor
time="2024-04-10T16:40:10-06:00" level=info msg="sending command" command=DESCRIBE monitor=serial-monitor
2024-04-10 16:40:10 2024-04-10T22:40:10.024Z daemon INFO time="2024-04-10T16:40:10-06:00" level=info msg="received message" error=false event_type=describe message=OK monitor=serial-monitor
2024-04-10 16:40:10 2024-04-10T22:40:10.024Z daemon INFO time="2024-04-10T16:40:10-06:00" level=info msg="sending command" command="CONFIGURE rts on" monitor=serial-monitor
2024-04-10 16:40:10 2024-04-10T22:40:10.024Z daemon INFO time="2024-04-10T16:40:10-06:00" level=info msg="received message" error=false event_type=configure message=OK monitor=serial-monitor
2024-04-10 16:40:10 2024-04-10T22:40:10.024Z daemon INFO time="2024-04-10T16:40:10-06:00" level=info msg="sending command" command="CONFIGURE stop_bits 1" monitor=serial-monitor
2024-04-10 16:40:10 2024-04-10T22:40:10.025Z daemon INFO time="2024-04-10T16:40:10-06:00" level=info msg="received message" error=false event_type=configure message=OK monitor=serial-monitor
2024-04-10 16:40:10 2024-04-10T22:40:10.025Z daemon INFO time="2024-04-10T16:40:10-06:00" level=info msg="sending command" command="CONFIGURE baudrate 115200" monitor=serial-monitor
2024-04-10 16:40:10 2024-04-10T22:40:10.025Z daemon INFO time="2024-04-10T16:40:10-06:00" level=info msg="received message" error=false event_type=configure message=OK monitor=serial-monitor
2024-04-10 16:40:10 2024-04-10T22:40:10.025Z daemon INFO time="2024-04-10T16:40:10-06:00" level=info msg="sending command" command="CONFIGURE bits 8" monitor=serial-monitor
2024-04-10 16:40:10 2024-04-10T22:40:10.025Z daemon INFO time="2024-04-10T16:40:10-06:00" level=info msg="received message" error=false event_type=configure message=OK monitor=serial-monitor
2024-04-10 16:40:10 2024-04-10T22:40:10.025Z daemon INFO time="2024-04-10T16:40:10-06:00" level=info msg="sending command" command="CONFIGURE dtr on" monitor=serial-monitor
2024-04-10 16:40:10 2024-04-10T22:40:10.025Z daemon INFO time="2024-04-10T16:40:10-06:00" level=info msg="received message" error=false event_type=configure message=OK monitor=serial-monitor
time="2024-04-10T16:40:10-06:00" level=info msg="sending command" command="CONFIGURE parity none" monitor=serial-monitor
2024-04-10 16:40:10 2024-04-10T22:40:10.025Z daemon INFO time="2024-04-10T16:40:10-06:00" level=info msg="received message" error=false event_type=configure message=OK monitor=serial-monitor
2024-04-10 16:40:10 2024-04-10T22:40:10.025Z daemon INFO time="2024-04-10T16:40:10-06:00" level=info msg="sending command" command="OPEN 127.0.0.1:32877 /dev/ttyACM0" monitor=serial-monitor
2024-04-10 16:40:10 2024-04-10T22:40:10.027Z daemon INFO time="2024-04-10T16:40:10-06:00" level=info msg="received message" error=false event_type=open message=OK monitor=serial-monitor
2024-04-10 16:40:10 2024-04-10T22:40:10.027Z daemon INFO time="2024-04-10T16:40:10-06:00" level=info msg="Port /dev/ttyACM0 successfully opened"
2024-04-10 16:40:10 2024-04-10T22:40:10.030Z monitor-service INFO Using port configuration for serial:/dev/ttyACM0: {"settingsList":[{"settingId":"rts","value":"on"},{"settingId":"stop_bits","value":"1"},{"settingId":"baudrate","value":"115200"},{"settingId":"bits","value":"8"},{"settingId":"dtr","value":"on"},{"settingId":"parity","value":"none"}]}
2024-04-10 16:40:10 2024-04-10T22:40:10.030Z monitor-service INFO started monitor to /dev/ttyACM0 using serial
2024-04-10 16:40:10 2024-04-10T22:40:10.057Z monitor-service INFO No port configuration changes have been detected. No need to send configure commands to the running monitor serial:/dev/ttyACM0.
2024-04-10 16:40:21 2024-04-10T22:40:21.750Z daemon INFO time="2024-04-10T16:40:21-06:00" level=info msg="Adding libraries dir" dir=/home/nrv/.arduino15/libraries location=ide
2024-04-10 16:40:21 2024-04-10T22:40:21.751Z daemon INFO time="2024-04-10T16:40:21-06:00" level=info msg="Adding libraries dir" dir=/home/nrv/.arduino15/packages/arduino/hardware/avr/1.8.6/libraries location=platform
time="2024-04-10T16:40:21-06:00" level=info msg="Adding libraries dir" dir=/home/nrv/Arduino/libraries location=user
2024-04-10 16:40:21 2024-04-10T22:40:21.785Z daemon INFO time="2024-04-10T16:40:21-06:00" level=info msg="Resolving include LiquidCrystal.h for arch avr"
time="2024-04-10T16:40:21-06:00" level=info msg="  found better lib" lib=LiquidCrystal prio=6A4
time="2024-04-10T16:40:21-06:00" level=info msg="  found better lib" lib=LiquidCrystal prio=6A7
2024-04-10 16:40:22 2024-04-10T22:40:22.138Z root INFO Executing 'arduino.languageserver.notifyBuildDidComplete' with "file:///tmp/arduino/sketches/9FCFF56E6A5A904956600127FFE7DC2E"
2024-04-10 16:40:22 2024-04-10T22:40:22.216Z daemon INFO time="2024-04-10T16:40:22-06:00" level=info msg="Tool required for debug" tool="arduino:arduinoOTA@1.3.0"
time="2024-04-10T16:40:22-06:00" level=info msg="Tool required for debug" tool="arduino:avr-gcc@7.3.0-atmel3.6.1-arduino7"
2024-04-10 16:40:22 2024-04-10T22:40:22.216Z daemon INFO time="2024-04-10T16:40:22-06:00" level=info msg="Tool required for debug" tool="arduino:avrdude@6.3.0-arduino17"
time="2024-04-10T16:40:22-06:00" level=info msg="Tool required for debug" tool="builtin:dfu-discovery@0.1.2"
time="2024-04-10T16:40:22-06:00" level=info msg="Tool required for debug" tool="builtin:ctags@5.8-arduino11"
time="2024-04-10T16:40:22-06:00" level=info msg="Tool required for debug" tool="builtin:serial-discovery@1.4.0"
time="2024-04-10T16:40:22-06:00" level=info msg="Tool required for debug" tool="builtin:mdns-discovery@1.0.9"
time="2024-04-10T16:40:22-06:00" level=info msg="Tool required for debug" tool="builtin:serial-monitor@0.14.1"
2024-04-10 16:40:22 2024-04-10T22:40:22.217Z root ERROR Failed to get debug config: arduino:avr:uno, undefined Error: Debugging is not supported.
    at Object.callback (/home/nrv/Arduino/arduino-IDE/resources/app/lib/backend/main.js:2:81196)
    at Object.onReceiveStatus (/home/nrv/Arduino/arduino-IDE/resources/app/lib/backend/main.js:2:788562)
    at Object.onReceiveStatus (/home/nrv/Arduino/arduino-IDE/resources/app/lib/backend/main.js:2:784513)
    at Object.onReceiveStatus (/home/nrv/Arduino/arduino-IDE/resources/app/lib/backend/main.js:2:783958)
    at /home/nrv/Arduino/arduino-IDE/resources/app/lib/backend/main.js:2:870080
    at process.processTicksAndRejections (node:internal/process/task_queues:77:11)
2024-04-10 16:40:22 2024-04-10T22:40:22.218Z root ERROR Request checkDebugEnabled failed with error: Debugging is not supported. Error: Debugging is not supported.
    at Object.callback (/home/nrv/Arduino/arduino-IDE/resources/app/lib/backend/main.js:2:81196)
    at Object.onReceiveStatus (/home/nrv/Arduino/arduino-IDE/resources/app/lib/backend/main.js:2:788562)
    at Object.onReceiveStatus (/home/nrv/Arduino/arduino-IDE/resources/app/lib/backend/main.js:2:784513)
    at Object.onReceiveStatus (/home/nrv/Arduino/arduino-IDE/resources/app/lib/backend/main.js:2:783958)
    at /home/nrv/Arduino/arduino-IDE/resources/app/lib/backend/main.js:2:870080
    at process.processTicksAndRejections (node:internal/process/task_queues:77:11)
2024-04-10 16:40:23 2024-04-10T22:40:23.182Z daemon INFO time="2024-04-10T16:40:23-06:00" level=info msg="Adding libraries dir" dir=/home/nrv/.arduino15/libraries location=ide
time="2024-04-10T16:40:23-06:00" level=info msg="Adding libraries dir" dir=/home/nrv/.arduino15/packages/arduino/hardware/avr/1.8.6/libraries location=platform
2024-04-10 16:40:23 2024-04-10T22:40:23.182Z daemon INFO time="2024-04-10T16:40:23-06:00" level=info msg="Adding libraries dir" dir=/home/nrv/Arduino/libraries location=user
2024-04-10 16:40:49 isTempSketch: false. Input was /home/nrv/dev/NicLink/arduino_chess_clock/chess_clock
2024-04-10 16:40:49 Marking workspace as a closed sketch. Workspace URI: file:///home/nrv/dev/NicLink/arduino_chess_clock/chess_clock. Date: 1712788849840.
2024-04-10 16:40:49 isTempSketch: false. Input was /home/nrv/dev/NicLink/arduino_chess_clock/chess_clock
2024-04-10 16:40:49 Marking workspace as a closed sketch. Workspace URI: file:///home/nrv/dev/NicLink/arduino_chess_clock/chess_clock. Date: 1712788849845.
2024-04-10 16:40:49 Closing channel on service path '/services/electron-window'.
2024-04-10 16:40:49 Closing channel on service path '/services/ide-updater'.
2024-04-10 16:40:49 Storing the sketch as a workspace root: </home/nrv/dev/NicLink/arduino_chess_clock/chess_clock>.
2024-04-10 16:40:49 Skipped storing sketch as workspace root. Already visited: </home/nrv/dev/NicLink/arduino_chess_clock/chess_clock>.
2024-04-10 16:40:49 Stored workspaces roots: /home/nrv/dev/NicLink/arduino_chess_clock/chess_clock
2024-04-10 16:40:49 No sketches were scheduled for deletion.
